2020-12-04 02:00:25.668.HikariPool-1 housekeeper> DEBUG T[] U[] - HikariPool-1 - Pool stats (total=50, active=0, idle=50, waiting=0)
2020-12-04 02:00:55.722.HikariPool-1 housekeeper> DEBUG T[] U[] - HikariPool-1 - Pool stats (total=50, active=0, idle=50, waiting=0)
2020-12-04 02:01:25.726.HikariPool-1 housekeeper> DEBUG T[] U[] - HikariPool-1 - Pool stats (total=50, active=0, idle=50, waiting=0)
2020-12-04 02:01:30.448.Thread-32> INFO  T[] U[] - HikariPool-1 - Shutdown initiated...
2020-12-04 02:01:30.449.Thread-32> DEBUG T[] U[] - HikariPool-1 - Before shutdown stats (total=50, active=0, idle=50, waiting=0)
2020-12-04 02:01:30.454.HikariPool-1 connection closer> DEBUG T[] U[] - HikariPool-1 - Closing connection oracle.jdbc.driver.T4CConnection@71ba556: (connection evicted)
2020-12-04 02:01:30.505.HikariPool-1 connection closer> DEBUG T[] U[] - HikariPool-1 - Closing connection oracle.jdbc.driver.T4CConnection@c48c195: (connection evicted)
2020-12-04 02:01:30.518.HikariPool-1 connection closer> DEBUG T[] U[] - HikariPool-1 - Closing connection oracle.jdbc.driver.T4CConnection@367c3f2b: (connection evicted)
2020-12-04 02:01:30.527.HikariPool-1 connection closer> DEBUG T[] U[] - HikariPool-1 - Closing connection oracle.jdbc.driver.T4CConnection@2d5a34e1: (connection evicted)
2020-12-04 02:01:30.533.HikariPool-1 connection closer> DEBUG T[] U[] - HikariPool-1 - Closing connection oracle.jdbc.driver.T4CConnection@5515a675: (connection evicted)
2020-12-04 02:01:30.543.HikariPool-1 connection closer> DEBUG T[] U[] - HikariPool-1 - Closing connection oracle.jdbc.driver.T4CConnection@35fae973: (connection evicted)
2020-12-04 02:01:30.558.HikariPool-1 connection closer> DEBUG T[] U[] - HikariPool-1 - Closing connection oracle.jdbc.driver.T4CConnection@166512e0: (connection evicted)
2020-12-04 02:01:30.581.HikariPool-1 connection closer> DEBUG T[] U[] - HikariPool-1 - Closing connection oracle.jdbc.driver.T4CConnection@4c3c3f13: (connection evicted)
2020-12-04 02:01:30.594.HikariPool-1 connection closer> DEBUG T[] U[] - HikariPool-1 - Closing connection oracle.jdbc.driver.T4CConnection@e3c66fe: (connection evicted)
2020-12-04 02:01:30.603.HikariPool-1 connection closer> DEBUG T[] U[] - HikariPool-1 - Closing connection oracle.jdbc.driver.T4CConnection@4d00b8c2: (connection evicted)
2020-12-04 02:01:30.610.HikariPool-1 connection closer> DEBUG T[] U[] - HikariPool-1 - Closing connection oracle.jdbc.driver.T4CConnection@6d1364ee: (connection evicted)
2020-12-04 02:01:30.617.HikariPool-1 connection closer> DEBUG T[] U[] - HikariPool-1 - Closing connection oracle.jdbc.driver.T4CConnection@7af74198: (connection evicted)
2020-12-04 02:01:30.629.HikariPool-1 connection closer> DEBUG T[] U[] - HikariPool-1 - Closing connection oracle.jdbc.driver.T4CConnection@22fa4082: (connection evicted)
2020-12-04 02:01:30.638.HikariPool-1 connection closer> DEBUG T[] U[] - HikariPool-1 - Closing connection oracle.jdbc.driver.T4CConnection@633d6d85: (connection evicted)
2020-12-04 02:01:30.650.HikariPool-1 connection closer> DEBUG T[] U[] - HikariPool-1 - Closing connection oracle.jdbc.driver.T4CConnection@2fc01093: (connection evicted)
2020-12-04 02:01:30.656.HikariPool-1 connection closer> DEBUG T[] U[] - HikariPool-1 - Closing connection oracle.jdbc.driver.T4CConnection@6c1d5df1: (connection evicted)
2020-12-04 02:01:30.670.HikariPool-1 connection closer> DEBUG T[] U[] - HikariPool-1 - Closing connection oracle.jdbc.driver.T4CConnection@1d596746: (connection evicted)
2020-12-04 02:01:30.679.HikariPool-1 connection closer> DEBUG T[] U[] - HikariPool-1 - Closing connection oracle.jdbc.driver.T4CConnection@4c1d31fb: (connection evicted)
2020-12-04 02:01:30.685.HikariPool-1 connection closer> DEBUG T[] U[] - HikariPool-1 - Closing connection oracle.jdbc.driver.T4CConnection@33d7a53f: (connection evicted)
2020-12-04 02:01:30.701.HikariPool-1 connection closer> DEBUG T[] U[] - HikariPool-1 - Closing connection oracle.jdbc.driver.T4CConnection@3e701808: (connection evicted)
2020-12-04 02:01:30.714.HikariPool-1 connection closer> DEBUG T[] U[] - HikariPool-1 - Closing connection oracle.jdbc.driver.T4CConnection@622c45c6: (connection evicted)
2020-12-04 02:01:30.742.HikariPool-1 connection closer> DEBUG T[] U[] - HikariPool-1 - Closing connection oracle.jdbc.driver.T4CConnection@5ab7c822: (connection evicted)
2020-12-04 02:01:30.748.HikariPool-1 connection closer> DEBUG T[] U[] - HikariPool-1 - Closing connection oracle.jdbc.driver.T4CConnection@68427a55: (connection evicted)
2020-12-04 02:01:30.757.HikariPool-1 connection closer> DEBUG T[] U[] - HikariPool-1 - Closing connection oracle.jdbc.driver.T4CConnection@6925a989: (connection evicted)
2020-12-04 02:01:30.762.HikariPool-1 connection closer> DEBUG T[] U[] - HikariPool-1 - Closing connection oracle.jdbc.driver.T4CConnection@418f73af: (connection evicted)
2020-12-04 02:01:30.770.HikariPool-1 connection closer> DEBUG T[] U[] - HikariPool-1 - Closing connection oracle.jdbc.driver.T4CConnection@14541ecc: (connection evicted)
2020-12-04 02:01:30.782.HikariPool-1 connection closer> DEBUG T[] U[] - HikariPool-1 - Closing connection oracle.jdbc.driver.T4CConnection@19185d96: (connection evicted)
2020-12-04 02:01:30.787.HikariPool-1 connection closer> DEBUG T[] U[] - HikariPool-1 - Closing connection oracle.jdbc.driver.T4CConnection@44934415: (connection evicted)
2020-12-04 02:01:30.797.HikariPool-1 connection closer> DEBUG T[] U[] - HikariPool-1 - Closing connection oracle.jdbc.driver.T4CConnection@3b9f2a61: (connection evicted)
2020-12-04 02:01:30.804.HikariPool-1 connection closer> DEBUG T[] U[] - HikariPool-1 - Closing connection oracle.jdbc.driver.T4CConnection@16b67fb: (connection evicted)
2020-12-04 02:01:30.813.HikariPool-1 connection closer> DEBUG T[] U[] - HikariPool-1 - Closing connection oracle.jdbc.driver.T4CConnection@4bd4acb2: (connection evicted)
2020-12-04 02:01:30.823.HikariPool-1 connection closer> DEBUG T[] U[] - HikariPool-1 - Closing connection oracle.jdbc.driver.T4CConnection@7d98d2e6: (connection evicted)
2020-12-04 02:01:30.830.HikariPool-1 connection closer> DEBUG T[] U[] - HikariPool-1 - Closing connection oracle.jdbc.driver.T4CConnection@480e38cb: (connection evicted)
2020-12-04 02:01:30.836.HikariPool-1 connection closer> DEBUG T[] U[] - HikariPool-1 - Closing connection oracle.jdbc.driver.T4CConnection@5ceef07b: (connection evicted)
2020-12-04 02:01:30.843.HikariPool-1 connection closer> DEBUG T[] U[] - HikariPool-1 - Closing connection oracle.jdbc.driver.T4CConnection@e2571b1: (connection evicted)
2020-12-04 02:01:30.848.HikariPool-1 connection closer> DEBUG T[] U[] - HikariPool-1 - Closing connection oracle.jdbc.driver.T4CConnection@4b925d60: (connection evicted)
2020-12-04 02:01:30.854.HikariPool-1 connection closer> DEBUG T[] U[] - HikariPool-1 - Closing connection oracle.jdbc.driver.T4CConnection@201db4e4: (connection evicted)
2020-12-04 02:01:30.860.HikariPool-1 connection closer> DEBUG T[] U[] - HikariPool-1 - Closing connection oracle.jdbc.driver.T4CConnection@73d6b52c: (connection evicted)
2020-12-04 02:01:30.866.HikariPool-1 connection closer> DEBUG T[] U[] - HikariPool-1 - Closing connection oracle.jdbc.driver.T4CConnection@33f27680: (connection evicted)
2020-12-04 02:01:30.870.HikariPool-1 connection closer> DEBUG T[] U[] - HikariPool-1 - Closing connection oracle.jdbc.driver.T4CConnection@12608802: (connection evicted)
2020-12-04 02:01:30.876.HikariPool-1 connection closer> DEBUG T[] U[] - HikariPool-1 - Closing connection oracle.jdbc.driver.T4CConnection@55c2ef07: (connection evicted)
2020-12-04 02:01:30.881.HikariPool-1 connection closer> DEBUG T[] U[] - HikariPool-1 - Closing connection oracle.jdbc.driver.T4CConnection@6f15572d: (connection evicted)
2020-12-04 02:01:30.886.HikariPool-1 connection closer> DEBUG T[] U[] - HikariPool-1 - Closing connection oracle.jdbc.driver.T4CConnection@f96a3dd: (connection evicted)
2020-12-04 02:01:30.891.HikariPool-1 connection closer> DEBUG T[] U[] - HikariPool-1 - Closing connection oracle.jdbc.driver.T4CConnection@486e2f47: (connection evicted)
2020-12-04 02:01:30.896.HikariPool-1 connection closer> DEBUG T[] U[] - HikariPool-1 - Closing connection oracle.jdbc.driver.T4CConnection@3e1d8540: (connection evicted)
2020-12-04 02:01:30.901.HikariPool-1 connection closer> DEBUG T[] U[] - HikariPool-1 - Closing connection oracle.jdbc.driver.T4CConnection@1d621299: (connection evicted)
2020-12-04 02:01:30.905.HikariPool-1 connection closer> DEBUG T[] U[] - HikariPool-1 - Closing connection oracle.jdbc.driver.T4CConnection@61776227: (connection evicted)
2020-12-04 02:01:30.910.HikariPool-1 connection closer> DEBUG T[] U[] - HikariPool-1 - Closing connection oracle.jdbc.driver.T4CConnection@22e6e53: (connection evicted)
2020-12-04 02:01:30.915.HikariPool-1 connection closer> DEBUG T[] U[] - HikariPool-1 - Closing connection oracle.jdbc.driver.T4CConnection@7b69bddd: (connection evicted)
2020-12-04 02:01:30.920.HikariPool-1 connection closer> DEBUG T[] U[] - HikariPool-1 - Closing connection oracle.jdbc.driver.T4CConnection@e47cc1: (connection evicted)
2020-12-04 02:01:30.926.Thread-32> DEBUG T[] U[] - HikariPool-1 - After shutdown stats (total=0, active=0, idle=0, waiting=0)
2020-12-04 02:01:30.927.Thread-32> INFO  T[] U[] - HikariPool-1 - Shutdown completed.
2020-12-04 02:01:30.940.Thread-32> INFO  T[] U[] - Destroying Spring FrameworkServlet 'dispatcherServlet'
2020-12-04 02:01:30.950.Thread-32> DEBUG T[] U[] - stopping undertow server io.undertow.Undertow@3607d63e
2020-12-04 02:01:45.956.restartedMain> INFO  T[] U[] - Starting KotlinProjectKt on dyshin.local with PID 22459 (/Users/dongyoun_shin/IdeaProjects/KotlinStudy/build/classes/kotlin/main started by dongyoun_shin in /Users/dongyoun_shin/IdeaProjects/KotlinStudy)
2020-12-04 02:01:45.960.restartedMain> DEBUG T[] U[] - Running with Spring Boot v2.1.8.RELEASE, Spring v5.1.9.RELEASE
2020-12-04 02:01:45.961.restartedMain> INFO  T[] U[] - No active profile set, falling back to default profiles: default
2020-12-04 02:01:49.646.restartedMain> WARN  T[] U[] - UT026010: Buffer pool was not set on WebSocketDeploymentInfo, the default pool will be used
2020-12-04 02:01:49.661.restartedMain> DEBUG T[] U[] - Setting default session timeout to 1800
2020-12-04 02:01:49.671.restartedMain> INFO  T[] U[] - Initializing Spring embedded WebApplicationContext
2020-12-04 02:01:50.167.restartedMain> DEBUG T[] U[] - Driver class oracle.jdbc.OracleDriver found in Thread context class loader org.springframework.boot.devtools.restart.classloader.RestartClassLoader@106fcdfc
2020-12-04 02:01:50.189.restartedMain> WARN  T[] U[] - HikariPool-1 - leakDetectionThreshold is less than 2000ms or more than maxLifetime, disabling it.
2020-12-04 02:01:50.189.restartedMain> DEBUG T[] U[] - HikariPool-1 - configuration:
2020-12-04 02:01:50.191.restartedMain> DEBUG T[] U[] - allowPoolSuspension.............false
2020-12-04 02:01:50.191.restartedMain> DEBUG T[] U[] - autoCommit......................true
2020-12-04 02:01:50.191.restartedMain> DEBUG T[] U[] - catalog.........................none
2020-12-04 02:01:50.191.restartedMain> DEBUG T[] U[] - connectionInitSql...............none
2020-12-04 02:01:50.191.restartedMain> DEBUG T[] U[] - connectionTestQuery.............none
2020-12-04 02:01:50.191.restartedMain> DEBUG T[] U[] - connectionTimeout...............30000
2020-12-04 02:01:50.191.restartedMain> DEBUG T[] U[] - dataSource......................none
2020-12-04 02:01:50.191.restartedMain> DEBUG T[] U[] - dataSourceClassName.............none
2020-12-04 02:01:50.191.restartedMain> DEBUG T[] U[] - dataSourceJNDI..................none
2020-12-04 02:01:50.192.restartedMain> DEBUG T[] U[] - dataSourceProperties............{password=<masked>}
2020-12-04 02:01:50.192.restartedMain> DEBUG T[] U[] - driverClassName................."oracle.jdbc.OracleDriver"
2020-12-04 02:01:50.192.restartedMain> DEBUG T[] U[] - healthCheckProperties...........{}
2020-12-04 02:01:50.192.restartedMain> DEBUG T[] U[] - healthCheckRegistry.............none
2020-12-04 02:01:50.192.restartedMain> DEBUG T[] U[] - idleTimeout.....................600000
2020-12-04 02:01:50.192.restartedMain> DEBUG T[] U[] - initializationFailTimeout.......1
2020-12-04 02:01:50.192.restartedMain> DEBUG T[] U[] - isolateInternalQueries..........false
2020-12-04 02:01:50.192.restartedMain> DEBUG T[] U[] - jdbcUrl.........................jdbc:oracle:thin:@localhost:1521:XE
2020-12-04 02:01:50.192.restartedMain> DEBUG T[] U[] - leakDetectionThreshold..........0
2020-12-04 02:01:50.192.restartedMain> DEBUG T[] U[] - maxLifetime.....................1800000
2020-12-04 02:01:50.192.restartedMain> DEBUG T[] U[] - maximumPoolSize.................50
2020-12-04 02:01:50.193.restartedMain> DEBUG T[] U[] - metricRegistry..................none
2020-12-04 02:01:50.193.restartedMain> DEBUG T[] U[] - metricsTrackerFactory...........none
2020-12-04 02:01:50.193.restartedMain> DEBUG T[] U[] - minimumIdle.....................50
2020-12-04 02:01:50.193.restartedMain> DEBUG T[] U[] - password........................<masked>
2020-12-04 02:01:50.193.restartedMain> DEBUG T[] U[] - poolName........................"HikariPool-1"
2020-12-04 02:01:50.193.restartedMain> DEBUG T[] U[] - readOnly........................false
2020-12-04 02:01:50.193.restartedMain> DEBUG T[] U[] - registerMbeans..................false
2020-12-04 02:01:50.193.restartedMain> DEBUG T[] U[] - scheduledExecutor...............none
2020-12-04 02:01:50.193.restartedMain> DEBUG T[] U[] - schema..........................none
2020-12-04 02:01:50.193.restartedMain> DEBUG T[] U[] - threadFactory...................internal
2020-12-04 02:01:50.193.restartedMain> DEBUG T[] U[] - transactionIsolation............default
2020-12-04 02:01:50.193.restartedMain> DEBUG T[] U[] - username........................"springboot"
2020-12-04 02:01:50.193.restartedMain> DEBUG T[] U[] - validationTimeout...............10000
2020-12-04 02:01:50.194.restartedMain> INFO  T[] U[] - HikariPool-1 - Starting...
2020-12-04 02:01:50.488.restartedMain> DEBUG T[] U[] - HikariPool-1 - Added connection oracle.jdbc.driver.T4CConnection@1cebf150
2020-12-04 02:01:50.490.restartedMain> INFO  T[] U[] - HikariPool-1 - Start completed.
2020-12-04 02:01:50.594.HikariPool-1 housekeeper> DEBUG T[] U[] - HikariPool-1 - Pool stats (total=1, active=0, idle=1, waiting=0)
2020-12-04 02:01:50.652.HikariPool-1 connection adder> DEBUG T[] U[] - HikariPool-1 - Added connection oracle.jdbc.driver.T4CConnection@3c51d193
2020-12-04 02:01:50.722.HikariPool-1 connection adder> DEBUG T[] U[] - HikariPool-1 - Added connection oracle.jdbc.driver.T4CConnection@7e343e05
2020-12-04 02:01:50.770.HikariPool-1 connection adder> DEBUG T[] U[] - HikariPool-1 - Added connection oracle.jdbc.driver.T4CConnection@1d4324e7
2020-12-04 02:01:50.824.HikariPool-1 connection adder> DEBUG T[] U[] - HikariPool-1 - Added connection oracle.jdbc.driver.T4CConnection@1dedb65b
2020-12-04 02:01:50.878.HikariPool-1 connection adder> DEBUG T[] U[] - HikariPool-1 - Added connection oracle.jdbc.driver.T4CConnection@18dff072
2020-12-04 02:01:50.944.HikariPool-1 connection adder> DEBUG T[] U[] - HikariPool-1 - Added connection oracle.jdbc.driver.T4CConnection@561a2c62
2020-12-04 02:01:51.002.HikariPool-1 connection adder> DEBUG T[] U[] - HikariPool-1 - Added connection oracle.jdbc.driver.T4CConnection@50bb01a9
2020-12-04 02:01:51.054.HikariPool-1 connection adder> DEBUG T[] U[] - HikariPool-1 - Added connection oracle.jdbc.driver.T4CConnection@5bf77185
2020-12-04 02:01:51.081.restartedMain> DEBUG T[] U[] - Registered session listener io.undertow.servlet.core.SessionListenerBridge@16c07332
2020-12-04 02:01:51.100.HikariPool-1 connection adder> DEBUG T[] U[] - HikariPool-1 - Added connection oracle.jdbc.driver.T4CConnection@13015cf
2020-12-04 02:01:51.117.restartedMain> DEBUG T[] U[] - Setting default session timeout to 1800
2020-12-04 02:01:51.149.HikariPool-1 connection adder> DEBUG T[] U[] - HikariPool-1 - Added connection oracle.jdbc.driver.T4CConnection@67d483c3
2020-12-04 02:01:51.198.HikariPool-1 connection adder> DEBUG T[] U[] - HikariPool-1 - Added connection oracle.jdbc.driver.T4CConnection@cdcbed5
2020-12-04 02:01:51.245.HikariPool-1 connection adder> DEBUG T[] U[] - HikariPool-1 - Added connection oracle.jdbc.driver.T4CConnection@2318c1de
2020-12-04 02:01:51.297.HikariPool-1 connection adder> DEBUG T[] U[] - HikariPool-1 - Added connection oracle.jdbc.driver.T4CConnection@6772cb99
2020-12-04 02:01:51.365.HikariPool-1 connection adder> DEBUG T[] U[] - HikariPool-1 - Added connection oracle.jdbc.driver.T4CConnection@31ccdb48
2020-12-04 02:01:51.421.HikariPool-1 connection adder> DEBUG T[] U[] - HikariPool-1 - Added connection oracle.jdbc.driver.T4CConnection@9c395f6
2020-12-04 02:01:51.474.HikariPool-1 connection adder> DEBUG T[] U[] - HikariPool-1 - Added connection oracle.jdbc.driver.T4CConnection@e77c99f
2020-12-04 02:01:51.520.HikariPool-1 connection adder> DEBUG T[] U[] - HikariPool-1 - Added connection oracle.jdbc.driver.T4CConnection@1450e07d
2020-12-04 02:01:51.567.HikariPool-1 connection adder> DEBUG T[] U[] - HikariPool-1 - Added connection oracle.jdbc.driver.T4CConnection@260c2b67
2020-12-04 02:01:51.621.HikariPool-1 connection adder> DEBUG T[] U[] - HikariPool-1 - Added connection oracle.jdbc.driver.T4CConnection@5823d89e
2020-12-04 02:01:51.672.HikariPool-1 connection adder> DEBUG T[] U[] - HikariPool-1 - Added connection oracle.jdbc.driver.T4CConnection@71c1ae56
2020-12-04 02:01:51.725.HikariPool-1 connection adder> DEBUG T[] U[] - HikariPool-1 - Added connection oracle.jdbc.driver.T4CConnection@14420ad
2020-12-04 02:01:51.779.HikariPool-1 connection adder> DEBUG T[] U[] - HikariPool-1 - Added connection oracle.jdbc.driver.T4CConnection@513bee8
2020-12-04 02:01:51.860.HikariPool-1 connection adder> DEBUG T[] U[] - HikariPool-1 - Added connection oracle.jdbc.driver.T4CConnection@44cf61cf
2020-12-04 02:01:51.913.HikariPool-1 connection adder> DEBUG T[] U[] - HikariPool-1 - Added connection oracle.jdbc.driver.T4CConnection@59d6317d
2020-12-04 02:01:51.972.HikariPool-1 connection adder> DEBUG T[] U[] - HikariPool-1 - Added connection oracle.jdbc.driver.T4CConnection@2a44f1b1
2020-12-04 02:01:52.029.HikariPool-1 connection adder> DEBUG T[] U[] - HikariPool-1 - Added connection oracle.jdbc.driver.T4CConnection@73994bfe
2020-12-04 02:01:52.078.HikariPool-1 connection adder> DEBUG T[] U[] - HikariPool-1 - Added connection oracle.jdbc.driver.T4CConnection@35fe62b1
2020-12-04 02:01:52.125.HikariPool-1 connection adder> DEBUG T[] U[] - HikariPool-1 - Added connection oracle.jdbc.driver.T4CConnection@120595fd
2020-12-04 02:01:52.167.HikariPool-1 connection adder> DEBUG T[] U[] - HikariPool-1 - Added connection oracle.jdbc.driver.T4CConnection@70b2c38c
2020-12-04 02:01:52.213.HikariPool-1 connection adder> DEBUG T[] U[] - HikariPool-1 - Added connection oracle.jdbc.driver.T4CConnection@32913bfc
2020-12-04 02:01:52.276.HikariPool-1 connection adder> DEBUG T[] U[] - HikariPool-1 - Added connection oracle.jdbc.driver.T4CConnection@3dbb24d4
2020-12-04 02:01:52.320.HikariPool-1 connection adder> DEBUG T[] U[] - HikariPool-1 - Added connection oracle.jdbc.driver.T4CConnection@3d4ff159
2020-12-04 02:01:52.365.HikariPool-1 connection adder> DEBUG T[] U[] - HikariPool-1 - Added connection oracle.jdbc.driver.T4CConnection@4347ffd4
2020-12-04 02:01:52.419.HikariPool-1 connection adder> DEBUG T[] U[] - HikariPool-1 - Added connection oracle.jdbc.driver.T4CConnection@d4c47ad
2020-12-04 02:01:52.493.HikariPool-1 connection adder> DEBUG T[] U[] - HikariPool-1 - Added connection oracle.jdbc.driver.T4CConnection@32ccbad7
2020-12-04 02:01:52.718.HikariPool-1 connection adder> DEBUG T[] U[] - HikariPool-1 - Added connection oracle.jdbc.driver.T4CConnection@23ebf947
2020-12-04 02:01:52.771.HikariPool-1 connection adder> DEBUG T[] U[] - HikariPool-1 - Added connection oracle.jdbc.driver.T4CConnection@46d29ce5
2020-12-04 02:01:52.879.HikariPool-1 connection adder> DEBUG T[] U[] - HikariPool-1 - Added connection oracle.jdbc.driver.T4CConnection@327f9a44
2020-12-04 02:01:52.930.HikariPool-1 connection adder> DEBUG T[] U[] - HikariPool-1 - Added connection oracle.jdbc.driver.T4CConnection@775c4dcf
2020-12-04 02:01:52.992.HikariPool-1 connection adder> DEBUG T[] U[] - HikariPool-1 - Added connection oracle.jdbc.driver.T4CConnection@209dd17c
2020-12-04 02:01:53.037.HikariPool-1 connection adder> DEBUG T[] U[] - HikariPool-1 - Added connection oracle.jdbc.driver.T4CConnection@41cf5e6
2020-12-04 02:01:53.081.HikariPool-1 connection adder> DEBUG T[] U[] - HikariPool-1 - Added connection oracle.jdbc.driver.T4CConnection@5d5698fb
2020-12-04 02:01:53.125.HikariPool-1 connection adder> DEBUG T[] U[] - HikariPool-1 - Added connection oracle.jdbc.driver.T4CConnection@33abad37
2020-12-04 02:01:53.175.HikariPool-1 connection adder> DEBUG T[] U[] - HikariPool-1 - Added connection oracle.jdbc.driver.T4CConnection@78cbd1a7
2020-12-04 02:01:53.228.HikariPool-1 connection adder> DEBUG T[] U[] - HikariPool-1 - Added connection oracle.jdbc.driver.T4CConnection@3d729452
2020-12-04 02:01:53.280.HikariPool-1 connection adder> DEBUG T[] U[] - HikariPool-1 - Added connection oracle.jdbc.driver.T4CConnection@779fd469
2020-12-04 02:01:53.337.HikariPool-1 connection adder> DEBUG T[] U[] - HikariPool-1 - Added connection oracle.jdbc.driver.T4CConnection@5eebfbfd
2020-12-04 02:01:53.393.HikariPool-1 connection adder> DEBUG T[] U[] - HikariPool-1 - Added connection oracle.jdbc.driver.T4CConnection@37457688
2020-12-04 02:01:53.455.HikariPool-1 connection adder> DEBUG T[] U[] - HikariPool-1 - Added connection oracle.jdbc.driver.T4CConnection@2bb13354
2020-12-04 02:01:53.456.HikariPool-1 connection adder> DEBUG T[] U[] - HikariPool-1 - After adding stats (total=50, active=0, idle=50, waiting=0)
2020-12-04 02:01:54.140.restartedMain> WARN  T[] U[] - spring.jpa.open-in-view is enabled by default. Therefore, database queries may be performed during view rendering. Explicitly configure spring.jpa.open-in-view to disable this warning
2020-12-04 02:01:55.030.restartedMain> DEBUG T[] U[] - initialising the handler methods
2020-12-04 02:01:55.033.restartedMain> INFO  T[] U[] - Mapped URL path [/v2/api-docs] onto method [public org.springframework.http.ResponseEntity<springfox.documentation.spring.web.json.Json> springfox.documentation.swagger2.web.Swagger2Controller.getDocumentation(java.lang.String,javax.servlet.http.HttpServletRequest)]
2020-12-04 02:01:56.027.restartedMain> DEBUG T[] U[] - Using Slf4j logging framework
2020-12-04 02:01:56.028.restartedMain> DEBUG T[] U[] - Enabling stacktrace debugging via onOperatorDebug
2020-12-04 02:01:56.101.restartedMain> DEBUG T[] U[] - [http] resources will use the default LoopResources: DefaultLoopResources {prefix=reactor-http, daemon=true, selectCount=8, workerCount=8}
2020-12-04 02:01:56.102.restartedMain> DEBUG T[] U[] - [http] resources will use the default ConnectionProvider: PooledConnectionProvider {name=http, poolFactory=reactor.netty.resources.ConnectionProvider$$Lambda$938/1795762579@2204fad6}
2020-12-04 02:01:56.278.restartedMain> INFO  T[] U[] - Context refreshed
2020-12-04 02:01:56.295.restartedMain> INFO  T[] U[] - Found 1 custom documentation plugin(s)
2020-12-04 02:01:56.312.restartedMain> DEBUG T[] U[] - Total number of request handlers 12
2020-12-04 02:01:56.313.restartedMain> DEBUG T[] U[] - Adding key: [/actuator/health/{component}/{instance}], WebMvcRequestHandler{key=RequestHandlerKey{pathMappings=[/actuator/health/{component}/{instance}], supportedMethods=[GET], supportedMediaTypes=[], producibleMediaTypes=[application/vnd.spring-boot.actuator.v2+json, application/json]}}
2020-12-04 02:01:56.313.restartedMain> DEBUG T[] U[] - Adding key: [/actuator/health/{component}], WebMvcRequestHandler{key=RequestHandlerKey{pathMappings=[/actuator/health/{component}], supportedMethods=[GET], supportedMediaTypes=[], producibleMediaTypes=[application/vnd.spring-boot.actuator.v2+json, application/json]}}
2020-12-04 02:01:56.314.restartedMain> DEBUG T[] U[] - Adding key: [/actuator/health], WebMvcRequestHandler{key=RequestHandlerKey{pathMappings=[/actuator/health], supportedMethods=[GET], supportedMediaTypes=[], producibleMediaTypes=[application/vnd.spring-boot.actuator.v2+json, application/json]}}
2020-12-04 02:01:56.314.restartedMain> DEBUG T[] U[] - Adding key: [/actuator/info], WebMvcRequestHandler{key=RequestHandlerKey{pathMappings=[/actuator/info], supportedMethods=[GET], supportedMediaTypes=[], producibleMediaTypes=[application/vnd.spring-boot.actuator.v2+json, application/json]}}
2020-12-04 02:01:56.314.restartedMain> DEBUG T[] U[] - Adding key: [/actuator], WebMvcRequestHandler{key=RequestHandlerKey{pathMappings=[/actuator], supportedMethods=[GET], supportedMediaTypes=[], producibleMediaTypes=[application/vnd.spring-boot.actuator.v2+json, application/json]}}
2020-12-04 02:01:56.314.restartedMain> DEBUG T[] U[] - Adding key: [/db/get], WebMvcRequestHandler{key=RequestHandlerKey{pathMappings=[/db/get], supportedMethods=[GET], supportedMediaTypes=[], producibleMediaTypes=[]}}
2020-12-04 02:01:56.314.restartedMain> DEBUG T[] U[] - Adding key: [/db/post], WebMvcRequestHandler{key=RequestHandlerKey{pathMappings=[/db/post], supportedMethods=[POST], supportedMediaTypes=[], producibleMediaTypes=[]}}
2020-12-04 02:01:56.314.restartedMain> DEBUG T[] U[] - Adding key: [/error], WebMvcRequestHandler{key=RequestHandlerKey{pathMappings=[/error], supportedMethods=[], supportedMediaTypes=[], producibleMediaTypes=[]}}
2020-12-04 02:01:56.314.restartedMain> DEBUG T[] U[] - Adding key: [/error], WebMvcRequestHandler{key=RequestHandlerKey{pathMappings=[/error], supportedMethods=[], supportedMediaTypes=[], producibleMediaTypes=[text/html]}}
2020-12-04 02:01:56.314.restartedMain> DEBUG T[] U[] - Adding key: [/swagger-resources/configuration/security], WebMvcRequestHandler{key=RequestHandlerKey{pathMappings=[/swagger-resources/configuration/security], supportedMethods=[], supportedMediaTypes=[], producibleMediaTypes=[]}}
2020-12-04 02:01:56.314.restartedMain> DEBUG T[] U[] - Adding key: [/swagger-resources/configuration/ui], WebMvcRequestHandler{key=RequestHandlerKey{pathMappings=[/swagger-resources/configuration/ui], supportedMethods=[], supportedMediaTypes=[], producibleMediaTypes=[]}}
2020-12-04 02:01:56.314.restartedMain> DEBUG T[] U[] - Adding key: [/swagger-resources], WebMvcRequestHandler{key=RequestHandlerKey{pathMappings=[/swagger-resources], supportedMethods=[], supportedMediaTypes=[], producibleMediaTypes=[]}}
2020-12-04 02:01:56.323.restartedMain> DEBUG T[] U[] - Combined number of request handlers 12
2020-12-04 02:01:56.324.restartedMain> INFO  T[] U[] - Scanning for api listing references
2020-12-04 02:01:56.335.restartedMain> DEBUG T[] U[] - Adding return parameter of type Lcom/kotlin/boot/sample/domain/SampleDomain;
2020-12-04 02:01:56.336.restartedMain> DEBUG T[] U[] - Reading parameters models for handlerMethod |getTest|
2020-12-04 02:01:56.346.restartedMain> DEBUG T[] U[] - Finished reading parameters models for handlerMethod |getTest|
2020-12-04 02:01:56.348.restartedMain> DEBUG T[] U[] - Reading parameters models for handlerMethod |getTest|
2020-12-04 02:01:56.388.restartedMain> DEBUG T[] U[] - Reading property userId
2020-12-04 02:01:56.392.restartedMain> DEBUG T[] U[] - Evaluating unwrapped getter for member getUserId
2020-12-04 02:01:56.393.restartedMain> DEBUG T[] U[] - Name 'userId' renamed to 'userId'
2020-12-04 02:01:56.393.restartedMain> DEBUG T[] U[] - Adding property userId to model
2020-12-04 02:01:56.394.restartedMain> DEBUG T[] U[] - Evaluating unwrapped getter for member getUserId
2020-12-04 02:01:56.394.restartedMain> DEBUG T[] U[] - Evaluating unwrapped getter for member getUserId
2020-12-04 02:01:56.394.restartedMain> DEBUG T[] U[] - Evaluating unwrapped getter for member getUserId
2020-12-04 02:01:56.407.restartedMain> DEBUG T[] U[] - Evaluating unwrapped getter for member getUserId
2020-12-04 02:01:56.411.restartedMain> DEBUG T[] U[] - Reading property name
2020-12-04 02:01:56.412.restartedMain> DEBUG T[] U[] - Evaluating unwrapped getter for member getName
2020-12-04 02:01:56.412.restartedMain> DEBUG T[] U[] - Name 'name' renamed to 'name'
2020-12-04 02:01:56.412.restartedMain> DEBUG T[] U[] - Adding property name to model
2020-12-04 02:01:56.412.restartedMain> DEBUG T[] U[] - Evaluating unwrapped getter for member getName
2020-12-04 02:01:56.412.restartedMain> DEBUG T[] U[] - Evaluating unwrapped getter for member getName
2020-12-04 02:01:56.413.restartedMain> DEBUG T[] U[] - Evaluating unwrapped getter for member getName
2020-12-04 02:01:56.413.restartedMain> DEBUG T[] U[] - Evaluating unwrapped getter for member getName
2020-12-04 02:01:56.421.restartedMain> DEBUG T[] U[] - Inferred 2 properties. Properties found name, userId
2020-12-04 02:01:56.425.restartedMain> DEBUG T[] U[] - Generated parameter model id: SampleDomain, name: SampleDomain, schema: {} models
2020-12-04 02:01:56.425.restartedMain> DEBUG T[] U[] - Adding a new model with key SampleDomain
2020-12-04 02:01:56.440.restartedMain> DEBUG T[] U[] - Setting spring response class to: SampleDomain
2020-12-04 02:01:56.441.restartedMain> DEBUG T[] U[] - Setting response class to:SampleDomain
2020-12-04 02:01:56.442.restartedMain> DEBUG T[] U[] - Authorization count 0 for method getTest
2020-12-04 02:01:56.451.restartedMain> DEBUG T[] U[] - Adding return parameter of type V
2020-12-04 02:01:56.451.restartedMain> DEBUG T[] U[] - Reading parameters models for handlerMethod |postTest|
2020-12-04 02:01:56.451.restartedMain> DEBUG T[] U[] - Finished reading parameters models for handlerMethod |postTest|
2020-12-04 02:01:56.451.restartedMain> DEBUG T[] U[] - Reading parameters models for handlerMethod |postTest|
2020-12-04 02:01:56.451.restartedMain> DEBUG T[] U[] - Skipping model of type V as its either a container type, map, enum or base type, or its already been handled
2020-12-04 02:01:56.451.restartedMain> DEBUG T[] U[] - Did not find any parameter models for void
2020-12-04 02:01:56.452.restartedMain> DEBUG T[] U[] - Setting spring response class to: null
2020-12-04 02:01:56.452.restartedMain> DEBUG T[] U[] - Authorization count 0 for method postTest
2020-12-04 02:01:56.503.restartedMain> DEBUG T[] U[] - starting undertow server io.undertow.Undertow@3a765d01
2020-12-04 02:01:56.509.restartedMain> INFO  T[] U[] - XNIO version 3.3.8.Final
2020-12-04 02:01:56.521.restartedMain> INFO  T[] U[] - XNIO NIO Implementation Version 3.3.8.Final
2020-12-04 02:01:56.554.XNIO-1 I/O-1> DEBUG T[] U[] - Started channel thread 'XNIO-1 I/O-1', selector sun.nio.ch.KQueueSelectorImpl@466cefe5
2020-12-04 02:01:56.554.XNIO-1 I/O-4> DEBUG T[] U[] - Started channel thread 'XNIO-1 I/O-4', selector sun.nio.ch.KQueueSelectorImpl@22cab4da
2020-12-04 02:01:56.554.XNIO-1 I/O-3> DEBUG T[] U[] - Started channel thread 'XNIO-1 I/O-3', selector sun.nio.ch.KQueueSelectorImpl@156c0214
2020-12-04 02:01:56.554.XNIO-1 I/O-2> DEBUG T[] U[] - Started channel thread 'XNIO-1 I/O-2', selector sun.nio.ch.KQueueSelectorImpl@2ed4063d
2020-12-04 02:01:56.554.XNIO-1 I/O-6> DEBUG T[] U[] - Started channel thread 'XNIO-1 I/O-6', selector sun.nio.ch.KQueueSelectorImpl@4f411aab
2020-12-04 02:01:56.554.XNIO-1 I/O-5> DEBUG T[] U[] - Started channel thread 'XNIO-1 I/O-5', selector sun.nio.ch.KQueueSelectorImpl@64314187
2020-12-04 02:01:56.554.XNIO-1 I/O-7> DEBUG T[] U[] - Started channel thread 'XNIO-1 I/O-7', selector sun.nio.ch.KQueueSelectorImpl@8b13797
2020-12-04 02:01:56.554.XNIO-1 I/O-8> DEBUG T[] U[] - Started channel thread 'XNIO-1 I/O-8', selector sun.nio.ch.KQueueSelectorImpl@489c742e
2020-12-04 02:01:56.555.XNIO-1 I/O-9> DEBUG T[] U[] - Started channel thread 'XNIO-1 I/O-9', selector sun.nio.ch.KQueueSelectorImpl@711eb6a1
2020-12-04 02:01:56.555.XNIO-1 I/O-10> DEBUG T[] U[] - Started channel thread 'XNIO-1 I/O-10', selector sun.nio.ch.KQueueSelectorImpl@5bfd8314
2020-12-04 02:01:56.555.XNIO-1 I/O-11> DEBUG T[] U[] - Started channel thread 'XNIO-1 I/O-11', selector sun.nio.ch.KQueueSelectorImpl@7885cf90
2020-12-04 02:01:56.555.XNIO-1 I/O-12> DEBUG T[] U[] - Started channel thread 'XNIO-1 I/O-12', selector sun.nio.ch.KQueueSelectorImpl@2d349d3d
2020-12-04 02:01:56.555.XNIO-1 I/O-13> DEBUG T[] U[] - Started channel thread 'XNIO-1 I/O-13', selector sun.nio.ch.KQueueSelectorImpl@7fcb694e
2020-12-04 02:01:56.555.XNIO-1 I/O-14> DEBUG T[] U[] - Started channel thread 'XNIO-1 I/O-14', selector sun.nio.ch.KQueueSelectorImpl@4a9bc750
2020-12-04 02:01:56.555.XNIO-1 I/O-15> DEBUG T[] U[] - Started channel thread 'XNIO-1 I/O-15', selector sun.nio.ch.KQueueSelectorImpl@647b48c5
2020-12-04 02:01:56.555.XNIO-1 I/O-16> DEBUG T[] U[] - Started channel thread 'XNIO-1 I/O-16', selector sun.nio.ch.KQueueSelectorImpl@70cffadf
2020-12-04 02:01:56.555.XNIO-1 I/O-17> DEBUG T[] U[] - Started channel thread 'XNIO-1 I/O-17', selector sun.nio.ch.KQueueSelectorImpl@b35db77
2020-12-04 02:01:56.555.XNIO-1 I/O-18> DEBUG T[] U[] - Started channel thread 'XNIO-1 I/O-18', selector sun.nio.ch.KQueueSelectorImpl@6c6c879f
2020-12-04 02:01:56.555.XNIO-1 I/O-19> DEBUG T[] U[] - Started channel thread 'XNIO-1 I/O-19', selector sun.nio.ch.KQueueSelectorImpl@28e76237
2020-12-04 02:01:56.555.XNIO-1 I/O-20> DEBUG T[] U[] - Started channel thread 'XNIO-1 I/O-20', selector sun.nio.ch.KQueueSelectorImpl@b81f684
2020-12-04 02:01:56.555.XNIO-1 I/O-21> DEBUG T[] U[] - Started channel thread 'XNIO-1 I/O-21', selector sun.nio.ch.KQueueSelectorImpl@2fa40891
2020-12-04 02:01:56.556.XNIO-1 I/O-22> DEBUG T[] U[] - Started channel thread 'XNIO-1 I/O-22', selector sun.nio.ch.KQueueSelectorImpl@6b78485
2020-12-04 02:01:56.556.XNIO-1 I/O-23> DEBUG T[] U[] - Started channel thread 'XNIO-1 I/O-23', selector sun.nio.ch.KQueueSelectorImpl@6f12fb5b
2020-12-04 02:01:56.556.XNIO-1 I/O-24> DEBUG T[] U[] - Started channel thread 'XNIO-1 I/O-24', selector sun.nio.ch.KQueueSelectorImpl@7c31e544
2020-12-04 02:01:56.556.XNIO-1 I/O-26> DEBUG T[] U[] - Started channel thread 'XNIO-1 I/O-26', selector sun.nio.ch.KQueueSelectorImpl@54f56814
2020-12-04 02:01:56.556.XNIO-1 I/O-25> DEBUG T[] U[] - Started channel thread 'XNIO-1 I/O-25', selector sun.nio.ch.KQueueSelectorImpl@59ce11d1
2020-12-04 02:01:56.556.XNIO-1 I/O-27> DEBUG T[] U[] - Started channel thread 'XNIO-1 I/O-27', selector sun.nio.ch.KQueueSelectorImpl@34dbd3b2
2020-12-04 02:01:56.556.XNIO-1 I/O-28> DEBUG T[] U[] - Started channel thread 'XNIO-1 I/O-28', selector sun.nio.ch.KQueueSelectorImpl@52a524cf
2020-12-04 02:01:56.556.XNIO-1 I/O-29> DEBUG T[] U[] - Started channel thread 'XNIO-1 I/O-29', selector sun.nio.ch.KQueueSelectorImpl@45422214
2020-12-04 02:01:56.556.XNIO-1 I/O-30> DEBUG T[] U[] - Started channel thread 'XNIO-1 I/O-30', selector sun.nio.ch.KQueueSelectorImpl@36f9e2ef
2020-12-04 02:01:56.556.XNIO-1 I/O-31> DEBUG T[] U[] - Started channel thread 'XNIO-1 I/O-31', selector sun.nio.ch.KQueueSelectorImpl@73b65958
2020-12-04 02:01:56.556.XNIO-1 I/O-32> DEBUG T[] U[] - Started channel thread 'XNIO-1 I/O-32', selector sun.nio.ch.KQueueSelectorImpl@59275d4b
2020-12-04 02:01:56.556.XNIO-1 Accept> DEBUG T[] U[] - Started channel thread 'XNIO-1 Accept', selector sun.nio.ch.KQueueSelectorImpl@42c50b42
2020-12-04 02:01:56.556.restartedMain> DEBUG T[] U[] - Configuring listener with protocol HTTP for interface 0.0.0.0 and port 10340
2020-12-04 02:01:56.647.restartedMain> INFO  T[] U[] - Started KotlinProjectKt in 11.37 seconds (JVM running for 12.722)
2020-12-04 02:01:56.843.RMI TCP Connection(13)-127.0.0.1> INFO  T[] U[] - Initializing Spring DispatcherServlet 'dispatcherServlet'
2020-12-04 02:02:20.601.HikariPool-1 housekeeper> DEBUG T[] U[] - HikariPool-1 - Pool stats (total=50, active=0, idle=50, waiting=0)
2020-12-04 02:02:50.604.HikariPool-1 housekeeper> DEBUG T[] U[] - HikariPool-1 - Pool stats (total=50, active=0, idle=50, waiting=0)
2020-12-04 02:03:20.607.HikariPool-1 housekeeper> DEBUG T[] U[] - HikariPool-1 - Pool stats (total=50, active=0, idle=50, waiting=0)
2020-12-04 02:03:50.614.HikariPool-1 housekeeper> DEBUG T[] U[] - HikariPool-1 - Pool stats (total=50, active=0, idle=50, waiting=0)
2020-12-04 02:03:54.674.Thread-33> INFO  T[] U[] - HikariPool-1 - Shutdown initiated...
2020-12-04 02:03:54.675.Thread-33> DEBUG T[] U[] - HikariPool-1 - Before shutdown stats (total=50, active=0, idle=50, waiting=0)
2020-12-04 02:03:54.676.HikariPool-1 connection closer> DEBUG T[] U[] - HikariPool-1 - Closing connection oracle.jdbc.driver.T4CConnection@1cebf150: (connection evicted)
2020-12-04 02:03:54.685.HikariPool-1 connection closer> DEBUG T[] U[] - HikariPool-1 - Closing connection oracle.jdbc.driver.T4CConnection@3c51d193: (connection evicted)
2020-12-04 02:03:54.690.HikariPool-1 connection closer> DEBUG T[] U[] - HikariPool-1 - Closing connection oracle.jdbc.driver.T4CConnection@7e343e05: (connection evicted)
2020-12-04 02:03:54.696.HikariPool-1 connection closer> DEBUG T[] U[] - HikariPool-1 - Closing connection oracle.jdbc.driver.T4CConnection@1d4324e7: (connection evicted)
2020-12-04 02:03:54.701.HikariPool-1 connection closer> DEBUG T[] U[] - HikariPool-1 - Closing connection oracle.jdbc.driver.T4CConnection@1dedb65b: (connection evicted)
2020-12-04 02:03:54.707.HikariPool-1 connection closer> DEBUG T[] U[] - HikariPool-1 - Closing connection oracle.jdbc.driver.T4CConnection@18dff072: (connection evicted)
2020-12-04 02:03:54.714.HikariPool-1 connection closer> DEBUG T[] U[] - HikariPool-1 - Closing connection oracle.jdbc.driver.T4CConnection@561a2c62: (connection evicted)
2020-12-04 02:03:54.722.HikariPool-1 connection closer> DEBUG T[] U[] - HikariPool-1 - Closing connection oracle.jdbc.driver.T4CConnection@50bb01a9: (connection evicted)
2020-12-04 02:03:54.725.HikariPool-1 connection closer> DEBUG T[] U[] - HikariPool-1 - Closing connection oracle.jdbc.driver.T4CConnection@5bf77185: (connection evicted)
2020-12-04 02:03:54.728.HikariPool-1 connection closer> DEBUG T[] U[] - HikariPool-1 - Closing connection oracle.jdbc.driver.T4CConnection@13015cf: (connection evicted)
2020-12-04 02:03:54.735.HikariPool-1 connection closer> DEBUG T[] U[] - HikariPool-1 - Closing connection oracle.jdbc.driver.T4CConnection@67d483c3: (connection evicted)
2020-12-04 02:03:54.738.HikariPool-1 connection closer> DEBUG T[] U[] - HikariPool-1 - Closing connection oracle.jdbc.driver.T4CConnection@cdcbed5: (connection evicted)
2020-12-04 02:03:54.744.HikariPool-1 connection closer> DEBUG T[] U[] - HikariPool-1 - Closing connection oracle.jdbc.driver.T4CConnection@2318c1de: (connection evicted)
2020-12-04 02:03:54.753.HikariPool-1 connection closer> DEBUG T[] U[] - HikariPool-1 - Closing connection oracle.jdbc.driver.T4CConnection@6772cb99: (connection evicted)
2020-12-04 02:03:54.757.HikariPool-1 connection closer> DEBUG T[] U[] - HikariPool-1 - Closing connection oracle.jdbc.driver.T4CConnection@31ccdb48: (connection evicted)
2020-12-04 02:03:54.760.HikariPool-1 connection closer> DEBUG T[] U[] - HikariPool-1 - Closing connection oracle.jdbc.driver.T4CConnection@9c395f6: (connection evicted)
2020-12-04 02:03:54.764.HikariPool-1 connection closer> DEBUG T[] U[] - HikariPool-1 - Closing connection oracle.jdbc.driver.T4CConnection@e77c99f: (connection evicted)
2020-12-04 02:03:54.768.HikariPool-1 connection closer> DEBUG T[] U[] - HikariPool-1 - Closing connection oracle.jdbc.driver.T4CConnection@1450e07d: (connection evicted)
2020-12-04 02:03:54.772.HikariPool-1 connection closer> DEBUG T[] U[] - HikariPool-1 - Closing connection oracle.jdbc.driver.T4CConnection@260c2b67: (connection evicted)
2020-12-04 02:03:54.777.HikariPool-1 connection closer> DEBUG T[] U[] - HikariPool-1 - Closing connection oracle.jdbc.driver.T4CConnection@5823d89e: (connection evicted)
2020-12-04 02:03:54.782.HikariPool-1 connection closer> DEBUG T[] U[] - HikariPool-1 - Closing connection oracle.jdbc.driver.T4CConnection@71c1ae56: (connection evicted)
2020-12-04 02:03:54.785.HikariPool-1 connection closer> DEBUG T[] U[] - HikariPool-1 - Closing connection oracle.jdbc.driver.T4CConnection@14420ad: (connection evicted)
2020-12-04 02:03:54.788.HikariPool-1 connection closer> DEBUG T[] U[] - HikariPool-1 - Closing connection oracle.jdbc.driver.T4CConnection@513bee8: (connection evicted)
2020-12-04 02:03:54.791.HikariPool-1 connection closer> DEBUG T[] U[] - HikariPool-1 - Closing connection oracle.jdbc.driver.T4CConnection@44cf61cf: (connection evicted)
2020-12-04 02:03:54.794.HikariPool-1 connection closer> DEBUG T[] U[] - HikariPool-1 - Closing connection oracle.jdbc.driver.T4CConnection@59d6317d: (connection evicted)
2020-12-04 02:03:54.797.HikariPool-1 connection closer> DEBUG T[] U[] - HikariPool-1 - Closing connection oracle.jdbc.driver.T4CConnection@2a44f1b1: (connection evicted)
2020-12-04 02:03:54.800.HikariPool-1 connection closer> DEBUG T[] U[] - HikariPool-1 - Closing connection oracle.jdbc.driver.T4CConnection@73994bfe: (connection evicted)
2020-12-04 02:03:54.803.HikariPool-1 connection closer> DEBUG T[] U[] - HikariPool-1 - Closing connection oracle.jdbc.driver.T4CConnection@35fe62b1: (connection evicted)
2020-12-04 02:03:54.809.HikariPool-1 connection closer> DEBUG T[] U[] - HikariPool-1 - Closing connection oracle.jdbc.driver.T4CConnection@120595fd: (connection evicted)
2020-12-04 02:03:54.812.HikariPool-1 connection closer> DEBUG T[] U[] - HikariPool-1 - Closing connection oracle.jdbc.driver.T4CConnection@70b2c38c: (connection evicted)
2020-12-04 02:03:54.815.HikariPool-1 connection closer> DEBUG T[] U[] - HikariPool-1 - Closing connection oracle.jdbc.driver.T4CConnection@32913bfc: (connection evicted)
2020-12-04 02:03:54.819.HikariPool-1 connection closer> DEBUG T[] U[] - HikariPool-1 - Closing connection oracle.jdbc.driver.T4CConnection@3dbb24d4: (connection evicted)
2020-12-04 02:03:54.825.HikariPool-1 connection closer> DEBUG T[] U[] - HikariPool-1 - Closing connection oracle.jdbc.driver.T4CConnection@3d4ff159: (connection evicted)
2020-12-04 02:03:54.832.HikariPool-1 connection closer> DEBUG T[] U[] - HikariPool-1 - Closing connection oracle.jdbc.driver.T4CConnection@4347ffd4: (connection evicted)
2020-12-04 02:03:54.836.HikariPool-1 connection closer> DEBUG T[] U[] - HikariPool-1 - Closing connection oracle.jdbc.driver.T4CConnection@d4c47ad: (connection evicted)
2020-12-04 02:03:54.841.HikariPool-1 connection closer> DEBUG T[] U[] - HikariPool-1 - Closing connection oracle.jdbc.driver.T4CConnection@32ccbad7: (connection evicted)
2020-12-04 02:03:54.845.HikariPool-1 connection closer> DEBUG T[] U[] - HikariPool-1 - Closing connection oracle.jdbc.driver.T4CConnection@23ebf947: (connection evicted)
2020-12-04 02:03:54.850.HikariPool-1 connection closer> DEBUG T[] U[] - HikariPool-1 - Closing connection oracle.jdbc.driver.T4CConnection@46d29ce5: (connection evicted)
2020-12-04 02:03:54.855.HikariPool-1 connection closer> DEBUG T[] U[] - HikariPool-1 - Closing connection oracle.jdbc.driver.T4CConnection@327f9a44: (connection evicted)
2020-12-04 02:03:54.861.HikariPool-1 connection closer> DEBUG T[] U[] - HikariPool-1 - Closing connection oracle.jdbc.driver.T4CConnection@775c4dcf: (connection evicted)
2020-12-04 02:03:54.865.HikariPool-1 connection closer> DEBUG T[] U[] - HikariPool-1 - Closing connection oracle.jdbc.driver.T4CConnection@209dd17c: (connection evicted)
2020-12-04 02:03:54.871.HikariPool-1 connection closer> DEBUG T[] U[] - HikariPool-1 - Closing connection oracle.jdbc.driver.T4CConnection@41cf5e6: (connection evicted)
2020-12-04 02:03:54.875.HikariPool-1 connection closer> DEBUG T[] U[] - HikariPool-1 - Closing connection oracle.jdbc.driver.T4CConnection@5d5698fb: (connection evicted)
2020-12-04 02:03:54.879.HikariPool-1 connection closer> DEBUG T[] U[] - HikariPool-1 - Closing connection oracle.jdbc.driver.T4CConnection@33abad37: (connection evicted)
2020-12-04 02:03:54.884.HikariPool-1 connection closer> DEBUG T[] U[] - HikariPool-1 - Closing connection oracle.jdbc.driver.T4CConnection@78cbd1a7: (connection evicted)
2020-12-04 02:03:54.888.HikariPool-1 connection closer> DEBUG T[] U[] - HikariPool-1 - Closing connection oracle.jdbc.driver.T4CConnection@3d729452: (connection evicted)
2020-12-04 02:03:54.892.HikariPool-1 connection closer> DEBUG T[] U[] - HikariPool-1 - Closing connection oracle.jdbc.driver.T4CConnection@779fd469: (connection evicted)
2020-12-04 02:03:54.897.HikariPool-1 connection closer> DEBUG T[] U[] - HikariPool-1 - Closing connection oracle.jdbc.driver.T4CConnection@5eebfbfd: (connection evicted)
2020-12-04 02:03:54.900.HikariPool-1 connection closer> DEBUG T[] U[] - HikariPool-1 - Closing connection oracle.jdbc.driver.T4CConnection@37457688: (connection evicted)
2020-12-04 02:03:54.906.HikariPool-1 connection closer> DEBUG T[] U[] - HikariPool-1 - Closing connection oracle.jdbc.driver.T4CConnection@2bb13354: (connection evicted)
2020-12-04 02:03:54.911.Thread-33> DEBUG T[] U[] - HikariPool-1 - After shutdown stats (total=0, active=0, idle=0, waiting=0)
2020-12-04 02:03:54.911.Thread-33> INFO  T[] U[] - HikariPool-1 - Shutdown completed.
2020-12-04 02:03:54.920.Thread-33> INFO  T[] U[] - Destroying Spring FrameworkServlet 'dispatcherServlet'
2020-12-04 02:03:54.925.Thread-33> DEBUG T[] U[] - stopping undertow server io.undertow.Undertow@3a765d01
