2020-12-12 02:23:42.755.restartedMain> INFO  T[] U[] - Starting KotlinProjectKt on dyshin.local with PID 6611 (/Users/dongyoun_shin/IdeaProjects/KotlinStudy/build/classes/kotlin/main started by dongyoun_shin in /Users/dongyoun_shin/IdeaProjects/KotlinStudy)
2020-12-12 02:23:42.760.restartedMain> DEBUG T[] U[] - Running with Spring Boot v2.1.8.RELEASE, Spring v5.1.9.RELEASE
2020-12-12 02:23:42.761.restartedMain> INFO  T[] U[] - No active profile set, falling back to default profiles: default
2020-12-12 02:23:45.845.restartedMain> WARN  T[] U[] - UT026010: Buffer pool was not set on WebSocketDeploymentInfo, the default pool will be used
2020-12-12 02:23:45.868.restartedMain> DEBUG T[] U[] - Setting default session timeout to 1800
2020-12-12 02:23:45.879.restartedMain> INFO  T[] U[] - Initializing Spring embedded WebApplicationContext
2020-12-12 02:23:46.377.restartedMain> DEBUG T[] U[] - Driver class oracle.jdbc.OracleDriver found in Thread context class loader org.springframework.boot.devtools.restart.classloader.RestartClassLoader@7bdac1f1
2020-12-12 02:23:46.408.restartedMain> WARN  T[] U[] - HikariPool-1 - leakDetectionThreshold is less than 2000ms or more than maxLifetime, disabling it.
2020-12-12 02:23:46.408.restartedMain> DEBUG T[] U[] - HikariPool-1 - configuration:
2020-12-12 02:23:46.411.restartedMain> DEBUG T[] U[] - allowPoolSuspension.............false
2020-12-12 02:23:46.411.restartedMain> DEBUG T[] U[] - autoCommit......................true
2020-12-12 02:23:46.411.restartedMain> DEBUG T[] U[] - catalog.........................none
2020-12-12 02:23:46.412.restartedMain> DEBUG T[] U[] - connectionInitSql...............none
2020-12-12 02:23:46.412.restartedMain> DEBUG T[] U[] - connectionTestQuery.............none
2020-12-12 02:23:46.412.restartedMain> DEBUG T[] U[] - connectionTimeout...............30000
2020-12-12 02:23:46.412.restartedMain> DEBUG T[] U[] - dataSource......................none
2020-12-12 02:23:46.412.restartedMain> DEBUG T[] U[] - dataSourceClassName.............none
2020-12-12 02:23:46.412.restartedMain> DEBUG T[] U[] - dataSourceJNDI..................none
2020-12-12 02:23:46.412.restartedMain> DEBUG T[] U[] - dataSourceProperties............{password=<masked>}
2020-12-12 02:23:46.412.restartedMain> DEBUG T[] U[] - driverClassName................."oracle.jdbc.OracleDriver"
2020-12-12 02:23:46.412.restartedMain> DEBUG T[] U[] - healthCheckProperties...........{}
2020-12-12 02:23:46.412.restartedMain> DEBUG T[] U[] - healthCheckRegistry.............none
2020-12-12 02:23:46.412.restartedMain> DEBUG T[] U[] - idleTimeout.....................600000
2020-12-12 02:23:46.413.restartedMain> DEBUG T[] U[] - initializationFailTimeout.......1
2020-12-12 02:23:46.413.restartedMain> DEBUG T[] U[] - isolateInternalQueries..........false
2020-12-12 02:23:46.413.restartedMain> DEBUG T[] U[] - jdbcUrl.........................jdbc:oracle:thin:@localhost:1521:XE
2020-12-12 02:23:46.413.restartedMain> DEBUG T[] U[] - leakDetectionThreshold..........0
2020-12-12 02:23:46.413.restartedMain> DEBUG T[] U[] - maxLifetime.....................1800000
2020-12-12 02:23:46.413.restartedMain> DEBUG T[] U[] - maximumPoolSize.................50
2020-12-12 02:23:46.413.restartedMain> DEBUG T[] U[] - metricRegistry..................none
2020-12-12 02:23:46.413.restartedMain> DEBUG T[] U[] - metricsTrackerFactory...........none
2020-12-12 02:23:46.413.restartedMain> DEBUG T[] U[] - minimumIdle.....................50
2020-12-12 02:23:46.413.restartedMain> DEBUG T[] U[] - password........................<masked>
2020-12-12 02:23:46.413.restartedMain> DEBUG T[] U[] - poolName........................"HikariPool-1"
2020-12-12 02:23:46.413.restartedMain> DEBUG T[] U[] - readOnly........................false
2020-12-12 02:23:46.413.restartedMain> DEBUG T[] U[] - registerMbeans..................false
2020-12-12 02:23:46.414.restartedMain> DEBUG T[] U[] - scheduledExecutor...............none
2020-12-12 02:23:46.414.restartedMain> DEBUG T[] U[] - schema..........................none
2020-12-12 02:23:46.414.restartedMain> DEBUG T[] U[] - threadFactory...................internal
2020-12-12 02:23:46.414.restartedMain> DEBUG T[] U[] - transactionIsolation............default
2020-12-12 02:23:46.414.restartedMain> DEBUG T[] U[] - username........................"springboot"
2020-12-12 02:23:46.414.restartedMain> DEBUG T[] U[] - validationTimeout...............10000
2020-12-12 02:23:46.416.restartedMain> INFO  T[] U[] - HikariPool-1 - Starting...
2020-12-12 02:23:46.732.restartedMain> DEBUG T[] U[] - HikariPool-1 - Added connection oracle.jdbc.driver.T4CConnection@4484fd32
2020-12-12 02:23:46.736.restartedMain> INFO  T[] U[] - HikariPool-1 - Start completed.
2020-12-12 02:23:46.840.HikariPool-1 housekeeper> DEBUG T[] U[] - HikariPool-1 - Pool stats (total=1, active=0, idle=1, waiting=0)
2020-12-12 02:23:46.903.HikariPool-1 connection adder> DEBUG T[] U[] - HikariPool-1 - Added connection oracle.jdbc.driver.T4CConnection@3b0b7ac3
2020-12-12 02:23:46.967.HikariPool-1 connection adder> DEBUG T[] U[] - HikariPool-1 - Added connection oracle.jdbc.driver.T4CConnection@2bbbe176
2020-12-12 02:23:47.067.HikariPool-1 connection adder> DEBUG T[] U[] - HikariPool-1 - Added connection oracle.jdbc.driver.T4CConnection@1a198fb7
2020-12-12 02:23:47.123.HikariPool-1 connection adder> DEBUG T[] U[] - HikariPool-1 - Added connection oracle.jdbc.driver.T4CConnection@48652b83
2020-12-12 02:23:47.177.HikariPool-1 connection adder> DEBUG T[] U[] - HikariPool-1 - Added connection oracle.jdbc.driver.T4CConnection@77753714
2020-12-12 02:23:47.239.HikariPool-1 connection adder> DEBUG T[] U[] - HikariPool-1 - Added connection oracle.jdbc.driver.T4CConnection@25079b2c
2020-12-12 02:23:47.314.HikariPool-1 connection adder> DEBUG T[] U[] - HikariPool-1 - Added connection oracle.jdbc.driver.T4CConnection@8bb5ae9
2020-12-12 02:23:47.344.restartedMain> DEBUG T[] U[] - Registered session listener io.undertow.servlet.core.SessionListenerBridge@13f49ce6
2020-12-12 02:23:47.374.HikariPool-1 connection adder> DEBUG T[] U[] - HikariPool-1 - Added connection oracle.jdbc.driver.T4CConnection@2c53e4dd
2020-12-12 02:23:47.389.restartedMain> DEBUG T[] U[] - Setting default session timeout to 1800
2020-12-12 02:23:47.462.HikariPool-1 connection adder> DEBUG T[] U[] - HikariPool-1 - Added connection oracle.jdbc.driver.T4CConnection@2b450795
2020-12-12 02:23:47.528.HikariPool-1 connection adder> DEBUG T[] U[] - HikariPool-1 - Added connection oracle.jdbc.driver.T4CConnection@17d5141a
2020-12-12 02:23:47.602.HikariPool-1 connection adder> DEBUG T[] U[] - HikariPool-1 - Added connection oracle.jdbc.driver.T4CConnection@15ce5496
2020-12-12 02:23:47.678.HikariPool-1 connection adder> DEBUG T[] U[] - HikariPool-1 - Added connection oracle.jdbc.driver.T4CConnection@6389ed48
2020-12-12 02:23:47.740.HikariPool-1 connection adder> DEBUG T[] U[] - HikariPool-1 - Added connection oracle.jdbc.driver.T4CConnection@7354358b
2020-12-12 02:23:47.803.HikariPool-1 connection adder> DEBUG T[] U[] - HikariPool-1 - Added connection oracle.jdbc.driver.T4CConnection@32ab2aa7
2020-12-12 02:23:47.874.HikariPool-1 connection adder> DEBUG T[] U[] - HikariPool-1 - Added connection oracle.jdbc.driver.T4CConnection@59dfcf30
2020-12-12 02:23:47.939.HikariPool-1 connection adder> DEBUG T[] U[] - HikariPool-1 - Added connection oracle.jdbc.driver.T4CConnection@3016f606
2020-12-12 02:23:48.017.HikariPool-1 connection adder> DEBUG T[] U[] - HikariPool-1 - Added connection oracle.jdbc.driver.T4CConnection@734db703
2020-12-12 02:23:48.120.HikariPool-1 connection adder> DEBUG T[] U[] - HikariPool-1 - Added connection oracle.jdbc.driver.T4CConnection@5844d66b
2020-12-12 02:23:48.191.HikariPool-1 connection adder> DEBUG T[] U[] - HikariPool-1 - Added connection oracle.jdbc.driver.T4CConnection@358f2faa
2020-12-12 02:23:48.266.HikariPool-1 connection adder> DEBUG T[] U[] - HikariPool-1 - Added connection oracle.jdbc.driver.T4CConnection@403963dd
2020-12-12 02:23:48.348.HikariPool-1 connection adder> DEBUG T[] U[] - HikariPool-1 - Added connection oracle.jdbc.driver.T4CConnection@6d779f87
2020-12-12 02:23:48.420.HikariPool-1 connection adder> DEBUG T[] U[] - HikariPool-1 - Added connection oracle.jdbc.driver.T4CConnection@5a198601
2020-12-12 02:23:48.481.HikariPool-1 connection adder> DEBUG T[] U[] - HikariPool-1 - Added connection oracle.jdbc.driver.T4CConnection@1dfbed3f
2020-12-12 02:23:48.538.HikariPool-1 connection adder> DEBUG T[] U[] - HikariPool-1 - Added connection oracle.jdbc.driver.T4CConnection@b2d5562
2020-12-12 02:23:48.599.HikariPool-1 connection adder> DEBUG T[] U[] - HikariPool-1 - Added connection oracle.jdbc.driver.T4CConnection@28876d92
2020-12-12 02:23:48.660.HikariPool-1 connection adder> DEBUG T[] U[] - HikariPool-1 - Added connection oracle.jdbc.driver.T4CConnection@4de18670
2020-12-12 02:23:48.726.HikariPool-1 connection adder> DEBUG T[] U[] - HikariPool-1 - Added connection oracle.jdbc.driver.T4CConnection@67d6e091
2020-12-12 02:23:48.793.HikariPool-1 connection adder> DEBUG T[] U[] - HikariPool-1 - Added connection oracle.jdbc.driver.T4CConnection@63de69bd
2020-12-12 02:23:48.880.HikariPool-1 connection adder> DEBUG T[] U[] - HikariPool-1 - Added connection oracle.jdbc.driver.T4CConnection@173196a5
2020-12-12 02:23:48.967.HikariPool-1 connection adder> DEBUG T[] U[] - HikariPool-1 - Added connection oracle.jdbc.driver.T4CConnection@5e7ce804
2020-12-12 02:23:49.038.HikariPool-1 connection adder> DEBUG T[] U[] - HikariPool-1 - Added connection oracle.jdbc.driver.T4CConnection@14d55e2e
2020-12-12 02:23:49.123.HikariPool-1 connection adder> DEBUG T[] U[] - HikariPool-1 - Added connection oracle.jdbc.driver.T4CConnection@297b9324
2020-12-12 02:23:49.209.HikariPool-1 connection adder> DEBUG T[] U[] - HikariPool-1 - Added connection oracle.jdbc.driver.T4CConnection@7f768f56
2020-12-12 02:23:49.462.HikariPool-1 connection adder> DEBUG T[] U[] - HikariPool-1 - Added connection oracle.jdbc.driver.T4CConnection@7d623f39
2020-12-12 02:23:49.555.HikariPool-1 connection adder> DEBUG T[] U[] - HikariPool-1 - Added connection oracle.jdbc.driver.T4CConnection@7bd6f13e
2020-12-12 02:23:49.663.HikariPool-1 connection adder> DEBUG T[] U[] - HikariPool-1 - Added connection oracle.jdbc.driver.T4CConnection@711110cb
2020-12-12 02:23:49.731.HikariPool-1 connection adder> DEBUG T[] U[] - HikariPool-1 - Added connection oracle.jdbc.driver.T4CConnection@541ab5b
2020-12-12 02:23:49.849.HikariPool-1 connection adder> DEBUG T[] U[] - HikariPool-1 - Added connection oracle.jdbc.driver.T4CConnection@106af84d
2020-12-12 02:23:49.967.HikariPool-1 connection adder> DEBUG T[] U[] - HikariPool-1 - Added connection oracle.jdbc.driver.T4CConnection@6cfb1749
2020-12-12 02:23:50.072.HikariPool-1 connection adder> DEBUG T[] U[] - HikariPool-1 - Added connection oracle.jdbc.driver.T4CConnection@739bccb4
2020-12-12 02:23:50.183.HikariPool-1 connection adder> DEBUG T[] U[] - HikariPool-1 - Added connection oracle.jdbc.driver.T4CConnection@629b70b5
2020-12-12 02:23:50.277.HikariPool-1 connection adder> DEBUG T[] U[] - HikariPool-1 - Added connection oracle.jdbc.driver.T4CConnection@368bd403
2020-12-12 02:23:50.356.HikariPool-1 connection adder> DEBUG T[] U[] - HikariPool-1 - Added connection oracle.jdbc.driver.T4CConnection@74c5b260
2020-12-12 02:23:50.461.HikariPool-1 connection adder> DEBUG T[] U[] - HikariPool-1 - Added connection oracle.jdbc.driver.T4CConnection@19045f80
2020-12-12 02:23:50.597.HikariPool-1 connection adder> DEBUG T[] U[] - HikariPool-1 - Added connection oracle.jdbc.driver.T4CConnection@1c879301
2020-12-12 02:23:50.728.HikariPool-1 connection adder> DEBUG T[] U[] - HikariPool-1 - Added connection oracle.jdbc.driver.T4CConnection@430ef3d
2020-12-12 02:23:50.803.HikariPool-1 connection adder> DEBUG T[] U[] - HikariPool-1 - Added connection oracle.jdbc.driver.T4CConnection@164d6f28
2020-12-12 02:23:50.886.HikariPool-1 connection adder> DEBUG T[] U[] - HikariPool-1 - Added connection oracle.jdbc.driver.T4CConnection@52d451cf
2020-12-12 02:23:50.962.HikariPool-1 connection adder> DEBUG T[] U[] - HikariPool-1 - Added connection oracle.jdbc.driver.T4CConnection@3d3944d1
2020-12-12 02:23:50.963.HikariPool-1 connection adder> DEBUG T[] U[] - HikariPool-1 - After adding stats (total=50, active=0, idle=50, waiting=0)
2020-12-12 02:23:52.136.restartedMain> WARN  T[] U[] - spring.jpa.open-in-view is enabled by default. Therefore, database queries may be performed during view rendering. Explicitly configure spring.jpa.open-in-view to disable this warning
2020-12-12 02:23:52.989.restartedMain> DEBUG T[] U[] - initialising the handler methods
2020-12-12 02:23:52.991.restartedMain> INFO  T[] U[] - Mapped URL path [/v2/api-docs] onto method [public org.springframework.http.ResponseEntity<springfox.documentation.spring.web.json.Json> springfox.documentation.swagger2.web.Swagger2Controller.getDocumentation(java.lang.String,javax.servlet.http.HttpServletRequest)]
2020-12-12 02:23:53.892.restartedMain> DEBUG T[] U[] - Using Slf4j logging framework
2020-12-12 02:23:53.892.restartedMain> DEBUG T[] U[] - Enabling stacktrace debugging via onOperatorDebug
2020-12-12 02:23:53.975.restartedMain> DEBUG T[] U[] - [http] resources will use the default LoopResources: DefaultLoopResources {prefix=reactor-http, daemon=true, selectCount=8, workerCount=8}
2020-12-12 02:23:53.975.restartedMain> DEBUG T[] U[] - [http] resources will use the default ConnectionProvider: PooledConnectionProvider {name=http, poolFactory=reactor.netty.resources.ConnectionProvider$$Lambda$938/2037396279@13f1fe2}
2020-12-12 02:23:54.174.restartedMain> INFO  T[] U[] - Context refreshed
2020-12-12 02:23:54.194.restartedMain> INFO  T[] U[] - Found 1 custom documentation plugin(s)
2020-12-12 02:23:54.213.restartedMain> DEBUG T[] U[] - Total number of request handlers 13
2020-12-12 02:23:54.214.restartedMain> DEBUG T[] U[] - Adding key: [/actuator/health/{component}/{instance}], WebMvcRequestHandler{key=RequestHandlerKey{pathMappings=[/actuator/health/{component}/{instance}], supportedMethods=[GET], supportedMediaTypes=[], producibleMediaTypes=[application/vnd.spring-boot.actuator.v2+json, application/json]}}
2020-12-12 02:23:54.215.restartedMain> DEBUG T[] U[] - Adding key: [/actuator/health/{component}], WebMvcRequestHandler{key=RequestHandlerKey{pathMappings=[/actuator/health/{component}], supportedMethods=[GET], supportedMediaTypes=[], producibleMediaTypes=[application/vnd.spring-boot.actuator.v2+json, application/json]}}
2020-12-12 02:23:54.215.restartedMain> DEBUG T[] U[] - Adding key: [/actuator/health], WebMvcRequestHandler{key=RequestHandlerKey{pathMappings=[/actuator/health], supportedMethods=[GET], supportedMediaTypes=[], producibleMediaTypes=[application/vnd.spring-boot.actuator.v2+json, application/json]}}
2020-12-12 02:23:54.215.restartedMain> DEBUG T[] U[] - Adding key: [/actuator/info], WebMvcRequestHandler{key=RequestHandlerKey{pathMappings=[/actuator/info], supportedMethods=[GET], supportedMediaTypes=[], producibleMediaTypes=[application/vnd.spring-boot.actuator.v2+json, application/json]}}
2020-12-12 02:23:54.215.restartedMain> DEBUG T[] U[] - Adding key: [/actuator], WebMvcRequestHandler{key=RequestHandlerKey{pathMappings=[/actuator], supportedMethods=[GET], supportedMediaTypes=[], producibleMediaTypes=[application/vnd.spring-boot.actuator.v2+json, application/json]}}
2020-12-12 02:23:54.215.restartedMain> DEBUG T[] U[] - Adding key: [/db/get], WebMvcRequestHandler{key=RequestHandlerKey{pathMappings=[/db/get], supportedMethods=[GET], supportedMediaTypes=[], producibleMediaTypes=[]}}
2020-12-12 02:23:54.215.restartedMain> DEBUG T[] U[] - Adding key: [/db/post], WebMvcRequestHandler{key=RequestHandlerKey{pathMappings=[/db/post], supportedMethods=[POST], supportedMediaTypes=[], producibleMediaTypes=[]}}
2020-12-12 02:23:54.215.restartedMain> DEBUG T[] U[] - Adding key: [/error], WebMvcRequestHandler{key=RequestHandlerKey{pathMappings=[/error], supportedMethods=[], supportedMediaTypes=[], producibleMediaTypes=[]}}
2020-12-12 02:23:54.215.restartedMain> DEBUG T[] U[] - Adding key: [/error], WebMvcRequestHandler{key=RequestHandlerKey{pathMappings=[/error], supportedMethods=[], supportedMediaTypes=[], producibleMediaTypes=[text/html]}}
2020-12-12 02:23:54.215.restartedMain> DEBUG T[] U[] - Adding key: [/game/join], WebMvcRequestHandler{key=RequestHandlerKey{pathMappings=[/game/join], supportedMethods=[POST], supportedMediaTypes=[], producibleMediaTypes=[]}}
2020-12-12 02:23:54.215.restartedMain> DEBUG T[] U[] - Adding key: [/swagger-resources/configuration/security], WebMvcRequestHandler{key=RequestHandlerKey{pathMappings=[/swagger-resources/configuration/security], supportedMethods=[], supportedMediaTypes=[], producibleMediaTypes=[]}}
2020-12-12 02:23:54.215.restartedMain> DEBUG T[] U[] - Adding key: [/swagger-resources/configuration/ui], WebMvcRequestHandler{key=RequestHandlerKey{pathMappings=[/swagger-resources/configuration/ui], supportedMethods=[], supportedMediaTypes=[], producibleMediaTypes=[]}}
2020-12-12 02:23:54.215.restartedMain> DEBUG T[] U[] - Adding key: [/swagger-resources], WebMvcRequestHandler{key=RequestHandlerKey{pathMappings=[/swagger-resources], supportedMethods=[], supportedMediaTypes=[], producibleMediaTypes=[]}}
2020-12-12 02:23:54.225.restartedMain> DEBUG T[] U[] - Combined number of request handlers 13
2020-12-12 02:23:54.226.restartedMain> INFO  T[] U[] - Scanning for api listing references
2020-12-12 02:23:54.239.restartedMain> DEBUG T[] U[] - Adding return parameter of type Lcom/kotlin/boot/global/dto/BaseResponse;
2020-12-12 02:23:54.239.restartedMain> DEBUG T[] U[] - Reading parameters models for handlerMethod |joinGame|
2020-12-12 02:23:54.247.restartedMain> DEBUG T[] U[] - Finished reading parameters models for handlerMethod |joinGame|
2020-12-12 02:23:54.249.restartedMain> DEBUG T[] U[] - Reading parameters models for handlerMethod |joinGame|
2020-12-12 02:23:54.290.restartedMain> DEBUG T[] U[] - Reading property reason
2020-12-12 02:23:54.294.restartedMain> DEBUG T[] U[] - Evaluating unwrapped getter for member getReason
2020-12-12 02:23:54.295.restartedMain> DEBUG T[] U[] - Name 'reason' renamed to 'reason'
2020-12-12 02:23:54.295.restartedMain> DEBUG T[] U[] - Adding property reason to model
2020-12-12 02:23:54.295.restartedMain> DEBUG T[] U[] - Evaluating unwrapped getter for member getReason
2020-12-12 02:23:54.296.restartedMain> DEBUG T[] U[] - Evaluating unwrapped getter for member getReason
2020-12-12 02:23:54.296.restartedMain> DEBUG T[] U[] - Evaluating unwrapped getter for member getReason
2020-12-12 02:23:54.304.restartedMain> DEBUG T[] U[] - Evaluating unwrapped getter for member getReason
2020-12-12 02:23:54.307.restartedMain> DEBUG T[] U[] - Reading property message
2020-12-12 02:23:54.307.restartedMain> DEBUG T[] U[] - Evaluating unwrapped getter for member getMessage
2020-12-12 02:23:54.307.restartedMain> DEBUG T[] U[] - Name 'message' renamed to 'message'
2020-12-12 02:23:54.307.restartedMain> DEBUG T[] U[] - Adding property message to model
2020-12-12 02:23:54.307.restartedMain> DEBUG T[] U[] - Evaluating unwrapped getter for member getMessage
2020-12-12 02:23:54.307.restartedMain> DEBUG T[] U[] - Evaluating unwrapped getter for member getMessage
2020-12-12 02:23:54.307.restartedMain> DEBUG T[] U[] - Evaluating unwrapped getter for member getMessage
2020-12-12 02:23:54.308.restartedMain> DEBUG T[] U[] - Evaluating unwrapped getter for member getMessage
2020-12-12 02:23:54.315.restartedMain> DEBUG T[] U[] - Inferred 2 properties. Properties found message, reason
2020-12-12 02:23:54.318.restartedMain> DEBUG T[] U[] - Generated parameter model id: BaseResponse, name: BaseResponse, schema: {} models
2020-12-12 02:23:54.318.restartedMain> DEBUG T[] U[] - Adding a new model with key BaseResponse
2020-12-12 02:23:54.334.restartedMain> DEBUG T[] U[] - Expanding parameter type: com.kotlin.boot.game.controller.dto.JoinGameDto
2020-12-12 02:23:54.339.restartedMain> DEBUG T[] U[] - Attempting to expand expandable property: numbers
2020-12-12 02:23:54.341.restartedMain> DEBUG T[] U[] - Expanding parameter type: java.util.List<java.lang.Long>
2020-12-12 02:23:54.343.restartedMain> DEBUG T[] U[] - Attempting to expand collection/array field: numbers
2020-12-12 02:23:54.343.restartedMain> DEBUG T[] U[] - Attempting to expand field: springfox.documentation.spring.web.readers.parameter.ModelAttributeField@19fb4feb
2020-12-12 02:23:54.343.restartedMain> DEBUG T[] U[] - Building parameter for field: springfox.documentation.spring.web.readers.parameter.ModelAttributeField@19fb4feb, with type: 
2020-12-12 02:23:54.347.restartedMain> DEBUG T[] U[] - Attempting to expand field: springfox.documentation.spring.web.readers.parameter.ModelAttributeField@28f039e9
2020-12-12 02:23:54.347.restartedMain> DEBUG T[] U[] - Building parameter for field: springfox.documentation.spring.web.readers.parameter.ModelAttributeField@28f039e9, with type: 
2020-12-12 02:23:54.348.restartedMain> DEBUG T[] U[] - Attempting to expand field: springfox.documentation.spring.web.readers.parameter.ModelAttributeField@6b8571c5
2020-12-12 02:23:54.348.restartedMain> DEBUG T[] U[] - Building parameter for field: springfox.documentation.spring.web.readers.parameter.ModelAttributeField@6b8571c5, with type: 
2020-12-12 02:23:54.348.restartedMain> DEBUG T[] U[] - Attempting to expand field: springfox.documentation.spring.web.readers.parameter.ModelAttributeField@3fc3fe93
2020-12-12 02:23:54.348.restartedMain> DEBUG T[] U[] - Building parameter for field: springfox.documentation.spring.web.readers.parameter.ModelAttributeField@3fc3fe93, with type: 
2020-12-12 02:23:54.350.restartedMain> DEBUG T[] U[] - Setting spring response class to: BaseResponse
2020-12-12 02:23:54.350.restartedMain> DEBUG T[] U[] - Setting response class to:BaseResponse
2020-12-12 02:23:54.351.restartedMain> DEBUG T[] U[] - Authorization count 0 for method joinGame
2020-12-12 02:23:54.376.restartedMain> DEBUG T[] U[] - Adding return parameter of type Lcom/kotlin/boot/sample/domain/SampleDomain;
2020-12-12 02:23:54.376.restartedMain> DEBUG T[] U[] - Reading parameters models for handlerMethod |getTest|
2020-12-12 02:23:54.380.restartedMain> DEBUG T[] U[] - Finished reading parameters models for handlerMethod |getTest|
2020-12-12 02:23:54.380.restartedMain> DEBUG T[] U[] - Reading parameters models for handlerMethod |getTest|
2020-12-12 02:23:54.383.restartedMain> DEBUG T[] U[] - Reading property userId
2020-12-12 02:23:54.383.restartedMain> DEBUG T[] U[] - Evaluating unwrapped getter for member getUserId
2020-12-12 02:23:54.383.restartedMain> DEBUG T[] U[] - Name 'userId' renamed to 'userId'
2020-12-12 02:23:54.383.restartedMain> DEBUG T[] U[] - Adding property userId to model
2020-12-12 02:23:54.383.restartedMain> DEBUG T[] U[] - Evaluating unwrapped getter for member getUserId
2020-12-12 02:23:54.383.restartedMain> DEBUG T[] U[] - Evaluating unwrapped getter for member getUserId
2020-12-12 02:23:54.384.restartedMain> DEBUG T[] U[] - Evaluating unwrapped getter for member getUserId
2020-12-12 02:23:54.386.restartedMain> DEBUG T[] U[] - Evaluating unwrapped getter for member getUserId
2020-12-12 02:23:54.386.restartedMain> DEBUG T[] U[] - Reading property name
2020-12-12 02:23:54.386.restartedMain> DEBUG T[] U[] - Evaluating unwrapped getter for member getName
2020-12-12 02:23:54.386.restartedMain> DEBUG T[] U[] - Name 'name' renamed to 'name'
2020-12-12 02:23:54.386.restartedMain> DEBUG T[] U[] - Adding property name to model
2020-12-12 02:23:54.386.restartedMain> DEBUG T[] U[] - Evaluating unwrapped getter for member getName
2020-12-12 02:23:54.386.restartedMain> DEBUG T[] U[] - Evaluating unwrapped getter for member getName
2020-12-12 02:23:54.386.restartedMain> DEBUG T[] U[] - Evaluating unwrapped getter for member getName
2020-12-12 02:23:54.387.restartedMain> DEBUG T[] U[] - Evaluating unwrapped getter for member getName
2020-12-12 02:23:54.387.restartedMain> DEBUG T[] U[] - Inferred 2 properties. Properties found name, userId
2020-12-12 02:23:54.387.restartedMain> DEBUG T[] U[] - Generated parameter model id: SampleDomain, name: SampleDomain, schema: {} models
2020-12-12 02:23:54.387.restartedMain> DEBUG T[] U[] - Adding a new model with key SampleDomain
2020-12-12 02:23:54.395.restartedMain> DEBUG T[] U[] - Setting spring response class to: SampleDomain
2020-12-12 02:23:54.396.restartedMain> DEBUG T[] U[] - Setting response class to:SampleDomain
2020-12-12 02:23:54.396.restartedMain> DEBUG T[] U[] - Authorization count 0 for method getTest
2020-12-12 02:23:54.396.restartedMain> DEBUG T[] U[] - Adding return parameter of type V
2020-12-12 02:23:54.396.restartedMain> DEBUG T[] U[] - Reading parameters models for handlerMethod |postTest|
2020-12-12 02:23:54.397.restartedMain> DEBUG T[] U[] - Finished reading parameters models for handlerMethod |postTest|
2020-12-12 02:23:54.397.restartedMain> DEBUG T[] U[] - Reading parameters models for handlerMethod |postTest|
2020-12-12 02:23:54.397.restartedMain> DEBUG T[] U[] - Skipping model of type V as its either a container type, map, enum or base type, or its already been handled
2020-12-12 02:23:54.397.restartedMain> DEBUG T[] U[] - Did not find any parameter models for void
2020-12-12 02:23:54.398.restartedMain> DEBUG T[] U[] - Setting spring response class to: null
2020-12-12 02:23:54.399.restartedMain> DEBUG T[] U[] - Authorization count 0 for method postTest
2020-12-12 02:23:54.435.restartedMain> DEBUG T[] U[] - starting undertow server io.undertow.Undertow@314066ad
2020-12-12 02:23:54.444.restartedMain> INFO  T[] U[] - XNIO version 3.3.8.Final
2020-12-12 02:23:54.458.restartedMain> INFO  T[] U[] - XNIO NIO Implementation Version 3.3.8.Final
2020-12-12 02:23:54.496.XNIO-1 I/O-1> DEBUG T[] U[] - Started channel thread 'XNIO-1 I/O-1', selector sun.nio.ch.KQueueSelectorImpl@5b56c2af
2020-12-12 02:23:54.496.XNIO-1 I/O-4> DEBUG T[] U[] - Started channel thread 'XNIO-1 I/O-4', selector sun.nio.ch.KQueueSelectorImpl@52d2bbc4
2020-12-12 02:23:54.496.XNIO-1 I/O-2> DEBUG T[] U[] - Started channel thread 'XNIO-1 I/O-2', selector sun.nio.ch.KQueueSelectorImpl@3a80dc6
2020-12-12 02:23:54.496.XNIO-1 I/O-5> DEBUG T[] U[] - Started channel thread 'XNIO-1 I/O-5', selector sun.nio.ch.KQueueSelectorImpl@61f22a79
2020-12-12 02:23:54.496.XNIO-1 I/O-3> DEBUG T[] U[] - Started channel thread 'XNIO-1 I/O-3', selector sun.nio.ch.KQueueSelectorImpl@1ea297fa
2020-12-12 02:23:54.496.XNIO-1 I/O-6> DEBUG T[] U[] - Started channel thread 'XNIO-1 I/O-6', selector sun.nio.ch.KQueueSelectorImpl@4ffda1de
2020-12-12 02:23:54.497.XNIO-1 I/O-8> DEBUG T[] U[] - Started channel thread 'XNIO-1 I/O-8', selector sun.nio.ch.KQueueSelectorImpl@4d604d8d
2020-12-12 02:23:54.497.XNIO-1 I/O-7> DEBUG T[] U[] - Started channel thread 'XNIO-1 I/O-7', selector sun.nio.ch.KQueueSelectorImpl@26946754
2020-12-12 02:23:54.497.XNIO-1 I/O-9> DEBUG T[] U[] - Started channel thread 'XNIO-1 I/O-9', selector sun.nio.ch.KQueueSelectorImpl@5ff0858
2020-12-12 02:23:54.497.XNIO-1 I/O-10> DEBUG T[] U[] - Started channel thread 'XNIO-1 I/O-10', selector sun.nio.ch.KQueueSelectorImpl@4761872
2020-12-12 02:23:54.497.XNIO-1 I/O-11> DEBUG T[] U[] - Started channel thread 'XNIO-1 I/O-11', selector sun.nio.ch.KQueueSelectorImpl@15ac9dc0
2020-12-12 02:23:54.497.XNIO-1 I/O-12> DEBUG T[] U[] - Started channel thread 'XNIO-1 I/O-12', selector sun.nio.ch.KQueueSelectorImpl@6ac279d5
2020-12-12 02:23:54.497.XNIO-1 I/O-13> DEBUG T[] U[] - Started channel thread 'XNIO-1 I/O-13', selector sun.nio.ch.KQueueSelectorImpl@641f7620
2020-12-12 02:23:54.497.XNIO-1 I/O-14> DEBUG T[] U[] - Started channel thread 'XNIO-1 I/O-14', selector sun.nio.ch.KQueueSelectorImpl@61407a21
2020-12-12 02:23:54.497.XNIO-1 I/O-15> DEBUG T[] U[] - Started channel thread 'XNIO-1 I/O-15', selector sun.nio.ch.KQueueSelectorImpl@77d1aff
2020-12-12 02:23:54.497.XNIO-1 I/O-16> DEBUG T[] U[] - Started channel thread 'XNIO-1 I/O-16', selector sun.nio.ch.KQueueSelectorImpl@4c141b13
2020-12-12 02:23:54.497.XNIO-1 I/O-18> DEBUG T[] U[] - Started channel thread 'XNIO-1 I/O-18', selector sun.nio.ch.KQueueSelectorImpl@7550895
2020-12-12 02:23:54.497.XNIO-1 I/O-17> DEBUG T[] U[] - Started channel thread 'XNIO-1 I/O-17', selector sun.nio.ch.KQueueSelectorImpl@45618a82
2020-12-12 02:23:54.498.XNIO-1 I/O-19> DEBUG T[] U[] - Started channel thread 'XNIO-1 I/O-19', selector sun.nio.ch.KQueueSelectorImpl@7593e3da
2020-12-12 02:23:54.498.XNIO-1 I/O-20> DEBUG T[] U[] - Started channel thread 'XNIO-1 I/O-20', selector sun.nio.ch.KQueueSelectorImpl@3a82b347
2020-12-12 02:23:54.498.XNIO-1 I/O-21> DEBUG T[] U[] - Started channel thread 'XNIO-1 I/O-21', selector sun.nio.ch.KQueueSelectorImpl@25a50d84
2020-12-12 02:23:54.498.XNIO-1 I/O-22> DEBUG T[] U[] - Started channel thread 'XNIO-1 I/O-22', selector sun.nio.ch.KQueueSelectorImpl@4d890aff
2020-12-12 02:23:54.498.XNIO-1 I/O-23> DEBUG T[] U[] - Started channel thread 'XNIO-1 I/O-23', selector sun.nio.ch.KQueueSelectorImpl@51019904
2020-12-12 02:23:54.498.XNIO-1 I/O-24> DEBUG T[] U[] - Started channel thread 'XNIO-1 I/O-24', selector sun.nio.ch.KQueueSelectorImpl@5d297db1
2020-12-12 02:23:54.498.XNIO-1 I/O-25> DEBUG T[] U[] - Started channel thread 'XNIO-1 I/O-25', selector sun.nio.ch.KQueueSelectorImpl@86f9a44
2020-12-12 02:23:54.498.XNIO-1 I/O-26> DEBUG T[] U[] - Started channel thread 'XNIO-1 I/O-26', selector sun.nio.ch.KQueueSelectorImpl@c2723a0
2020-12-12 02:23:54.498.XNIO-1 I/O-27> DEBUG T[] U[] - Started channel thread 'XNIO-1 I/O-27', selector sun.nio.ch.KQueueSelectorImpl@18eb145f
2020-12-12 02:23:54.499.XNIO-1 I/O-28> DEBUG T[] U[] - Started channel thread 'XNIO-1 I/O-28', selector sun.nio.ch.KQueueSelectorImpl@2e4fe0b9
2020-12-12 02:23:54.499.XNIO-1 I/O-29> DEBUG T[] U[] - Started channel thread 'XNIO-1 I/O-29', selector sun.nio.ch.KQueueSelectorImpl@24f517be
2020-12-12 02:23:54.499.XNIO-1 I/O-30> DEBUG T[] U[] - Started channel thread 'XNIO-1 I/O-30', selector sun.nio.ch.KQueueSelectorImpl@2dfa7c76
2020-12-12 02:23:54.499.XNIO-1 I/O-31> DEBUG T[] U[] - Started channel thread 'XNIO-1 I/O-31', selector sun.nio.ch.KQueueSelectorImpl@3f649277
2020-12-12 02:23:54.499.XNIO-1 I/O-32> DEBUG T[] U[] - Started channel thread 'XNIO-1 I/O-32', selector sun.nio.ch.KQueueSelectorImpl@3d8a7294
2020-12-12 02:23:54.499.XNIO-1 Accept> DEBUG T[] U[] - Started channel thread 'XNIO-1 Accept', selector sun.nio.ch.KQueueSelectorImpl@1f3143f5
2020-12-12 02:23:54.499.restartedMain> DEBUG T[] U[] - Configuring listener with protocol HTTP for interface 0.0.0.0 and port 10340
2020-12-12 02:23:54.559.restartedMain> INFO  T[] U[] - Started KotlinProjectKt in 12.699 seconds (JVM running for 14.853)
2020-12-12 02:23:55.155.RMI TCP Connection(2)-127.0.0.1> INFO  T[] U[] - Initializing Spring DispatcherServlet 'dispatcherServlet'
2020-12-12 02:24:03.672.XNIO-1 I/O-1> DEBUG T[] U[] - Matched default handler path /cams/swagger-ui.html
2020-12-12 02:24:03.726.XNIO-1 I/O-24> DEBUG T[] U[] - Matched default handler path /favicon.ico
2020-12-12 02:24:03.743.XNIO-1 I/O-15> DEBUG T[] U[] - Matched default handler path /apple-touch-icon-precomposed.png
2020-12-12 02:24:03.745.XNIO-1 I/O-15> DEBUG T[] U[] - Matched default handler path /apple-touch-icon.png
2020-12-12 02:24:16.845.HikariPool-1 housekeeper> DEBUG T[] U[] - HikariPool-1 - Pool stats (total=50, active=0, idle=50, waiting=0)
2020-12-12 02:24:18.769.XNIO-1 I/O-24> DEBUG T[] U[] - Matched default handler path /cams/swagger-ui.html
2020-12-12 02:24:21.119.XNIO-1 I/O-1> DEBUG T[] U[] - Matched prefix path /dyshin for path /dyshin/swagger-ui.html
2020-12-12 02:24:21.147.XNIO-1 task-1> DEBUG T[] U[] - Attempting to authenticate /dyshin/swagger-ui.html, authentication required: false
2020-12-12 02:24:21.150.XNIO-1 task-1> DEBUG T[] U[] - Authentication outcome was NOT_ATTEMPTED with method io.undertow.security.impl.CachedAuthenticatedSessionMechanism@3a350e42 for /dyshin/swagger-ui.html
2020-12-12 02:24:21.150.XNIO-1 task-1> DEBUG T[] U[] - Authentication result was ATTEMPTED for /dyshin/swagger-ui.html
2020-12-12 02:24:21.181.XNIO-1 task-1> DEBUG T[] U[] - looking up handler for path: /swagger-ui.html
2020-12-12 02:24:21.237.XNIO-1 I/O-1> DEBUG T[] U[] - Matched prefix path /dyshin for path /dyshin/webjars/springfox-swagger-ui/springfox.css
2020-12-12 02:24:21.238.XNIO-1 task-2> DEBUG T[] U[] - Attempting to authenticate /dyshin/webjars/springfox-swagger-ui/springfox.css, authentication required: false
2020-12-12 02:24:21.238.XNIO-1 task-2> DEBUG T[] U[] - Authentication outcome was NOT_ATTEMPTED with method io.undertow.security.impl.CachedAuthenticatedSessionMechanism@3a350e42 for /dyshin/webjars/springfox-swagger-ui/springfox.css
2020-12-12 02:24:21.238.XNIO-1 task-2> DEBUG T[] U[] - Authentication result was ATTEMPTED for /dyshin/webjars/springfox-swagger-ui/springfox.css
2020-12-12 02:24:21.238.XNIO-1 task-2> DEBUG T[] U[] - looking up handler for path: /webjars/springfox-swagger-ui/springfox.css
2020-12-12 02:24:21.242.XNIO-1 I/O-22> DEBUG T[] U[] - Matched prefix path /dyshin for path /dyshin/webjars/springfox-swagger-ui/swagger-ui.css
2020-12-12 02:24:21.243.XNIO-1 I/O-13> DEBUG T[] U[] - Matched prefix path /dyshin for path /dyshin/webjars/springfox-swagger-ui/springfox.js
2020-12-12 02:24:21.243.XNIO-1 I/O-4> DEBUG T[] U[] - Matched prefix path /dyshin for path /dyshin/webjars/springfox-swagger-ui/swagger-ui-bundle.js
2020-12-12 02:24:21.243.XNIO-1 I/O-27> DEBUG T[] U[] - Matched prefix path /dyshin for path /dyshin/webjars/springfox-swagger-ui/swagger-ui-standalone-preset.js
2020-12-12 02:24:21.244.XNIO-1 task-3> DEBUG T[] U[] - Attempting to authenticate /dyshin/webjars/springfox-swagger-ui/swagger-ui.css, authentication required: false
2020-12-12 02:24:21.244.XNIO-1 task-3> DEBUG T[] U[] - Authentication outcome was NOT_ATTEMPTED with method io.undertow.security.impl.CachedAuthenticatedSessionMechanism@3a350e42 for /dyshin/webjars/springfox-swagger-ui/swagger-ui.css
2020-12-12 02:24:21.244.XNIO-1 task-4> DEBUG T[] U[] - Attempting to authenticate /dyshin/webjars/springfox-swagger-ui/springfox.js, authentication required: false
2020-12-12 02:24:21.244.XNIO-1 task-5> DEBUG T[] U[] - Attempting to authenticate /dyshin/webjars/springfox-swagger-ui/swagger-ui-bundle.js, authentication required: false
2020-12-12 02:24:21.244.XNIO-1 task-3> DEBUG T[] U[] - Authentication result was ATTEMPTED for /dyshin/webjars/springfox-swagger-ui/swagger-ui.css
2020-12-12 02:24:21.244.XNIO-1 task-5> DEBUG T[] U[] - Authentication outcome was NOT_ATTEMPTED with method io.undertow.security.impl.CachedAuthenticatedSessionMechanism@3a350e42 for /dyshin/webjars/springfox-swagger-ui/swagger-ui-bundle.js
2020-12-12 02:24:21.244.XNIO-1 task-5> DEBUG T[] U[] - Authentication result was ATTEMPTED for /dyshin/webjars/springfox-swagger-ui/swagger-ui-bundle.js
2020-12-12 02:24:21.244.XNIO-1 task-4> DEBUG T[] U[] - Authentication outcome was NOT_ATTEMPTED with method io.undertow.security.impl.CachedAuthenticatedSessionMechanism@3a350e42 for /dyshin/webjars/springfox-swagger-ui/springfox.js
2020-12-12 02:24:21.244.XNIO-1 task-4> DEBUG T[] U[] - Authentication result was ATTEMPTED for /dyshin/webjars/springfox-swagger-ui/springfox.js
2020-12-12 02:24:21.245.XNIO-1 task-3> DEBUG T[] U[] - looking up handler for path: /webjars/springfox-swagger-ui/swagger-ui.css
2020-12-12 02:24:21.245.XNIO-1 task-5> DEBUG T[] U[] - looking up handler for path: /webjars/springfox-swagger-ui/swagger-ui-bundle.js
2020-12-12 02:24:21.245.XNIO-1 task-4> DEBUG T[] U[] - looking up handler for path: /webjars/springfox-swagger-ui/springfox.js
2020-12-12 02:24:21.244.XNIO-1 task-6> DEBUG T[] U[] - Attempting to authenticate /dyshin/webjars/springfox-swagger-ui/swagger-ui-standalone-preset.js, authentication required: false
2020-12-12 02:24:21.245.XNIO-1 task-6> DEBUG T[] U[] - Authentication outcome was NOT_ATTEMPTED with method io.undertow.security.impl.CachedAuthenticatedSessionMechanism@3a350e42 for /dyshin/webjars/springfox-swagger-ui/swagger-ui-standalone-preset.js
2020-12-12 02:24:21.245.XNIO-1 task-6> DEBUG T[] U[] - Authentication result was ATTEMPTED for /dyshin/webjars/springfox-swagger-ui/swagger-ui-standalone-preset.js
2020-12-12 02:24:21.246.XNIO-1 task-6> DEBUG T[] U[] - looking up handler for path: /webjars/springfox-swagger-ui/swagger-ui-standalone-preset.js
2020-12-12 02:24:21.491.XNIO-1 I/O-1> DEBUG T[] U[] - Matched prefix path /dyshin for path /dyshin/swagger-resources/configuration/ui
2020-12-12 02:24:21.493.XNIO-1 task-7> DEBUG T[] U[] - Attempting to authenticate /dyshin/swagger-resources/configuration/ui, authentication required: false
2020-12-12 02:24:21.493.XNIO-1 task-7> DEBUG T[] U[] - Authentication outcome was NOT_ATTEMPTED with method io.undertow.security.impl.CachedAuthenticatedSessionMechanism@3a350e42 for /dyshin/swagger-resources/configuration/ui
2020-12-12 02:24:21.493.XNIO-1 task-7> DEBUG T[] U[] - Authentication result was ATTEMPTED for /dyshin/swagger-resources/configuration/ui
2020-12-12 02:24:21.494.XNIO-1 task-7> DEBUG T[] U[] - looking up handler for path: /swagger-resources/configuration/ui
2020-12-12 02:24:21.497.XNIO-1 I/O-24> DEBUG T[] U[] - Matched prefix path /dyshin for path /dyshin/webjars/springfox-swagger-ui/favicon-32x32.png
2020-12-12 02:24:21.498.XNIO-1 task-8> DEBUG T[] U[] - Attempting to authenticate /dyshin/webjars/springfox-swagger-ui/favicon-32x32.png, authentication required: false
2020-12-12 02:24:21.499.XNIO-1 task-8> DEBUG T[] U[] - Authentication outcome was NOT_ATTEMPTED with method io.undertow.security.impl.CachedAuthenticatedSessionMechanism@3a350e42 for /dyshin/webjars/springfox-swagger-ui/favicon-32x32.png
2020-12-12 02:24:21.499.XNIO-1 task-8> DEBUG T[] U[] - Authentication result was ATTEMPTED for /dyshin/webjars/springfox-swagger-ui/favicon-32x32.png
2020-12-12 02:24:21.500.XNIO-1 task-8> DEBUG T[] U[] - looking up handler for path: /webjars/springfox-swagger-ui/favicon-32x32.png
2020-12-12 02:24:21.501.XNIO-1 I/O-18> DEBUG T[] U[] - Matched prefix path /dyshin for path /dyshin/webjars/springfox-swagger-ui/favicon-16x16.png
2020-12-12 02:24:21.503.XNIO-1 task-9> DEBUG T[] U[] - Attempting to authenticate /dyshin/webjars/springfox-swagger-ui/favicon-16x16.png, authentication required: false
2020-12-12 02:24:21.503.XNIO-1 task-9> DEBUG T[] U[] - Authentication outcome was NOT_ATTEMPTED with method io.undertow.security.impl.CachedAuthenticatedSessionMechanism@3a350e42 for /dyshin/webjars/springfox-swagger-ui/favicon-16x16.png
2020-12-12 02:24:21.504.XNIO-1 task-9> DEBUG T[] U[] - Authentication result was ATTEMPTED for /dyshin/webjars/springfox-swagger-ui/favicon-16x16.png
2020-12-12 02:24:21.505.XNIO-1 task-9> DEBUG T[] U[] - looking up handler for path: /webjars/springfox-swagger-ui/favicon-16x16.png
2020-12-12 02:24:21.592.XNIO-1 I/O-1> DEBUG T[] U[] - Matched prefix path /dyshin for path /dyshin/swagger-resources/configuration/security
2020-12-12 02:24:21.592.XNIO-1 task-10> DEBUG T[] U[] - Attempting to authenticate /dyshin/swagger-resources/configuration/security, authentication required: false
2020-12-12 02:24:21.593.XNIO-1 task-10> DEBUG T[] U[] - Authentication outcome was NOT_ATTEMPTED with method io.undertow.security.impl.CachedAuthenticatedSessionMechanism@3a350e42 for /dyshin/swagger-resources/configuration/security
2020-12-12 02:24:21.593.XNIO-1 task-10> DEBUG T[] U[] - Authentication result was ATTEMPTED for /dyshin/swagger-resources/configuration/security
2020-12-12 02:24:21.593.XNIO-1 task-10> DEBUG T[] U[] - looking up handler for path: /swagger-resources/configuration/security
2020-12-12 02:24:21.601.XNIO-1 I/O-1> DEBUG T[] U[] - Matched prefix path /dyshin for path /dyshin/swagger-resources
2020-12-12 02:24:21.602.XNIO-1 task-11> DEBUG T[] U[] - Attempting to authenticate /dyshin/swagger-resources, authentication required: false
2020-12-12 02:24:21.602.XNIO-1 task-11> DEBUG T[] U[] - Authentication outcome was NOT_ATTEMPTED with method io.undertow.security.impl.CachedAuthenticatedSessionMechanism@3a350e42 for /dyshin/swagger-resources
2020-12-12 02:24:21.602.XNIO-1 task-11> DEBUG T[] U[] - Authentication result was ATTEMPTED for /dyshin/swagger-resources
2020-12-12 02:24:21.602.XNIO-1 task-11> DEBUG T[] U[] - looking up handler for path: /swagger-resources
2020-12-12 02:24:21.642.XNIO-1 I/O-1> DEBUG T[] U[] - Matched prefix path /dyshin for path /dyshin/v2/api-docs
2020-12-12 02:24:21.642.XNIO-1 I/O-22> DEBUG T[] U[] - Matched prefix path /dyshin for path /dyshin/
2020-12-12 02:24:21.643.XNIO-1 task-12> DEBUG T[] U[] - Attempting to authenticate /dyshin/v2/api-docs, authentication required: false
2020-12-12 02:24:21.643.XNIO-1 task-12> DEBUG T[] U[] - Authentication outcome was NOT_ATTEMPTED with method io.undertow.security.impl.CachedAuthenticatedSessionMechanism@3a350e42 for /dyshin/v2/api-docs
2020-12-12 02:24:21.643.XNIO-1 task-12> DEBUG T[] U[] - Authentication result was ATTEMPTED for /dyshin/v2/api-docs
2020-12-12 02:24:21.644.XNIO-1 task-12> DEBUG T[] U[] - looking up handler for path: /v2/api-docs
2020-12-12 02:24:21.645.XNIO-1 task-12> DEBUG T[] U[] - Mapped to public org.springframework.http.ResponseEntity<springfox.documentation.spring.web.json.Json> springfox.documentation.swagger2.web.Swagger2Controller.getDocumentation(java.lang.String,javax.servlet.http.HttpServletRequest)
2020-12-12 02:24:21.651.XNIO-1 task-13> DEBUG T[] U[] - Attempting to authenticate /dyshin/, authentication required: false
2020-12-12 02:24:21.651.XNIO-1 task-13> DEBUG T[] U[] - Authentication outcome was NOT_ATTEMPTED with method io.undertow.security.impl.CachedAuthenticatedSessionMechanism@3a350e42 for /dyshin/
2020-12-12 02:24:21.651.XNIO-1 task-13> DEBUG T[] U[] - Authentication result was ATTEMPTED for /dyshin/
2020-12-12 02:24:21.652.XNIO-1 task-13> DEBUG T[] U[] - looking up handler for path: /
2020-12-12 02:24:21.675.XNIO-1 task-13> ERROR T[] U[] - UT005023: Exception handling request to /dyshin/
javax.servlet.ServletException: No adapter for handler [com.kotlin.boot.sample.controller.SampleApi@31ecbb9c]: The DispatcherServlet configuration needs to include a HandlerAdapter that supports this handler
	at org.springframework.web.servlet.DispatcherServlet.getHandlerAdapter(DispatcherServlet.java:1273)
	at org.springframework.web.servlet.DispatcherServlet.doDispatch(DispatcherServlet.java:1022)
	at org.springframework.web.servlet.DispatcherServlet.doService(DispatcherServlet.java:942)
	at org.springframework.web.servlet.FrameworkServlet.processRequest(FrameworkServlet.java:1005)
	at org.springframework.web.servlet.FrameworkServlet.doGet(FrameworkServlet.java:897)
	at javax.servlet.http.HttpServlet.service(HttpServlet.java:645)
	at org.springframework.web.servlet.FrameworkServlet.service(FrameworkServlet.java:882)
	at javax.servlet.http.HttpServlet.service(HttpServlet.java:750)
	at io.undertow.servlet.handlers.ServletHandler.handleRequest(ServletHandler.java:74)
	at io.undertow.servlet.handlers.FilterHandler$FilterChainImpl.doFilter(FilterHandler.java:129)
	at org.springframework.boot.actuate.web.trace.servlet.HttpTraceFilter.doFilterInternal(HttpTraceFilter.java:88)
	at org.springframework.web.filter.OncePerRequestFilter.doFilter(OncePerRequestFilter.java:118)
	at io.undertow.servlet.core.ManagedFilter.doFilter(ManagedFilter.java:61)
	at io.undertow.servlet.handlers.FilterHandler$FilterChainImpl.doFilter(FilterHandler.java:131)
	at org.springframework.web.filter.RequestContextFilter.doFilterInternal(RequestContextFilter.java:99)
	at org.springframework.web.filter.OncePerRequestFilter.doFilter(OncePerRequestFilter.java:118)
	at io.undertow.servlet.core.ManagedFilter.doFilter(ManagedFilter.java:61)
	at io.undertow.servlet.handlers.FilterHandler$FilterChainImpl.doFilter(FilterHandler.java:131)
	at org.springframework.web.filter.FormContentFilter.doFilterInternal(FormContentFilter.java:92)
	at org.springframework.web.filter.OncePerRequestFilter.doFilter(OncePerRequestFilter.java:118)
	at io.undertow.servlet.core.ManagedFilter.doFilter(ManagedFilter.java:61)
	at io.undertow.servlet.handlers.FilterHandler$FilterChainImpl.doFilter(FilterHandler.java:131)
	at org.springframework.web.filter.HiddenHttpMethodFilter.doFilterInternal(HiddenHttpMethodFilter.java:93)
	at org.springframework.web.filter.OncePerRequestFilter.doFilter(OncePerRequestFilter.java:118)
	at io.undertow.servlet.core.ManagedFilter.doFilter(ManagedFilter.java:61)
	at io.undertow.servlet.handlers.FilterHandler$FilterChainImpl.doFilter(FilterHandler.java:131)
	at org.springframework.boot.actuate.metrics.web.servlet.WebMvcMetricsFilter.filterAndRecordMetrics(WebMvcMetricsFilter.java:114)
	at org.springframework.boot.actuate.metrics.web.servlet.WebMvcMetricsFilter.doFilterInternal(WebMvcMetricsFilter.java:104)
	at org.springframework.web.filter.OncePerRequestFilter.doFilter(OncePerRequestFilter.java:118)
	at io.undertow.servlet.core.ManagedFilter.doFilter(ManagedFilter.java:61)
	at io.undertow.servlet.handlers.FilterHandler$FilterChainImpl.doFilter(FilterHandler.java:131)
	at org.springframework.web.filter.CharacterEncodingFilter.doFilterInternal(CharacterEncodingFilter.java:200)
	at org.springframework.web.filter.OncePerRequestFilter.doFilter(OncePerRequestFilter.java:118)
	at io.undertow.servlet.core.ManagedFilter.doFilter(ManagedFilter.java:61)
	at io.undertow.servlet.handlers.FilterHandler$FilterChainImpl.doFilter(FilterHandler.java:131)
	at io.undertow.servlet.handlers.FilterHandler.handleRequest(FilterHandler.java:84)
	at io.undertow.servlet.handlers.security.ServletSecurityRoleHandler.handleRequest(ServletSecurityRoleHandler.java:62)
	at io.undertow.servlet.handlers.ServletChain$1.handleRequest(ServletChain.java:68)
	at io.undertow.servlet.handlers.ServletDispatchingHandler.handleRequest(ServletDispatchingHandler.java:36)
	at io.undertow.servlet.handlers.RedirectDirHandler.handleRequest(RedirectDirHandler.java:68)
	at io.undertow.servlet.handlers.security.SSLInformationAssociationHandler.handleRequest(SSLInformationAssociationHandler.java:132)
	at io.undertow.servlet.handlers.security.ServletAuthenticationCallHandler.handleRequest(ServletAuthenticationCallHandler.java:57)
	at io.undertow.server.handlers.PredicateHandler.handleRequest(PredicateHandler.java:43)
	at io.undertow.security.handlers.AbstractConfidentialityHandler.handleRequest(AbstractConfidentialityHandler.java:46)
	at io.undertow.servlet.handlers.security.ServletConfidentialityConstraintHandler.handleRequest(ServletConfidentialityConstraintHandler.java:64)
	at io.undertow.security.handlers.AuthenticationMechanismsHandler.handleRequest(AuthenticationMechanismsHandler.java:60)
	at io.undertow.servlet.handlers.security.CachedAuthenticatedSessionHandler.handleRequest(CachedAuthenticatedSessionHandler.java:77)
	at io.undertow.security.handlers.AbstractSecurityContextAssociationHandler.handleRequest(AbstractSecurityContextAssociationHandler.java:43)
	at io.undertow.server.handlers.PredicateHandler.handleRequest(PredicateHandler.java:43)
	at io.undertow.server.handlers.PredicateHandler.handleRequest(PredicateHandler.java:43)
	at io.undertow.servlet.handlers.SessionRestoringHandler.handleRequest(SessionRestoringHandler.java:119)
	at io.undertow.servlet.handlers.ServletInitialHandler.handleFirstRequest(ServletInitialHandler.java:269)
	at io.undertow.servlet.handlers.ServletInitialHandler.access$100(ServletInitialHandler.java:78)
	at io.undertow.servlet.handlers.ServletInitialHandler$2.call(ServletInitialHandler.java:133)
	at io.undertow.servlet.handlers.ServletInitialHandler$2.call(ServletInitialHandler.java:130)
	at io.undertow.servlet.core.ServletRequestContextThreadSetupAction$1.call(ServletRequestContextThreadSetupAction.java:48)
	at io.undertow.servlet.core.ContextClassLoaderSetupAction$1.call(ContextClassLoaderSetupAction.java:43)
	at io.undertow.servlet.handlers.ServletInitialHandler.dispatchRequest(ServletInitialHandler.java:249)
	at io.undertow.servlet.handlers.ServletInitialHandler.access$000(ServletInitialHandler.java:78)
	at io.undertow.servlet.handlers.ServletInitialHandler$1.handleRequest(ServletInitialHandler.java:99)
	at io.undertow.server.Connectors.executeRootHandler(Connectors.java:376)
	at io.undertow.server.HttpServerExchange$1.run(HttpServerExchange.java:830)
	at java.util.concurrent.ThreadPoolExecutor.runWorker(ThreadPoolExecutor.java:1149)
	at java.util.concurrent.ThreadPoolExecutor$Worker.run(ThreadPoolExecutor.java:624)
	at java.lang.Thread.run(Thread.java:748)
2020-12-12 02:24:21.677.XNIO-1 task-13> DEBUG T[] U[] - Setting error code 500 for exchange HttpServerExchange{ GET /dyshin/}
java.lang.RuntimeException: null
	at io.undertow.server.HttpServerExchange.setStatusCode(HttpServerExchange.java:1410)
	at io.undertow.servlet.handlers.ServletInitialHandler.handleFirstRequest(ServletInitialHandler.java:299)
	at io.undertow.servlet.handlers.ServletInitialHandler.access$100(ServletInitialHandler.java:78)
	at io.undertow.servlet.handlers.ServletInitialHandler$2.call(ServletInitialHandler.java:133)
	at io.undertow.servlet.handlers.ServletInitialHandler$2.call(ServletInitialHandler.java:130)
	at io.undertow.servlet.core.ServletRequestContextThreadSetupAction$1.call(ServletRequestContextThreadSetupAction.java:48)
	at io.undertow.servlet.core.ContextClassLoaderSetupAction$1.call(ContextClassLoaderSetupAction.java:43)
	at io.undertow.servlet.handlers.ServletInitialHandler.dispatchRequest(ServletInitialHandler.java:249)
	at io.undertow.servlet.handlers.ServletInitialHandler.access$000(ServletInitialHandler.java:78)
	at io.undertow.servlet.handlers.ServletInitialHandler$1.handleRequest(ServletInitialHandler.java:99)
	at io.undertow.server.Connectors.executeRootHandler(Connectors.java:376)
	at io.undertow.server.HttpServerExchange$1.run(HttpServerExchange.java:830)
	at java.util.concurrent.ThreadPoolExecutor.runWorker(ThreadPoolExecutor.java:1149)
	at java.util.concurrent.ThreadPoolExecutor$Worker.run(ThreadPoolExecutor.java:624)
	at java.lang.Thread.run(Thread.java:748)
2020-12-12 02:24:21.686.XNIO-1 task-13> DEBUG T[] U[] - looking up handler for path: /error
2020-12-12 02:24:21.690.XNIO-1 task-13> DEBUG T[] U[] - Setting error code 500 for exchange HttpServerExchange{ GET /dyshin/error}
java.lang.RuntimeException: null
	at io.undertow.server.HttpServerExchange.setStatusCode(HttpServerExchange.java:1410)
	at io.undertow.servlet.spec.HttpServletResponseImpl.setStatus(HttpServletResponseImpl.java:318)
	at org.springframework.web.servlet.mvc.method.annotation.HttpEntityMethodProcessor.handleReturnValue(HttpEntityMethodProcessor.java:205)
	at org.springframework.web.method.support.HandlerMethodReturnValueHandlerComposite.handleReturnValue(HandlerMethodReturnValueHandlerComposite.java:82)
	at org.springframework.web.servlet.mvc.method.annotation.ServletInvocableHandlerMethod.invokeAndHandle(ServletInvocableHandlerMethod.java:122)
	at org.springframework.web.servlet.mvc.method.annotation.RequestMappingHandlerAdapter.invokeHandlerMethod(RequestMappingHandlerAdapter.java:892)
	at org.springframework.web.servlet.mvc.method.annotation.RequestMappingHandlerAdapter.handleInternal(RequestMappingHandlerAdapter.java:797)
	at org.springframework.web.servlet.mvc.method.AbstractHandlerMethodAdapter.handle(AbstractHandlerMethodAdapter.java:87)
	at org.springframework.web.servlet.DispatcherServlet.doDispatch(DispatcherServlet.java:1039)
	at org.springframework.web.servlet.DispatcherServlet.doService(DispatcherServlet.java:942)
	at org.springframework.web.servlet.FrameworkServlet.processRequest(FrameworkServlet.java:1005)
	at org.springframework.web.servlet.FrameworkServlet.doGet(FrameworkServlet.java:897)
	at javax.servlet.http.HttpServlet.service(HttpServlet.java:645)
	at org.springframework.web.servlet.FrameworkServlet.service(FrameworkServlet.java:882)
	at javax.servlet.http.HttpServlet.service(HttpServlet.java:750)
	at io.undertow.servlet.handlers.ServletHandler.handleRequest(ServletHandler.java:74)
	at io.undertow.servlet.handlers.FilterHandler.handleRequest(FilterHandler.java:81)
	at io.undertow.servlet.handlers.security.ServletSecurityRoleHandler.handleRequest(ServletSecurityRoleHandler.java:62)
	at io.undertow.servlet.handlers.ServletChain$1.handleRequest(ServletChain.java:68)
	at io.undertow.servlet.handlers.ServletDispatchingHandler.handleRequest(ServletDispatchingHandler.java:36)
	at io.undertow.servlet.handlers.RedirectDirHandler.handleRequest(RedirectDirHandler.java:68)
	at io.undertow.server.handlers.PredicateHandler.handleRequest(PredicateHandler.java:43)
	at io.undertow.server.handlers.PredicateHandler.handleRequest(PredicateHandler.java:43)
	at io.undertow.servlet.handlers.SessionRestoringHandler.handleRequest(SessionRestoringHandler.java:119)
	at io.undertow.servlet.handlers.ServletInitialHandler.dispatchRequest(ServletInitialHandler.java:251)
	at io.undertow.servlet.handlers.ServletInitialHandler.dispatchToPath(ServletInitialHandler.java:186)
	at io.undertow.servlet.spec.RequestDispatcherImpl.error(RequestDispatcherImpl.java:501)
	at io.undertow.servlet.spec.RequestDispatcherImpl.error(RequestDispatcherImpl.java:427)
	at io.undertow.servlet.handlers.ServletInitialHandler.handleFirstRequest(ServletInitialHandler.java:308)
	at io.undertow.servlet.handlers.ServletInitialHandler.access$100(ServletInitialHandler.java:78)
	at io.undertow.servlet.handlers.ServletInitialHandler$2.call(ServletInitialHandler.java:133)
	at io.undertow.servlet.handlers.ServletInitialHandler$2.call(ServletInitialHandler.java:130)
	at io.undertow.servlet.core.ServletRequestContextThreadSetupAction$1.call(ServletRequestContextThreadSetupAction.java:48)
	at io.undertow.servlet.core.ContextClassLoaderSetupAction$1.call(ContextClassLoaderSetupAction.java:43)
	at io.undertow.servlet.handlers.ServletInitialHandler.dispatchRequest(ServletInitialHandler.java:249)
	at io.undertow.servlet.handlers.ServletInitialHandler.access$000(ServletInitialHandler.java:78)
	at io.undertow.servlet.handlers.ServletInitialHandler$1.handleRequest(ServletInitialHandler.java:99)
	at io.undertow.server.Connectors.executeRootHandler(Connectors.java:376)
	at io.undertow.server.HttpServerExchange$1.run(HttpServerExchange.java:830)
	at java.util.concurrent.ThreadPoolExecutor.runWorker(ThreadPoolExecutor.java:1149)
	at java.util.concurrent.ThreadPoolExecutor$Worker.run(ThreadPoolExecutor.java:624)
	at java.lang.Thread.run(Thread.java:748)
2020-12-12 02:24:21.698.XNIO-1 I/O-22> DEBUG T[] U[] - Matched prefix path /dyshin for path /dyshin/webjars/springfox-swagger-ui/fonts/titillium-web-v6-latin-700.woff2
2020-12-12 02:24:21.698.XNIO-1 I/O-13> DEBUG T[] U[] - Matched prefix path /dyshin for path /dyshin/webjars/springfox-swagger-ui/fonts/open-sans-v15-latin-regular.woff2
2020-12-12 02:24:21.699.XNIO-1 task-14> DEBUG T[] U[] - Attempting to authenticate /dyshin/webjars/springfox-swagger-ui/fonts/titillium-web-v6-latin-700.woff2, authentication required: false
2020-12-12 02:24:21.700.XNIO-1 task-15> DEBUG T[] U[] - Attempting to authenticate /dyshin/webjars/springfox-swagger-ui/fonts/open-sans-v15-latin-regular.woff2, authentication required: false
2020-12-12 02:24:21.700.XNIO-1 task-14> DEBUG T[] U[] - Authentication outcome was NOT_ATTEMPTED with method io.undertow.security.impl.CachedAuthenticatedSessionMechanism@3a350e42 for /dyshin/webjars/springfox-swagger-ui/fonts/titillium-web-v6-latin-700.woff2
2020-12-12 02:24:21.700.XNIO-1 task-15> DEBUG T[] U[] - Authentication outcome was NOT_ATTEMPTED with method io.undertow.security.impl.CachedAuthenticatedSessionMechanism@3a350e42 for /dyshin/webjars/springfox-swagger-ui/fonts/open-sans-v15-latin-regular.woff2
2020-12-12 02:24:21.700.XNIO-1 task-14> DEBUG T[] U[] - Authentication result was ATTEMPTED for /dyshin/webjars/springfox-swagger-ui/fonts/titillium-web-v6-latin-700.woff2
2020-12-12 02:24:21.700.XNIO-1 task-15> DEBUG T[] U[] - Authentication result was ATTEMPTED for /dyshin/webjars/springfox-swagger-ui/fonts/open-sans-v15-latin-regular.woff2
2020-12-12 02:24:21.700.XNIO-1 task-15> DEBUG T[] U[] - looking up handler for path: /webjars/springfox-swagger-ui/fonts/open-sans-v15-latin-regular.woff2
2020-12-12 02:24:21.700.XNIO-1 task-14> DEBUG T[] U[] - looking up handler for path: /webjars/springfox-swagger-ui/fonts/titillium-web-v6-latin-700.woff2
2020-12-12 02:24:21.711.XNIO-1 I/O-4> DEBUG T[] U[] - Matched prefix path /dyshin for path /dyshin/csrf
2020-12-12 02:24:21.715.XNIO-1 task-16> DEBUG T[] U[] - Attempting to authenticate /dyshin/csrf, authentication required: false
2020-12-12 02:24:21.716.XNIO-1 task-16> DEBUG T[] U[] - Authentication outcome was NOT_ATTEMPTED with method io.undertow.security.impl.CachedAuthenticatedSessionMechanism@3a350e42 for /dyshin/csrf
2020-12-12 02:24:21.716.XNIO-1 task-16> DEBUG T[] U[] - Authentication result was ATTEMPTED for /dyshin/csrf
2020-12-12 02:24:21.718.XNIO-1 task-16> DEBUG T[] U[] - looking up handler for path: /csrf
2020-12-12 02:24:21.736.XNIO-1 task-16> DEBUG T[] U[] - looking up handler for path: /error
2020-12-12 02:24:21.980.XNIO-1 I/O-1> DEBUG T[] U[] - Matched prefix path /dyshin for path /dyshin/webjars/springfox-swagger-ui/fonts/open-sans-v15-latin-700.woff2
2020-12-12 02:24:21.980.XNIO-1 I/O-22> DEBUG T[] U[] - Matched prefix path /dyshin for path /dyshin/webjars/springfox-swagger-ui/fonts/source-code-pro-v7-latin-300.woff2
2020-12-12 02:24:21.982.XNIO-1 task-17> DEBUG T[] U[] - Attempting to authenticate /dyshin/webjars/springfox-swagger-ui/fonts/open-sans-v15-latin-700.woff2, authentication required: false
2020-12-12 02:24:21.982.XNIO-1 task-18> DEBUG T[] U[] - Attempting to authenticate /dyshin/webjars/springfox-swagger-ui/fonts/source-code-pro-v7-latin-300.woff2, authentication required: false
2020-12-12 02:24:21.982.XNIO-1 task-17> DEBUG T[] U[] - Authentication outcome was NOT_ATTEMPTED with method io.undertow.security.impl.CachedAuthenticatedSessionMechanism@3a350e42 for /dyshin/webjars/springfox-swagger-ui/fonts/open-sans-v15-latin-700.woff2
2020-12-12 02:24:21.982.XNIO-1 task-18> DEBUG T[] U[] - Authentication outcome was NOT_ATTEMPTED with method io.undertow.security.impl.CachedAuthenticatedSessionMechanism@3a350e42 for /dyshin/webjars/springfox-swagger-ui/fonts/source-code-pro-v7-latin-300.woff2
2020-12-12 02:24:21.982.XNIO-1 task-17> DEBUG T[] U[] - Authentication result was ATTEMPTED for /dyshin/webjars/springfox-swagger-ui/fonts/open-sans-v15-latin-700.woff2
2020-12-12 02:24:21.982.XNIO-1 task-18> DEBUG T[] U[] - Authentication result was ATTEMPTED for /dyshin/webjars/springfox-swagger-ui/fonts/source-code-pro-v7-latin-300.woff2
2020-12-12 02:24:21.982.XNIO-1 task-17> DEBUG T[] U[] - looking up handler for path: /webjars/springfox-swagger-ui/fonts/open-sans-v15-latin-700.woff2
2020-12-12 02:24:21.982.XNIO-1 task-18> DEBUG T[] U[] - looking up handler for path: /webjars/springfox-swagger-ui/fonts/source-code-pro-v7-latin-300.woff2
2020-12-12 02:24:23.334.XNIO-1 I/O-1> DEBUG T[] U[] - Matched prefix path /dyshin for path /dyshin/webjars/springfox-swagger-ui/fonts/source-code-pro-v7-latin-600.woff2
2020-12-12 02:24:23.335.XNIO-1 task-19> DEBUG T[] U[] - Attempting to authenticate /dyshin/webjars/springfox-swagger-ui/fonts/source-code-pro-v7-latin-600.woff2, authentication required: false
2020-12-12 02:24:23.335.XNIO-1 task-19> DEBUG T[] U[] - Authentication outcome was NOT_ATTEMPTED with method io.undertow.security.impl.CachedAuthenticatedSessionMechanism@3a350e42 for /dyshin/webjars/springfox-swagger-ui/fonts/source-code-pro-v7-latin-600.woff2
2020-12-12 02:24:23.335.XNIO-1 task-19> DEBUG T[] U[] - Authentication result was ATTEMPTED for /dyshin/webjars/springfox-swagger-ui/fonts/source-code-pro-v7-latin-600.woff2
2020-12-12 02:24:23.335.XNIO-1 task-19> DEBUG T[] U[] - looking up handler for path: /webjars/springfox-swagger-ui/fonts/source-code-pro-v7-latin-600.woff2
2020-12-12 02:24:24.193.XNIO-1 I/O-1> DEBUG T[] U[] - Matched prefix path /dyshin for path /dyshin/webjars/springfox-swagger-ui/fonts/titillium-web-v6-latin-regular.woff2
2020-12-12 02:24:24.194.XNIO-1 task-20> DEBUG T[] U[] - Attempting to authenticate /dyshin/webjars/springfox-swagger-ui/fonts/titillium-web-v6-latin-regular.woff2, authentication required: false
2020-12-12 02:24:24.194.XNIO-1 task-20> DEBUG T[] U[] - Authentication outcome was NOT_ATTEMPTED with method io.undertow.security.impl.CachedAuthenticatedSessionMechanism@3a350e42 for /dyshin/webjars/springfox-swagger-ui/fonts/titillium-web-v6-latin-regular.woff2
2020-12-12 02:24:24.194.XNIO-1 task-20> DEBUG T[] U[] - Authentication result was ATTEMPTED for /dyshin/webjars/springfox-swagger-ui/fonts/titillium-web-v6-latin-regular.woff2
2020-12-12 02:24:24.195.XNIO-1 task-20> DEBUG T[] U[] - looking up handler for path: /webjars/springfox-swagger-ui/fonts/titillium-web-v6-latin-regular.woff2
2020-12-12 02:24:37.820.XNIO-1 I/O-1> DEBUG T[] U[] - Matched prefix path /dyshin for path /dyshin/game/join
2020-12-12 02:24:37.821.XNIO-1 task-21> DEBUG T[] U[] - Attempting to authenticate /dyshin/game/join, authentication required: false
2020-12-12 02:24:37.822.XNIO-1 task-21> DEBUG T[] U[] - Authentication outcome was NOT_ATTEMPTED with method io.undertow.security.impl.CachedAuthenticatedSessionMechanism@3a350e42 for /dyshin/game/join
2020-12-12 02:24:37.822.XNIO-1 task-21> DEBUG T[] U[] - Authentication result was ATTEMPTED for /dyshin/game/join
2020-12-12 02:24:37.822.XNIO-1 task-21> DEBUG T[] U[] - looking up handler for path: /game/join
2020-12-12 02:24:38.040.XNIO-1 I/O-1> DEBUG T[] U[] - Matched prefix path /dyshin for path /dyshin/webjars/springfox-swagger-ui/fonts/titillium-web-v6-latin-600.woff2
2020-12-12 02:24:38.041.XNIO-1 task-22> DEBUG T[] U[] - Attempting to authenticate /dyshin/webjars/springfox-swagger-ui/fonts/titillium-web-v6-latin-600.woff2, authentication required: false
2020-12-12 02:24:38.042.XNIO-1 task-22> DEBUG T[] U[] - Authentication outcome was NOT_ATTEMPTED with method io.undertow.security.impl.CachedAuthenticatedSessionMechanism@3a350e42 for /dyshin/webjars/springfox-swagger-ui/fonts/titillium-web-v6-latin-600.woff2
2020-12-12 02:24:38.042.XNIO-1 task-22> DEBUG T[] U[] - Authentication result was ATTEMPTED for /dyshin/webjars/springfox-swagger-ui/fonts/titillium-web-v6-latin-600.woff2
2020-12-12 02:24:38.042.XNIO-1 task-22> DEBUG T[] U[] - looking up handler for path: /webjars/springfox-swagger-ui/fonts/titillium-web-v6-latin-600.woff2
2020-12-12 02:24:46.848.HikariPool-1 housekeeper> DEBUG T[] U[] - HikariPool-1 - Pool stats (total=50, active=0, idle=50, waiting=0)
2020-12-12 02:25:16.855.HikariPool-1 housekeeper> DEBUG T[] U[] - HikariPool-1 - Pool stats (total=50, active=0, idle=50, waiting=0)
2020-12-12 02:25:46.859.HikariPool-1 housekeeper> DEBUG T[] U[] - HikariPool-1 - Pool stats (total=50, active=0, idle=50, waiting=0)
2020-12-12 02:26:16.864.HikariPool-1 housekeeper> DEBUG T[] U[] - HikariPool-1 - Pool stats (total=50, active=0, idle=50, waiting=0)
2020-12-12 02:26:46.872.HikariPool-1 housekeeper> DEBUG T[] U[] - HikariPool-1 - Pool stats (total=50, active=0, idle=50, waiting=0)
2020-12-12 02:26:59.930.XNIO-1 I/O-1> DEBUG T[] U[] - Matched prefix path /dyshin for path /dyshin/game/join
2020-12-12 02:26:59.934.XNIO-1 task-23> DEBUG T[] U[] - Attempting to authenticate /dyshin/game/join, authentication required: false
2020-12-12 02:26:59.935.XNIO-1 task-23> DEBUG T[] U[] - Authentication outcome was NOT_ATTEMPTED with method io.undertow.security.impl.CachedAuthenticatedSessionMechanism@3a350e42 for /dyshin/game/join
2020-12-12 02:26:59.935.XNIO-1 task-23> DEBUG T[] U[] - Authentication result was ATTEMPTED for /dyshin/game/join
2020-12-12 02:26:59.940.XNIO-1 task-23> DEBUG T[] U[] - looking up handler for path: /game/join
2020-12-12 02:26:59.987.XNIO-1 task-23> ERROR T[] U[] - error: 
com.kotlin.boot.global.exception.BadRequestException: null
	at com.kotlin.boot.game.service.GameService.playGame(GameService.kt:26)
	at com.kotlin.boot.game.service.GameService$$FastClassBySpringCGLIB$$225bb42a.invoke(<generated>)
	at org.springframework.cglib.proxy.MethodProxy.invoke(MethodProxy.java:218)
	at org.springframework.aop.framework.CglibAopProxy$CglibMethodInvocation.invokeJoinpoint(CglibAopProxy.java:749)
	at org.springframework.aop.framework.ReflectiveMethodInvocation.proceed(ReflectiveMethodInvocation.java:163)
	at org.springframework.transaction.interceptor.TransactionAspectSupport.invokeWithinTransaction(TransactionAspectSupport.java:295)
	at org.springframework.transaction.interceptor.TransactionInterceptor.invoke(TransactionInterceptor.java:98)
	at org.springframework.aop.framework.ReflectiveMethodInvocation.proceed(ReflectiveMethodInvocation.java:186)
	at org.springframework.aop.framework.CglibAopProxy$DynamicAdvisedInterceptor.intercept(CglibAopProxy.java:688)
	at com.kotlin.boot.game.service.GameService$$EnhancerBySpringCGLIB$$52b6acea.playGame(<generated>)
	at com.kotlin.boot.game.controller.GameController.joinGame(GameController.kt:20)
	at sun.reflect.NativeMethodAccessorImpl.invoke0(Native Method)
	at sun.reflect.NativeMethodAccessorImpl.invoke(NativeMethodAccessorImpl.java:62)
	at sun.reflect.DelegatingMethodAccessorImpl.invoke(DelegatingMethodAccessorImpl.java:43)
	at java.lang.reflect.Method.invoke(Method.java:498)
	at org.springframework.web.method.support.InvocableHandlerMethod.doInvoke(InvocableHandlerMethod.java:190)
	at org.springframework.web.method.support.InvocableHandlerMethod.invokeForRequest(InvocableHandlerMethod.java:138)
	at org.springframework.web.servlet.mvc.method.annotation.ServletInvocableHandlerMethod.invokeAndHandle(ServletInvocableHandlerMethod.java:104)
	at org.springframework.web.servlet.mvc.method.annotation.RequestMappingHandlerAdapter.invokeHandlerMethod(RequestMappingHandlerAdapter.java:892)
	at org.springframework.web.servlet.mvc.method.annotation.RequestMappingHandlerAdapter.handleInternal(RequestMappingHandlerAdapter.java:797)
	at org.springframework.web.servlet.mvc.method.AbstractHandlerMethodAdapter.handle(AbstractHandlerMethodAdapter.java:87)
	at org.springframework.web.servlet.DispatcherServlet.doDispatch(DispatcherServlet.java:1039)
	at org.springframework.web.servlet.DispatcherServlet.doService(DispatcherServlet.java:942)
	at org.springframework.web.servlet.FrameworkServlet.processRequest(FrameworkServlet.java:1005)
	at org.springframework.web.servlet.FrameworkServlet.doPost(FrameworkServlet.java:908)
	at javax.servlet.http.HttpServlet.service(HttpServlet.java:665)
	at org.springframework.web.servlet.FrameworkServlet.service(FrameworkServlet.java:882)
	at javax.servlet.http.HttpServlet.service(HttpServlet.java:750)
	at io.undertow.servlet.handlers.ServletHandler.handleRequest(ServletHandler.java:74)
	at io.undertow.servlet.handlers.FilterHandler$FilterChainImpl.doFilter(FilterHandler.java:129)
	at org.springframework.boot.actuate.web.trace.servlet.HttpTraceFilter.doFilterInternal(HttpTraceFilter.java:88)
	at org.springframework.web.filter.OncePerRequestFilter.doFilter(OncePerRequestFilter.java:118)
	at io.undertow.servlet.core.ManagedFilter.doFilter(ManagedFilter.java:61)
	at io.undertow.servlet.handlers.FilterHandler$FilterChainImpl.doFilter(FilterHandler.java:131)
	at org.springframework.web.filter.RequestContextFilter.doFilterInternal(RequestContextFilter.java:99)
	at org.springframework.web.filter.OncePerRequestFilter.doFilter(OncePerRequestFilter.java:118)
	at io.undertow.servlet.core.ManagedFilter.doFilter(ManagedFilter.java:61)
	at io.undertow.servlet.handlers.FilterHandler$FilterChainImpl.doFilter(FilterHandler.java:131)
	at org.springframework.web.filter.FormContentFilter.doFilterInternal(FormContentFilter.java:92)
	at org.springframework.web.filter.OncePerRequestFilter.doFilter(OncePerRequestFilter.java:118)
	at io.undertow.servlet.core.ManagedFilter.doFilter(ManagedFilter.java:61)
	at io.undertow.servlet.handlers.FilterHandler$FilterChainImpl.doFilter(FilterHandler.java:131)
	at org.springframework.web.filter.HiddenHttpMethodFilter.doFilterInternal(HiddenHttpMethodFilter.java:93)
	at org.springframework.web.filter.OncePerRequestFilter.doFilter(OncePerRequestFilter.java:118)
	at io.undertow.servlet.core.ManagedFilter.doFilter(ManagedFilter.java:61)
	at io.undertow.servlet.handlers.FilterHandler$FilterChainImpl.doFilter(FilterHandler.java:131)
	at org.springframework.boot.actuate.metrics.web.servlet.WebMvcMetricsFilter.filterAndRecordMetrics(WebMvcMetricsFilter.java:114)
	at org.springframework.boot.actuate.metrics.web.servlet.WebMvcMetricsFilter.doFilterInternal(WebMvcMetricsFilter.java:104)
	at org.springframework.web.filter.OncePerRequestFilter.doFilter(OncePerRequestFilter.java:118)
	at io.undertow.servlet.core.ManagedFilter.doFilter(ManagedFilter.java:61)
	at io.undertow.servlet.handlers.FilterHandler$FilterChainImpl.doFilter(FilterHandler.java:131)
	at org.springframework.web.filter.CharacterEncodingFilter.doFilterInternal(CharacterEncodingFilter.java:200)
	at org.springframework.web.filter.OncePerRequestFilter.doFilter(OncePerRequestFilter.java:118)
	at io.undertow.servlet.core.ManagedFilter.doFilter(ManagedFilter.java:61)
	at io.undertow.servlet.handlers.FilterHandler$FilterChainImpl.doFilter(FilterHandler.java:131)
	at io.undertow.servlet.handlers.FilterHandler.handleRequest(FilterHandler.java:84)
	at io.undertow.servlet.handlers.security.ServletSecurityRoleHandler.handleRequest(ServletSecurityRoleHandler.java:62)
	at io.undertow.servlet.handlers.ServletChain$1.handleRequest(ServletChain.java:68)
	at io.undertow.servlet.handlers.ServletDispatchingHandler.handleRequest(ServletDispatchingHandler.java:36)
	at io.undertow.servlet.handlers.RedirectDirHandler.handleRequest(RedirectDirHandler.java:68)
	at io.undertow.servlet.handlers.security.SSLInformationAssociationHandler.handleRequest(SSLInformationAssociationHandler.java:132)
	at io.undertow.servlet.handlers.security.ServletAuthenticationCallHandler.handleRequest(ServletAuthenticationCallHandler.java:57)
	at io.undertow.server.handlers.PredicateHandler.handleRequest(PredicateHandler.java:43)
	at io.undertow.security.handlers.AbstractConfidentialityHandler.handleRequest(AbstractConfidentialityHandler.java:46)
	at io.undertow.servlet.handlers.security.ServletConfidentialityConstraintHandler.handleRequest(ServletConfidentialityConstraintHandler.java:64)
	at io.undertow.security.handlers.AuthenticationMechanismsHandler.handleRequest(AuthenticationMechanismsHandler.java:60)
	at io.undertow.servlet.handlers.security.CachedAuthenticatedSessionHandler.handleRequest(CachedAuthenticatedSessionHandler.java:77)
	at io.undertow.security.handlers.AbstractSecurityContextAssociationHandler.handleRequest(AbstractSecurityContextAssociationHandler.java:43)
	at io.undertow.server.handlers.PredicateHandler.handleRequest(PredicateHandler.java:43)
	at io.undertow.server.handlers.PredicateHandler.handleRequest(PredicateHandler.java:43)
	at io.undertow.servlet.handlers.SessionRestoringHandler.handleRequest(SessionRestoringHandler.java:119)
	at io.undertow.servlet.handlers.ServletInitialHandler.handleFirstRequest(ServletInitialHandler.java:269)
	at io.undertow.servlet.handlers.ServletInitialHandler.access$100(ServletInitialHandler.java:78)
	at io.undertow.servlet.handlers.ServletInitialHandler$2.call(ServletInitialHandler.java:133)
	at io.undertow.servlet.handlers.ServletInitialHandler$2.call(ServletInitialHandler.java:130)
	at io.undertow.servlet.core.ServletRequestContextThreadSetupAction$1.call(ServletRequestContextThreadSetupAction.java:48)
	at io.undertow.servlet.core.ContextClassLoaderSetupAction$1.call(ContextClassLoaderSetupAction.java:43)
	at io.undertow.servlet.handlers.ServletInitialHandler.dispatchRequest(ServletInitialHandler.java:249)
	at io.undertow.servlet.handlers.ServletInitialHandler.access$000(ServletInitialHandler.java:78)
	at io.undertow.servlet.handlers.ServletInitialHandler$1.handleRequest(ServletInitialHandler.java:99)
	at io.undertow.server.Connectors.executeRootHandler(Connectors.java:376)
	at io.undertow.server.HttpServerExchange$1.run(HttpServerExchange.java:830)
	at java.util.concurrent.ThreadPoolExecutor.runWorker(ThreadPoolExecutor.java:1149)
	at java.util.concurrent.ThreadPoolExecutor$Worker.run(ThreadPoolExecutor.java:624)
	at java.lang.Thread.run(Thread.java:748)
2020-12-12 02:27:00.011.XNIO-1 task-23> WARN  T[] U[] - Resolved [com.kotlin.boot.global.exception.BadRequestException]
2020-12-12 02:27:13.537.XNIO-1 I/O-1> DEBUG T[] U[] - Matched prefix path /dyshin for path /dyshin/game/join
2020-12-12 02:27:13.538.XNIO-1 task-24> DEBUG T[] U[] - Attempting to authenticate /dyshin/game/join, authentication required: false
2020-12-12 02:27:13.538.XNIO-1 task-24> DEBUG T[] U[] - Authentication outcome was NOT_ATTEMPTED with method io.undertow.security.impl.CachedAuthenticatedSessionMechanism@3a350e42 for /dyshin/game/join
2020-12-12 02:27:13.538.XNIO-1 task-24> DEBUG T[] U[] - Authentication result was ATTEMPTED for /dyshin/game/join
2020-12-12 02:27:13.539.XNIO-1 task-24> DEBUG T[] U[] - looking up handler for path: /game/join
2020-12-12 02:27:16.877.HikariPool-1 housekeeper> DEBUG T[] U[] - HikariPool-1 - Pool stats (total=50, active=0, idle=50, waiting=0)
2020-12-12 02:27:46.881.HikariPool-1 housekeeper> DEBUG T[] U[] - HikariPool-1 - Pool stats (total=50, active=0, idle=50, waiting=0)
2020-12-12 02:28:16.889.HikariPool-1 housekeeper> DEBUG T[] U[] - HikariPool-1 - Pool stats (total=50, active=0, idle=50, waiting=0)
2020-12-12 02:28:46.894.HikariPool-1 housekeeper> DEBUG T[] U[] - HikariPool-1 - Pool stats (total=50, active=0, idle=50, waiting=0)
2020-12-12 02:29:16.899.HikariPool-1 housekeeper> DEBUG T[] U[] - HikariPool-1 - Pool stats (total=50, active=0, idle=50, waiting=0)
2020-12-12 02:29:46.904.HikariPool-1 housekeeper> DEBUG T[] U[] - HikariPool-1 - Pool stats (total=50, active=0, idle=50, waiting=0)
2020-12-12 02:30:16.909.HikariPool-1 housekeeper> DEBUG T[] U[] - HikariPool-1 - Pool stats (total=50, active=0, idle=50, waiting=0)
2020-12-12 02:30:46.914.HikariPool-1 housekeeper> DEBUG T[] U[] - HikariPool-1 - Pool stats (total=50, active=0, idle=50, waiting=0)
2020-12-12 02:31:16.917.HikariPool-1 housekeeper> DEBUG T[] U[] - HikariPool-1 - Pool stats (total=50, active=0, idle=50, waiting=0)
2020-12-12 02:31:46.919.HikariPool-1 housekeeper> DEBUG T[] U[] - HikariPool-1 - Pool stats (total=50, active=0, idle=50, waiting=0)
2020-12-12 02:32:16.926.HikariPool-1 housekeeper> DEBUG T[] U[] - HikariPool-1 - Pool stats (total=50, active=0, idle=50, waiting=0)
2020-12-12 02:32:46.928.HikariPool-1 housekeeper> DEBUG T[] U[] - HikariPool-1 - Pool stats (total=50, active=0, idle=50, waiting=0)
2020-12-12 02:33:16.930.HikariPool-1 housekeeper> DEBUG T[] U[] - HikariPool-1 - Pool stats (total=50, active=0, idle=50, waiting=0)
2020-12-12 02:33:46.934.HikariPool-1 housekeeper> DEBUG T[] U[] - HikariPool-1 - Pool stats (total=50, active=0, idle=50, waiting=0)
2020-12-12 02:34:16.936.HikariPool-1 housekeeper> DEBUG T[] U[] - HikariPool-1 - Pool stats (total=50, active=0, idle=50, waiting=0)
2020-12-12 02:34:46.942.HikariPool-1 housekeeper> DEBUG T[] U[] - HikariPool-1 - Pool stats (total=50, active=0, idle=50, waiting=0)
2020-12-12 02:35:16.944.HikariPool-1 housekeeper> DEBUG T[] U[] - HikariPool-1 - Pool stats (total=50, active=0, idle=50, waiting=0)
2020-12-12 02:35:46.947.HikariPool-1 housekeeper> DEBUG T[] U[] - HikariPool-1 - Pool stats (total=50, active=0, idle=50, waiting=0)
2020-12-12 02:36:16.956.HikariPool-1 housekeeper> DEBUG T[] U[] - HikariPool-1 - Pool stats (total=50, active=0, idle=50, waiting=0)
2020-12-12 02:36:40.931.Thread-36> INFO  T[] U[] - HikariPool-1 - Shutdown initiated...
2020-12-12 02:36:40.933.Thread-36> DEBUG T[] U[] - HikariPool-1 - Before shutdown stats (total=50, active=0, idle=50, waiting=0)
2020-12-12 02:36:40.943.HikariPool-1 connection closer> DEBUG T[] U[] - HikariPool-1 - Closing connection oracle.jdbc.driver.T4CConnection@4484fd32: (connection evicted)
2020-12-12 02:36:40.953.HikariPool-1 connection closer> DEBUG T[] U[] - HikariPool-1 - Closing connection oracle.jdbc.driver.T4CConnection@3b0b7ac3: (connection evicted)
2020-12-12 02:36:40.957.HikariPool-1 connection closer> DEBUG T[] U[] - HikariPool-1 - Closing connection oracle.jdbc.driver.T4CConnection@2bbbe176: (connection evicted)
2020-12-12 02:36:40.964.HikariPool-1 connection closer> DEBUG T[] U[] - HikariPool-1 - Closing connection oracle.jdbc.driver.T4CConnection@1a198fb7: (connection evicted)
2020-12-12 02:36:40.971.HikariPool-1 connection closer> DEBUG T[] U[] - HikariPool-1 - Closing connection oracle.jdbc.driver.T4CConnection@48652b83: (connection evicted)
2020-12-12 02:36:40.979.HikariPool-1 connection closer> DEBUG T[] U[] - HikariPool-1 - Closing connection oracle.jdbc.driver.T4CConnection@77753714: (connection evicted)
2020-12-12 02:36:40.984.HikariPool-1 connection closer> DEBUG T[] U[] - HikariPool-1 - Closing connection oracle.jdbc.driver.T4CConnection@25079b2c: (connection evicted)
2020-12-12 02:36:40.989.HikariPool-1 connection closer> DEBUG T[] U[] - HikariPool-1 - Closing connection oracle.jdbc.driver.T4CConnection@8bb5ae9: (connection evicted)
2020-12-12 02:36:40.996.HikariPool-1 connection closer> DEBUG T[] U[] - HikariPool-1 - Closing connection oracle.jdbc.driver.T4CConnection@2c53e4dd: (connection evicted)
2020-12-12 02:36:41.001.HikariPool-1 connection closer> DEBUG T[] U[] - HikariPool-1 - Closing connection oracle.jdbc.driver.T4CConnection@2b450795: (connection evicted)
2020-12-12 02:36:41.007.HikariPool-1 connection closer> DEBUG T[] U[] - HikariPool-1 - Closing connection oracle.jdbc.driver.T4CConnection@17d5141a: (connection evicted)
2020-12-12 02:36:41.012.HikariPool-1 connection closer> DEBUG T[] U[] - HikariPool-1 - Closing connection oracle.jdbc.driver.T4CConnection@15ce5496: (connection evicted)
2020-12-12 02:36:41.017.HikariPool-1 connection closer> DEBUG T[] U[] - HikariPool-1 - Closing connection oracle.jdbc.driver.T4CConnection@6389ed48: (connection evicted)
2020-12-12 02:36:41.026.HikariPool-1 connection closer> DEBUG T[] U[] - HikariPool-1 - Closing connection oracle.jdbc.driver.T4CConnection@7354358b: (connection evicted)
2020-12-12 02:36:41.033.HikariPool-1 connection closer> DEBUG T[] U[] - HikariPool-1 - Closing connection oracle.jdbc.driver.T4CConnection@32ab2aa7: (connection evicted)
2020-12-12 02:36:41.044.HikariPool-1 connection closer> DEBUG T[] U[] - HikariPool-1 - Closing connection oracle.jdbc.driver.T4CConnection@59dfcf30: (connection evicted)
2020-12-12 02:36:41.053.HikariPool-1 connection closer> DEBUG T[] U[] - HikariPool-1 - Closing connection oracle.jdbc.driver.T4CConnection@3016f606: (connection evicted)
2020-12-12 02:36:41.067.HikariPool-1 connection closer> DEBUG T[] U[] - HikariPool-1 - Closing connection oracle.jdbc.driver.T4CConnection@734db703: (connection evicted)
2020-12-12 02:36:41.083.HikariPool-1 connection closer> DEBUG T[] U[] - HikariPool-1 - Closing connection oracle.jdbc.driver.T4CConnection@5844d66b: (connection evicted)
2020-12-12 02:36:41.093.HikariPool-1 connection closer> DEBUG T[] U[] - HikariPool-1 - Closing connection oracle.jdbc.driver.T4CConnection@358f2faa: (connection evicted)
2020-12-12 02:36:41.098.HikariPool-1 connection closer> DEBUG T[] U[] - HikariPool-1 - Closing connection oracle.jdbc.driver.T4CConnection@403963dd: (connection evicted)
2020-12-12 02:36:41.105.HikariPool-1 connection closer> DEBUG T[] U[] - HikariPool-1 - Closing connection oracle.jdbc.driver.T4CConnection@6d779f87: (connection evicted)
2020-12-12 02:36:41.109.HikariPool-1 connection closer> DEBUG T[] U[] - HikariPool-1 - Closing connection oracle.jdbc.driver.T4CConnection@5a198601: (connection evicted)
2020-12-12 02:36:41.119.HikariPool-1 connection closer> DEBUG T[] U[] - HikariPool-1 - Closing connection oracle.jdbc.driver.T4CConnection@1dfbed3f: (connection evicted)
2020-12-12 02:36:41.124.HikariPool-1 connection closer> DEBUG T[] U[] - HikariPool-1 - Closing connection oracle.jdbc.driver.T4CConnection@b2d5562: (connection evicted)
2020-12-12 02:36:41.138.HikariPool-1 connection closer> DEBUG T[] U[] - HikariPool-1 - Closing connection oracle.jdbc.driver.T4CConnection@28876d92: (connection evicted)
2020-12-12 02:36:41.155.HikariPool-1 connection closer> DEBUG T[] U[] - HikariPool-1 - Closing connection oracle.jdbc.driver.T4CConnection@4de18670: (connection evicted)
2020-12-12 02:36:41.165.HikariPool-1 connection closer> DEBUG T[] U[] - HikariPool-1 - Closing connection oracle.jdbc.driver.T4CConnection@67d6e091: (connection evicted)
2020-12-12 02:36:41.192.HikariPool-1 connection closer> DEBUG T[] U[] - HikariPool-1 - Closing connection oracle.jdbc.driver.T4CConnection@63de69bd: (connection evicted)
2020-12-12 02:36:41.200.HikariPool-1 connection closer> DEBUG T[] U[] - HikariPool-1 - Closing connection oracle.jdbc.driver.T4CConnection@173196a5: (connection evicted)
2020-12-12 02:36:41.205.HikariPool-1 connection closer> DEBUG T[] U[] - HikariPool-1 - Closing connection oracle.jdbc.driver.T4CConnection@5e7ce804: (connection evicted)
2020-12-12 02:36:41.212.HikariPool-1 connection closer> DEBUG T[] U[] - HikariPool-1 - Closing connection oracle.jdbc.driver.T4CConnection@14d55e2e: (connection evicted)
2020-12-12 02:36:41.220.HikariPool-1 connection closer> DEBUG T[] U[] - HikariPool-1 - Closing connection oracle.jdbc.driver.T4CConnection@297b9324: (connection evicted)
2020-12-12 02:36:41.229.HikariPool-1 connection closer> DEBUG T[] U[] - HikariPool-1 - Closing connection oracle.jdbc.driver.T4CConnection@7f768f56: (connection evicted)
2020-12-12 02:36:41.234.HikariPool-1 connection closer> DEBUG T[] U[] - HikariPool-1 - Closing connection oracle.jdbc.driver.T4CConnection@7d623f39: (connection evicted)
2020-12-12 02:36:41.240.HikariPool-1 connection closer> DEBUG T[] U[] - HikariPool-1 - Closing connection oracle.jdbc.driver.T4CConnection@7bd6f13e: (connection evicted)
2020-12-12 02:36:41.250.HikariPool-1 connection closer> DEBUG T[] U[] - HikariPool-1 - Closing connection oracle.jdbc.driver.T4CConnection@711110cb: (connection evicted)
2020-12-12 02:36:41.259.HikariPool-1 connection closer> DEBUG T[] U[] - HikariPool-1 - Closing connection oracle.jdbc.driver.T4CConnection@541ab5b: (connection evicted)
2020-12-12 02:36:41.273.HikariPool-1 connection closer> DEBUG T[] U[] - HikariPool-1 - Closing connection oracle.jdbc.driver.T4CConnection@106af84d: (connection evicted)
2020-12-12 02:36:41.278.HikariPool-1 connection closer> DEBUG T[] U[] - HikariPool-1 - Closing connection oracle.jdbc.driver.T4CConnection@6cfb1749: (connection evicted)
2020-12-12 02:36:41.284.HikariPool-1 connection closer> DEBUG T[] U[] - HikariPool-1 - Closing connection oracle.jdbc.driver.T4CConnection@739bccb4: (connection evicted)
2020-12-12 02:36:41.290.HikariPool-1 connection closer> DEBUG T[] U[] - HikariPool-1 - Closing connection oracle.jdbc.driver.T4CConnection@629b70b5: (connection evicted)
2020-12-12 02:36:41.295.HikariPool-1 connection closer> DEBUG T[] U[] - HikariPool-1 - Closing connection oracle.jdbc.driver.T4CConnection@368bd403: (connection evicted)
2020-12-12 02:36:41.300.HikariPool-1 connection closer> DEBUG T[] U[] - HikariPool-1 - Closing connection oracle.jdbc.driver.T4CConnection@74c5b260: (connection evicted)
2020-12-12 02:36:41.304.HikariPool-1 connection closer> DEBUG T[] U[] - HikariPool-1 - Closing connection oracle.jdbc.driver.T4CConnection@19045f80: (connection evicted)
2020-12-12 02:36:41.308.HikariPool-1 connection closer> DEBUG T[] U[] - HikariPool-1 - Closing connection oracle.jdbc.driver.T4CConnection@1c879301: (connection evicted)
2020-12-12 02:36:41.314.HikariPool-1 connection closer> DEBUG T[] U[] - HikariPool-1 - Closing connection oracle.jdbc.driver.T4CConnection@430ef3d: (connection evicted)
2020-12-12 02:36:41.318.HikariPool-1 connection closer> DEBUG T[] U[] - HikariPool-1 - Closing connection oracle.jdbc.driver.T4CConnection@164d6f28: (connection evicted)
2020-12-12 02:36:41.322.HikariPool-1 connection closer> DEBUG T[] U[] - HikariPool-1 - Closing connection oracle.jdbc.driver.T4CConnection@52d451cf: (connection evicted)
2020-12-12 02:36:41.326.HikariPool-1 connection closer> DEBUG T[] U[] - HikariPool-1 - Closing connection oracle.jdbc.driver.T4CConnection@3d3944d1: (connection evicted)
2020-12-12 02:36:41.330.Thread-36> DEBUG T[] U[] - HikariPool-1 - After shutdown stats (total=0, active=0, idle=0, waiting=0)
2020-12-12 02:36:41.331.Thread-36> INFO  T[] U[] - HikariPool-1 - Shutdown completed.
2020-12-12 02:36:41.343.Thread-36> INFO  T[] U[] - Destroying Spring FrameworkServlet 'dispatcherServlet'
2020-12-12 02:36:41.352.Thread-36> DEBUG T[] U[] - stopping undertow server io.undertow.Undertow@314066ad
