2021-02-03 21:51:10.938.restartedMain> INFO  T[] U[] - Starting KotlinProjectKt on dyshin.local with PID 37860 (/Users/dongyoun_shin/IdeaProjects/KotlinStudy/build/classes/kotlin/main started by dongyoun_shin in /Users/dongyoun_shin/IdeaProjects/KotlinStudy)
2021-02-03 21:51:10.942.restartedMain> DEBUG T[] U[] - Running with Spring Boot v2.1.8.RELEASE, Spring v5.1.9.RELEASE
2021-02-03 21:51:10.942.restartedMain> INFO  T[] U[] - No active profile set, falling back to default profiles: default
2021-02-03 21:51:13.867.restartedMain> WARN  T[] U[] - UT026010: Buffer pool was not set on WebSocketDeploymentInfo, the default pool will be used
2021-02-03 21:51:13.887.restartedMain> DEBUG T[] U[] - Setting default session timeout to 1800
2021-02-03 21:51:13.901.restartedMain> INFO  T[] U[] - Initializing Spring embedded WebApplicationContext
2021-02-03 21:51:14.421.restartedMain> DEBUG T[] U[] - Driver class oracle.jdbc.OracleDriver found in Thread context class loader org.springframework.boot.devtools.restart.classloader.RestartClassLoader@61fdfc80
2021-02-03 21:51:14.456.restartedMain> WARN  T[] U[] - HikariPool-1 - leakDetectionThreshold is less than 2000ms or more than maxLifetime, disabling it.
2021-02-03 21:51:14.457.restartedMain> DEBUG T[] U[] - HikariPool-1 - configuration:
2021-02-03 21:51:14.459.restartedMain> DEBUG T[] U[] - allowPoolSuspension.............false
2021-02-03 21:51:14.459.restartedMain> DEBUG T[] U[] - autoCommit......................true
2021-02-03 21:51:14.459.restartedMain> DEBUG T[] U[] - catalog.........................none
2021-02-03 21:51:14.459.restartedMain> DEBUG T[] U[] - connectionInitSql...............none
2021-02-03 21:51:14.459.restartedMain> DEBUG T[] U[] - connectionTestQuery.............none
2021-02-03 21:51:14.460.restartedMain> DEBUG T[] U[] - connectionTimeout...............30000
2021-02-03 21:51:14.460.restartedMain> DEBUG T[] U[] - dataSource......................none
2021-02-03 21:51:14.460.restartedMain> DEBUG T[] U[] - dataSourceClassName.............none
2021-02-03 21:51:14.460.restartedMain> DEBUG T[] U[] - dataSourceJNDI..................none
2021-02-03 21:51:14.460.restartedMain> DEBUG T[] U[] - dataSourceProperties............{password=<masked>}
2021-02-03 21:51:14.460.restartedMain> DEBUG T[] U[] - driverClassName................."oracle.jdbc.OracleDriver"
2021-02-03 21:51:14.460.restartedMain> DEBUG T[] U[] - healthCheckProperties...........{}
2021-02-03 21:51:14.460.restartedMain> DEBUG T[] U[] - healthCheckRegistry.............none
2021-02-03 21:51:14.460.restartedMain> DEBUG T[] U[] - idleTimeout.....................600000
2021-02-03 21:51:14.460.restartedMain> DEBUG T[] U[] - initializationFailTimeout.......1
2021-02-03 21:51:14.461.restartedMain> DEBUG T[] U[] - isolateInternalQueries..........false
2021-02-03 21:51:14.461.restartedMain> DEBUG T[] U[] - jdbcUrl.........................jdbc:oracle:thin:@localhost:1521:XE
2021-02-03 21:51:14.461.restartedMain> DEBUG T[] U[] - leakDetectionThreshold..........0
2021-02-03 21:51:14.461.restartedMain> DEBUG T[] U[] - maxLifetime.....................1800000
2021-02-03 21:51:14.461.restartedMain> DEBUG T[] U[] - maximumPoolSize.................50
2021-02-03 21:51:14.461.restartedMain> DEBUG T[] U[] - metricRegistry..................none
2021-02-03 21:51:14.461.restartedMain> DEBUG T[] U[] - metricsTrackerFactory...........none
2021-02-03 21:51:14.461.restartedMain> DEBUG T[] U[] - minimumIdle.....................50
2021-02-03 21:51:14.461.restartedMain> DEBUG T[] U[] - password........................<masked>
2021-02-03 21:51:14.461.restartedMain> DEBUG T[] U[] - poolName........................"HikariPool-1"
2021-02-03 21:51:14.461.restartedMain> DEBUG T[] U[] - readOnly........................false
2021-02-03 21:51:14.461.restartedMain> DEBUG T[] U[] - registerMbeans..................false
2021-02-03 21:51:14.461.restartedMain> DEBUG T[] U[] - scheduledExecutor...............none
2021-02-03 21:51:14.462.restartedMain> DEBUG T[] U[] - schema..........................none
2021-02-03 21:51:14.462.restartedMain> DEBUG T[] U[] - threadFactory...................internal
2021-02-03 21:51:14.462.restartedMain> DEBUG T[] U[] - transactionIsolation............default
2021-02-03 21:51:14.462.restartedMain> DEBUG T[] U[] - username........................"springboot"
2021-02-03 21:51:14.462.restartedMain> DEBUG T[] U[] - validationTimeout...............10000
2021-02-03 21:51:14.464.restartedMain> INFO  T[] U[] - HikariPool-1 - Starting...
2021-02-03 21:51:14.820.restartedMain> DEBUG T[] U[] - HikariPool-1 - Added connection oracle.jdbc.driver.T4CConnection@331954e7
2021-02-03 21:51:14.824.restartedMain> INFO  T[] U[] - HikariPool-1 - Start completed.
2021-02-03 21:51:14.924.HikariPool-1 housekeeper> DEBUG T[] U[] - HikariPool-1 - Pool stats (total=1, active=0, idle=1, waiting=0)
2021-02-03 21:51:15.002.HikariPool-1 connection adder> DEBUG T[] U[] - HikariPool-1 - Added connection oracle.jdbc.driver.T4CConnection@4bd30e52
2021-02-03 21:51:15.073.HikariPool-1 connection adder> DEBUG T[] U[] - HikariPool-1 - Added connection oracle.jdbc.driver.T4CConnection@68dc3d4c
2021-02-03 21:51:15.151.HikariPool-1 connection adder> DEBUG T[] U[] - HikariPool-1 - Added connection oracle.jdbc.driver.T4CConnection@6ac1fb26
2021-02-03 21:51:15.230.HikariPool-1 connection adder> DEBUG T[] U[] - HikariPool-1 - Added connection oracle.jdbc.driver.T4CConnection@bf227dd
2021-02-03 21:51:15.314.HikariPool-1 connection adder> DEBUG T[] U[] - HikariPool-1 - Added connection oracle.jdbc.driver.T4CConnection@69d8b61c
2021-02-03 21:51:15.382.HikariPool-1 connection adder> DEBUG T[] U[] - HikariPool-1 - Added connection oracle.jdbc.driver.T4CConnection@77e2f7fd
2021-02-03 21:51:15.452.HikariPool-1 connection adder> DEBUG T[] U[] - HikariPool-1 - Added connection oracle.jdbc.driver.T4CConnection@6bd7e8c6
2021-02-03 21:51:15.498.restartedMain> DEBUG T[] U[] - Registered session listener io.undertow.servlet.core.SessionListenerBridge@6add8d15
2021-02-03 21:51:15.536.HikariPool-1 connection adder> DEBUG T[] U[] - HikariPool-1 - Added connection oracle.jdbc.driver.T4CConnection@43498d6d
2021-02-03 21:51:15.548.restartedMain> DEBUG T[] U[] - Setting default session timeout to 1800
2021-02-03 21:51:15.607.HikariPool-1 connection adder> DEBUG T[] U[] - HikariPool-1 - Added connection oracle.jdbc.driver.T4CConnection@768979b8
2021-02-03 21:51:15.688.HikariPool-1 connection adder> DEBUG T[] U[] - HikariPool-1 - Added connection oracle.jdbc.driver.T4CConnection@572b5a7f
2021-02-03 21:51:15.766.HikariPool-1 connection adder> DEBUG T[] U[] - HikariPool-1 - Added connection oracle.jdbc.driver.T4CConnection@702cadd9
2021-02-03 21:51:15.840.HikariPool-1 connection adder> DEBUG T[] U[] - HikariPool-1 - Added connection oracle.jdbc.driver.T4CConnection@5db6b7f4
2021-02-03 21:51:15.911.HikariPool-1 connection adder> DEBUG T[] U[] - HikariPool-1 - Added connection oracle.jdbc.driver.T4CConnection@3df79213
2021-02-03 21:51:15.982.HikariPool-1 connection adder> DEBUG T[] U[] - HikariPool-1 - Added connection oracle.jdbc.driver.T4CConnection@1c983cb4
2021-02-03 21:51:16.063.HikariPool-1 connection adder> DEBUG T[] U[] - HikariPool-1 - Added connection oracle.jdbc.driver.T4CConnection@59e0785b
2021-02-03 21:51:16.142.HikariPool-1 connection adder> DEBUG T[] U[] - HikariPool-1 - Added connection oracle.jdbc.driver.T4CConnection@2ec42525
2021-02-03 21:51:16.221.HikariPool-1 connection adder> DEBUG T[] U[] - HikariPool-1 - Added connection oracle.jdbc.driver.T4CConnection@62f2b367
2021-02-03 21:51:16.313.HikariPool-1 connection adder> DEBUG T[] U[] - HikariPool-1 - Added connection oracle.jdbc.driver.T4CConnection@7a38d420
2021-02-03 21:51:16.397.HikariPool-1 connection adder> DEBUG T[] U[] - HikariPool-1 - Added connection oracle.jdbc.driver.T4CConnection@385ec0cd
2021-02-03 21:51:16.544.HikariPool-1 connection adder> DEBUG T[] U[] - HikariPool-1 - Added connection oracle.jdbc.driver.T4CConnection@52d95764
2021-02-03 21:51:16.634.HikariPool-1 connection adder> DEBUG T[] U[] - HikariPool-1 - Added connection oracle.jdbc.driver.T4CConnection@104e9802
2021-02-03 21:51:16.718.HikariPool-1 connection adder> DEBUG T[] U[] - HikariPool-1 - Added connection oracle.jdbc.driver.T4CConnection@4112c7aa
2021-02-03 21:51:16.797.HikariPool-1 connection adder> DEBUG T[] U[] - HikariPool-1 - Added connection oracle.jdbc.driver.T4CConnection@66b6107e
2021-02-03 21:51:16.864.HikariPool-1 connection adder> DEBUG T[] U[] - HikariPool-1 - Added connection oracle.jdbc.driver.T4CConnection@1d3da040
2021-02-03 21:51:16.933.HikariPool-1 connection adder> DEBUG T[] U[] - HikariPool-1 - Added connection oracle.jdbc.driver.T4CConnection@330abde1
2021-02-03 21:51:16.996.HikariPool-1 connection adder> DEBUG T[] U[] - HikariPool-1 - Added connection oracle.jdbc.driver.T4CConnection@74230de7
2021-02-03 21:51:17.071.HikariPool-1 connection adder> DEBUG T[] U[] - HikariPool-1 - Added connection oracle.jdbc.driver.T4CConnection@baf57a
2021-02-03 21:51:17.154.HikariPool-1 connection adder> DEBUG T[] U[] - HikariPool-1 - Added connection oracle.jdbc.driver.T4CConnection@601ac2ea
2021-02-03 21:51:17.228.HikariPool-1 connection adder> DEBUG T[] U[] - HikariPool-1 - Added connection oracle.jdbc.driver.T4CConnection@69518956
2021-02-03 21:51:17.310.HikariPool-1 connection adder> DEBUG T[] U[] - HikariPool-1 - Added connection oracle.jdbc.driver.T4CConnection@5bc02232
2021-02-03 21:51:17.407.HikariPool-1 connection adder> DEBUG T[] U[] - HikariPool-1 - Added connection oracle.jdbc.driver.T4CConnection@20b95303
2021-02-03 21:51:17.495.HikariPool-1 connection adder> DEBUG T[] U[] - HikariPool-1 - Added connection oracle.jdbc.driver.T4CConnection@199ba9e7
2021-02-03 21:51:17.761.HikariPool-1 connection adder> DEBUG T[] U[] - HikariPool-1 - Added connection oracle.jdbc.driver.T4CConnection@73a37578
2021-02-03 21:51:17.839.HikariPool-1 connection adder> DEBUG T[] U[] - HikariPool-1 - Added connection oracle.jdbc.driver.T4CConnection@30aa6278
2021-02-03 21:51:17.961.HikariPool-1 connection adder> DEBUG T[] U[] - HikariPool-1 - Added connection oracle.jdbc.driver.T4CConnection@2687dd15
2021-02-03 21:51:18.045.HikariPool-1 connection adder> DEBUG T[] U[] - HikariPool-1 - Added connection oracle.jdbc.driver.T4CConnection@1e444c9e
2021-02-03 21:51:18.119.HikariPool-1 connection adder> DEBUG T[] U[] - HikariPool-1 - Added connection oracle.jdbc.driver.T4CConnection@46ccb9de
2021-02-03 21:51:18.208.HikariPool-1 connection adder> DEBUG T[] U[] - HikariPool-1 - Added connection oracle.jdbc.driver.T4CConnection@62110829
2021-02-03 21:51:18.276.HikariPool-1 connection adder> DEBUG T[] U[] - HikariPool-1 - Added connection oracle.jdbc.driver.T4CConnection@6e1dfa25
2021-02-03 21:51:18.339.HikariPool-1 connection adder> DEBUG T[] U[] - HikariPool-1 - Added connection oracle.jdbc.driver.T4CConnection@6aab196c
2021-02-03 21:51:18.407.HikariPool-1 connection adder> DEBUG T[] U[] - HikariPool-1 - Added connection oracle.jdbc.driver.T4CConnection@4bcc5f25
2021-02-03 21:51:18.510.HikariPool-1 connection adder> DEBUG T[] U[] - HikariPool-1 - Added connection oracle.jdbc.driver.T4CConnection@464ac6a1
2021-02-03 21:51:18.592.HikariPool-1 connection adder> DEBUG T[] U[] - HikariPool-1 - Added connection oracle.jdbc.driver.T4CConnection@6e10a7ad
2021-02-03 21:51:18.669.HikariPool-1 connection adder> DEBUG T[] U[] - HikariPool-1 - Added connection oracle.jdbc.driver.T4CConnection@e15c487
2021-02-03 21:51:18.740.HikariPool-1 connection adder> DEBUG T[] U[] - HikariPool-1 - Added connection oracle.jdbc.driver.T4CConnection@5926c2f6
2021-02-03 21:51:18.814.HikariPool-1 connection adder> DEBUG T[] U[] - HikariPool-1 - Added connection oracle.jdbc.driver.T4CConnection@72189732
2021-02-03 21:51:18.899.HikariPool-1 connection adder> DEBUG T[] U[] - HikariPool-1 - Added connection oracle.jdbc.driver.T4CConnection@52cf0edb
2021-02-03 21:51:18.988.HikariPool-1 connection adder> DEBUG T[] U[] - HikariPool-1 - Added connection oracle.jdbc.driver.T4CConnection@3b3e2b38
2021-02-03 21:51:19.055.HikariPool-1 connection adder> DEBUG T[] U[] - HikariPool-1 - Added connection oracle.jdbc.driver.T4CConnection@6d131a6c
2021-02-03 21:51:19.056.HikariPool-1 connection adder> DEBUG T[] U[] - HikariPool-1 - After adding stats (total=50, active=0, idle=50, waiting=0)
2021-02-03 21:51:19.551.restartedMain> WARN  T[] U[] - spring.jpa.open-in-view is enabled by default. Therefore, database queries may be performed during view rendering. Explicitly configure spring.jpa.open-in-view to disable this warning
2021-02-03 21:51:20.433.restartedMain> DEBUG T[] U[] - initialising the handler methods
2021-02-03 21:51:20.435.restartedMain> INFO  T[] U[] - Mapped URL path [/v2/api-docs] onto method [public org.springframework.http.ResponseEntity<springfox.documentation.spring.web.json.Json> springfox.documentation.swagger2.web.Swagger2Controller.getDocumentation(java.lang.String,javax.servlet.http.HttpServletRequest)]
2021-02-03 21:51:21.354.restartedMain> DEBUG T[] U[] - Using Slf4j logging framework
2021-02-03 21:51:21.354.restartedMain> DEBUG T[] U[] - Enabling stacktrace debugging via onOperatorDebug
2021-02-03 21:51:21.442.restartedMain> DEBUG T[] U[] - [http] resources will use the default LoopResources: DefaultLoopResources {prefix=reactor-http, daemon=true, selectCount=8, workerCount=8}
2021-02-03 21:51:21.442.restartedMain> DEBUG T[] U[] - [http] resources will use the default ConnectionProvider: PooledConnectionProvider {name=http, poolFactory=reactor.netty.resources.ConnectionProvider$$Lambda$941/136104961@373e8da4}
2021-02-03 21:51:21.652.restartedMain> INFO  T[] U[] - Context refreshed
2021-02-03 21:51:21.681.restartedMain> INFO  T[] U[] - Found 1 custom documentation plugin(s)
2021-02-03 21:51:21.707.restartedMain> DEBUG T[] U[] - Total number of request handlers 15
2021-02-03 21:51:21.707.restartedMain> DEBUG T[] U[] - Adding key: [/actuator/health/{component}/{instance}], WebMvcRequestHandler{key=RequestHandlerKey{pathMappings=[/actuator/health/{component}/{instance}], supportedMethods=[GET], supportedMediaTypes=[], producibleMediaTypes=[application/vnd.spring-boot.actuator.v2+json, application/json]}}
2021-02-03 21:51:21.709.restartedMain> DEBUG T[] U[] - Adding key: [/actuator/health/{component}], WebMvcRequestHandler{key=RequestHandlerKey{pathMappings=[/actuator/health/{component}], supportedMethods=[GET], supportedMediaTypes=[], producibleMediaTypes=[application/vnd.spring-boot.actuator.v2+json, application/json]}}
2021-02-03 21:51:21.709.restartedMain> DEBUG T[] U[] - Adding key: [/actuator/health], WebMvcRequestHandler{key=RequestHandlerKey{pathMappings=[/actuator/health], supportedMethods=[GET], supportedMediaTypes=[], producibleMediaTypes=[application/vnd.spring-boot.actuator.v2+json, application/json]}}
2021-02-03 21:51:21.709.restartedMain> DEBUG T[] U[] - Adding key: [/actuator/info], WebMvcRequestHandler{key=RequestHandlerKey{pathMappings=[/actuator/info], supportedMethods=[GET], supportedMediaTypes=[], producibleMediaTypes=[application/vnd.spring-boot.actuator.v2+json, application/json]}}
2021-02-03 21:51:21.709.restartedMain> DEBUG T[] U[] - Adding key: [/actuator], WebMvcRequestHandler{key=RequestHandlerKey{pathMappings=[/actuator], supportedMethods=[GET], supportedMediaTypes=[], producibleMediaTypes=[application/vnd.spring-boot.actuator.v2+json, application/json]}}
2021-02-03 21:51:21.709.restartedMain> DEBUG T[] U[] - Adding key: [/db/get], WebMvcRequestHandler{key=RequestHandlerKey{pathMappings=[/db/get], supportedMethods=[GET], supportedMediaTypes=[], producibleMediaTypes=[]}}
2021-02-03 21:51:21.709.restartedMain> DEBUG T[] U[] - Adding key: [/db/post], WebMvcRequestHandler{key=RequestHandlerKey{pathMappings=[/db/post], supportedMethods=[POST], supportedMediaTypes=[], producibleMediaTypes=[]}}
2021-02-03 21:51:21.709.restartedMain> DEBUG T[] U[] - Adding key: [/error], WebMvcRequestHandler{key=RequestHandlerKey{pathMappings=[/error], supportedMethods=[], supportedMediaTypes=[], producibleMediaTypes=[]}}
2021-02-03 21:51:21.709.restartedMain> DEBUG T[] U[] - Adding key: [/error], WebMvcRequestHandler{key=RequestHandlerKey{pathMappings=[/error], supportedMethods=[], supportedMediaTypes=[], producibleMediaTypes=[text/html]}}
2021-02-03 21:51:21.709.restartedMain> DEBUG T[] U[] - Adding key: [/game/join], WebMvcRequestHandler{key=RequestHandlerKey{pathMappings=[/game/join], supportedMethods=[POST], supportedMediaTypes=[], producibleMediaTypes=[]}}
2021-02-03 21:51:21.709.restartedMain> DEBUG T[] U[] - Adding key: [/game/play], WebMvcRequestHandler{key=RequestHandlerKey{pathMappings=[/game/play], supportedMethods=[POST], supportedMediaTypes=[], producibleMediaTypes=[]}}
2021-02-03 21:51:21.709.restartedMain> DEBUG T[] U[] - Adding key: [/swagger-resources/configuration/security], WebMvcRequestHandler{key=RequestHandlerKey{pathMappings=[/swagger-resources/configuration/security], supportedMethods=[], supportedMediaTypes=[], producibleMediaTypes=[]}}
2021-02-03 21:51:21.709.restartedMain> DEBUG T[] U[] - Adding key: [/swagger-resources/configuration/ui], WebMvcRequestHandler{key=RequestHandlerKey{pathMappings=[/swagger-resources/configuration/ui], supportedMethods=[], supportedMediaTypes=[], producibleMediaTypes=[]}}
2021-02-03 21:51:21.709.restartedMain> DEBUG T[] U[] - Adding key: [/swagger-resources], WebMvcRequestHandler{key=RequestHandlerKey{pathMappings=[/swagger-resources], supportedMethods=[], supportedMediaTypes=[], producibleMediaTypes=[]}}
2021-02-03 21:51:21.709.restartedMain> DEBUG T[] U[] - Adding key: [/user/join], WebMvcRequestHandler{key=RequestHandlerKey{pathMappings=[/user/join], supportedMethods=[POST], supportedMediaTypes=[], producibleMediaTypes=[]}}
2021-02-03 21:51:21.722.restartedMain> DEBUG T[] U[] - Combined number of request handlers 15
2021-02-03 21:51:21.723.restartedMain> INFO  T[] U[] - Scanning for api listing references
2021-02-03 21:51:21.739.restartedMain> DEBUG T[] U[] - Adding return parameter of type Lcom/kotlin/boot/global/dto/BaseResponse;
2021-02-03 21:51:21.741.restartedMain> DEBUG T[] U[] - Reading parameters models for handlerMethod |joinGame|
2021-02-03 21:51:21.751.restartedMain> DEBUG T[] U[] - Finished reading parameters models for handlerMethod |joinGame|
2021-02-03 21:51:21.753.restartedMain> DEBUG T[] U[] - Reading parameters models for handlerMethod |joinGame|
2021-02-03 21:51:21.802.restartedMain> DEBUG T[] U[] - Reading property reason
2021-02-03 21:51:21.805.restartedMain> DEBUG T[] U[] - Evaluating unwrapped getter for member getReason
2021-02-03 21:51:21.805.restartedMain> DEBUG T[] U[] - Name 'reason' renamed to 'reason'
2021-02-03 21:51:21.806.restartedMain> DEBUG T[] U[] - Adding property reason to model
2021-02-03 21:51:21.806.restartedMain> DEBUG T[] U[] - Evaluating unwrapped getter for member getReason
2021-02-03 21:51:21.806.restartedMain> DEBUG T[] U[] - Evaluating unwrapped getter for member getReason
2021-02-03 21:51:21.806.restartedMain> DEBUG T[] U[] - Evaluating unwrapped getter for member getReason
2021-02-03 21:51:21.819.restartedMain> DEBUG T[] U[] - Evaluating unwrapped getter for member getReason
2021-02-03 21:51:21.823.restartedMain> DEBUG T[] U[] - Reading property message
2021-02-03 21:51:21.824.restartedMain> DEBUG T[] U[] - Evaluating unwrapped getter for member getMessage
2021-02-03 21:51:21.824.restartedMain> DEBUG T[] U[] - Name 'message' renamed to 'message'
2021-02-03 21:51:21.824.restartedMain> DEBUG T[] U[] - Adding property message to model
2021-02-03 21:51:21.824.restartedMain> DEBUG T[] U[] - Evaluating unwrapped getter for member getMessage
2021-02-03 21:51:21.824.restartedMain> DEBUG T[] U[] - Evaluating unwrapped getter for member getMessage
2021-02-03 21:51:21.824.restartedMain> DEBUG T[] U[] - Evaluating unwrapped getter for member getMessage
2021-02-03 21:51:21.824.restartedMain> DEBUG T[] U[] - Evaluating unwrapped getter for member getMessage
2021-02-03 21:51:21.833.restartedMain> DEBUG T[] U[] - Inferred 2 properties. Properties found message, reason
2021-02-03 21:51:21.837.restartedMain> DEBUG T[] U[] - Generated parameter model id: BaseResponse, name: BaseResponse, schema: {} models
2021-02-03 21:51:21.837.restartedMain> DEBUG T[] U[] - Adding a new model with key BaseResponse
2021-02-03 21:51:21.852.restartedMain> DEBUG T[] U[] - Expanding parameter type: com.kotlin.boot.game.controller.dto.JoinGameDto
2021-02-03 21:51:21.860.restartedMain> DEBUG T[] U[] - Attempting to expand expandable property: numbers
2021-02-03 21:51:21.864.restartedMain> DEBUG T[] U[] - Expanding parameter type: java.util.List<java.lang.Long>
2021-02-03 21:51:21.866.restartedMain> DEBUG T[] U[] - Attempting to expand collection/array field: numbers
2021-02-03 21:51:21.866.restartedMain> DEBUG T[] U[] - Attempting to expand field: springfox.documentation.spring.web.readers.parameter.ModelAttributeField@585dda76
2021-02-03 21:51:21.866.restartedMain> DEBUG T[] U[] - Building parameter for field: springfox.documentation.spring.web.readers.parameter.ModelAttributeField@585dda76, with type: 
2021-02-03 21:51:21.871.restartedMain> DEBUG T[] U[] - Attempting to expand field: springfox.documentation.spring.web.readers.parameter.ModelAttributeField@743f9fce
2021-02-03 21:51:21.872.restartedMain> DEBUG T[] U[] - Building parameter for field: springfox.documentation.spring.web.readers.parameter.ModelAttributeField@743f9fce, with type: 
2021-02-03 21:51:21.872.restartedMain> DEBUG T[] U[] - Attempting to expand field: springfox.documentation.spring.web.readers.parameter.ModelAttributeField@1569febe
2021-02-03 21:51:21.872.restartedMain> DEBUG T[] U[] - Building parameter for field: springfox.documentation.spring.web.readers.parameter.ModelAttributeField@1569febe, with type: 
2021-02-03 21:51:21.875.restartedMain> DEBUG T[] U[] - Setting spring response class to: BaseResponse
2021-02-03 21:51:21.876.restartedMain> DEBUG T[] U[] - Setting response class to:BaseResponse
2021-02-03 21:51:21.877.restartedMain> DEBUG T[] U[] - Authorization count 0 for method joinGame
2021-02-03 21:51:21.890.restartedMain> DEBUG T[] U[] - Adding return parameter of type V
2021-02-03 21:51:21.890.restartedMain> DEBUG T[] U[] - Reading parameters models for handlerMethod |playGame|
2021-02-03 21:51:21.890.restartedMain> DEBUG T[] U[] - Finished reading parameters models for handlerMethod |playGame|
2021-02-03 21:51:21.890.restartedMain> DEBUG T[] U[] - Reading parameters models for handlerMethod |playGame|
2021-02-03 21:51:21.890.restartedMain> DEBUG T[] U[] - Skipping model of type V as its either a container type, map, enum or base type, or its already been handled
2021-02-03 21:51:21.891.restartedMain> DEBUG T[] U[] - Did not find any parameter models for void
2021-02-03 21:51:21.891.restartedMain> DEBUG T[] U[] - Setting spring response class to: null
2021-02-03 21:51:21.891.restartedMain> DEBUG T[] U[] - Authorization count 0 for method playGame
2021-02-03 21:51:21.918.restartedMain> DEBUG T[] U[] - Adding return parameter of type Lcom/kotlin/boot/sample/domain/SampleDomain;
2021-02-03 21:51:21.918.restartedMain> DEBUG T[] U[] - Reading parameters models for handlerMethod |getTest|
2021-02-03 21:51:21.923.restartedMain> DEBUG T[] U[] - Finished reading parameters models for handlerMethod |getTest|
2021-02-03 21:51:21.923.restartedMain> DEBUG T[] U[] - Reading parameters models for handlerMethod |getTest|
2021-02-03 21:51:21.928.restartedMain> DEBUG T[] U[] - Reading property userId
2021-02-03 21:51:21.928.restartedMain> DEBUG T[] U[] - Evaluating unwrapped getter for member getUserId
2021-02-03 21:51:21.928.restartedMain> DEBUG T[] U[] - Name 'userId' renamed to 'userId'
2021-02-03 21:51:21.928.restartedMain> DEBUG T[] U[] - Adding property userId to model
2021-02-03 21:51:21.928.restartedMain> DEBUG T[] U[] - Evaluating unwrapped getter for member getUserId
2021-02-03 21:51:21.928.restartedMain> DEBUG T[] U[] - Evaluating unwrapped getter for member getUserId
2021-02-03 21:51:21.928.restartedMain> DEBUG T[] U[] - Evaluating unwrapped getter for member getUserId
2021-02-03 21:51:21.931.restartedMain> DEBUG T[] U[] - Evaluating unwrapped getter for member getUserId
2021-02-03 21:51:21.931.restartedMain> DEBUG T[] U[] - Reading property name
2021-02-03 21:51:21.931.restartedMain> DEBUG T[] U[] - Evaluating unwrapped getter for member getName
2021-02-03 21:51:21.931.restartedMain> DEBUG T[] U[] - Name 'name' renamed to 'name'
2021-02-03 21:51:21.932.restartedMain> DEBUG T[] U[] - Adding property name to model
2021-02-03 21:51:21.932.restartedMain> DEBUG T[] U[] - Evaluating unwrapped getter for member getName
2021-02-03 21:51:21.932.restartedMain> DEBUG T[] U[] - Evaluating unwrapped getter for member getName
2021-02-03 21:51:21.932.restartedMain> DEBUG T[] U[] - Evaluating unwrapped getter for member getName
2021-02-03 21:51:21.932.restartedMain> DEBUG T[] U[] - Evaluating unwrapped getter for member getName
2021-02-03 21:51:21.932.restartedMain> DEBUG T[] U[] - Inferred 2 properties. Properties found name, userId
2021-02-03 21:51:21.933.restartedMain> DEBUG T[] U[] - Generated parameter model id: SampleDomain, name: SampleDomain, schema: {} models
2021-02-03 21:51:21.933.restartedMain> DEBUG T[] U[] - Adding a new model with key SampleDomain
2021-02-03 21:51:21.941.restartedMain> DEBUG T[] U[] - Setting spring response class to: SampleDomain
2021-02-03 21:51:21.942.restartedMain> DEBUG T[] U[] - Setting response class to:SampleDomain
2021-02-03 21:51:21.942.restartedMain> DEBUG T[] U[] - Authorization count 0 for method getTest
2021-02-03 21:51:21.943.restartedMain> DEBUG T[] U[] - Adding return parameter of type V
2021-02-03 21:51:21.943.restartedMain> DEBUG T[] U[] - Reading parameters models for handlerMethod |postTest|
2021-02-03 21:51:21.943.restartedMain> DEBUG T[] U[] - Finished reading parameters models for handlerMethod |postTest|
2021-02-03 21:51:21.944.restartedMain> DEBUG T[] U[] - Reading parameters models for handlerMethod |postTest|
2021-02-03 21:51:21.944.restartedMain> DEBUG T[] U[] - Did not find any parameter models for void
2021-02-03 21:51:21.945.restartedMain> DEBUG T[] U[] - Setting spring response class to: null
2021-02-03 21:51:21.945.restartedMain> DEBUG T[] U[] - Authorization count 0 for method postTest
2021-02-03 21:51:21.947.restartedMain> DEBUG T[] U[] - Adding return parameter of type V
2021-02-03 21:51:21.947.restartedMain> DEBUG T[] U[] - Reading parameters models for handlerMethod |joinNewUser|
2021-02-03 21:51:21.955.restartedMain> DEBUG T[] U[] - Finished reading parameters models for handlerMethod |joinNewUser|
2021-02-03 21:51:21.955.restartedMain> DEBUG T[] U[] - Reading parameters models for handlerMethod |joinNewUser|
2021-02-03 21:51:21.955.restartedMain> DEBUG T[] U[] - Did not find any parameter models for void
2021-02-03 21:51:21.962.restartedMain> DEBUG T[] U[] - Expanding parameter type: com.kotlin.boot.user.controller.dto.JoinUserInfo
2021-02-03 21:51:21.963.restartedMain> DEBUG T[] U[] - Attempting to expand field: springfox.documentation.spring.web.readers.parameter.ModelAttributeField@124ed05a
2021-02-03 21:51:21.963.restartedMain> DEBUG T[] U[] - Building parameter for field: springfox.documentation.spring.web.readers.parameter.ModelAttributeField@124ed05a, with type: 
2021-02-03 21:51:21.963.restartedMain> DEBUG T[] U[] - Attempting to expand field: springfox.documentation.spring.web.readers.parameter.ModelAttributeField@4f62008e
2021-02-03 21:51:21.963.restartedMain> DEBUG T[] U[] - Building parameter for field: springfox.documentation.spring.web.readers.parameter.ModelAttributeField@4f62008e, with type: 
2021-02-03 21:51:21.963.restartedMain> DEBUG T[] U[] - Attempting to expand field: springfox.documentation.spring.web.readers.parameter.ModelAttributeField@25d8c2cc
2021-02-03 21:51:21.963.restartedMain> DEBUG T[] U[] - Building parameter for field: springfox.documentation.spring.web.readers.parameter.ModelAttributeField@25d8c2cc, with type: 
2021-02-03 21:51:21.964.restartedMain> DEBUG T[] U[] - Setting spring response class to: null
2021-02-03 21:51:21.964.restartedMain> DEBUG T[] U[] - Authorization count 0 for method joinNewUser
2021-02-03 21:51:21.999.restartedMain> DEBUG T[] U[] - starting undertow server io.undertow.Undertow@7dbc91f7
2021-02-03 21:51:22.008.restartedMain> INFO  T[] U[] - XNIO version 3.3.8.Final
2021-02-03 21:51:22.023.restartedMain> INFO  T[] U[] - XNIO NIO Implementation Version 3.3.8.Final
2021-02-03 21:51:22.063.XNIO-1 I/O-3> DEBUG T[] U[] - Started channel thread 'XNIO-1 I/O-3', selector sun.nio.ch.KQueueSelectorImpl@440c09d0
2021-02-03 21:51:22.063.XNIO-1 I/O-1> DEBUG T[] U[] - Started channel thread 'XNIO-1 I/O-1', selector sun.nio.ch.KQueueSelectorImpl@5e012acf
2021-02-03 21:51:22.063.XNIO-1 I/O-2> DEBUG T[] U[] - Started channel thread 'XNIO-1 I/O-2', selector sun.nio.ch.KQueueSelectorImpl@111c2445
2021-02-03 21:51:22.063.XNIO-1 I/O-4> DEBUG T[] U[] - Started channel thread 'XNIO-1 I/O-4', selector sun.nio.ch.KQueueSelectorImpl@c8d21a4
2021-02-03 21:51:22.063.XNIO-1 I/O-5> DEBUG T[] U[] - Started channel thread 'XNIO-1 I/O-5', selector sun.nio.ch.KQueueSelectorImpl@362f7894
2021-02-03 21:51:22.063.XNIO-1 I/O-6> DEBUG T[] U[] - Started channel thread 'XNIO-1 I/O-6', selector sun.nio.ch.KQueueSelectorImpl@4454ff20
2021-02-03 21:51:22.063.XNIO-1 I/O-7> DEBUG T[] U[] - Started channel thread 'XNIO-1 I/O-7', selector sun.nio.ch.KQueueSelectorImpl@ea2873d
2021-02-03 21:51:22.064.XNIO-1 I/O-8> DEBUG T[] U[] - Started channel thread 'XNIO-1 I/O-8', selector sun.nio.ch.KQueueSelectorImpl@10856997
2021-02-03 21:51:22.064.XNIO-1 I/O-9> DEBUG T[] U[] - Started channel thread 'XNIO-1 I/O-9', selector sun.nio.ch.KQueueSelectorImpl@34d14634
2021-02-03 21:51:22.064.XNIO-1 I/O-10> DEBUG T[] U[] - Started channel thread 'XNIO-1 I/O-10', selector sun.nio.ch.KQueueSelectorImpl@3bffa69d
2021-02-03 21:51:22.064.XNIO-1 I/O-11> DEBUG T[] U[] - Started channel thread 'XNIO-1 I/O-11', selector sun.nio.ch.KQueueSelectorImpl@35c118f9
2021-02-03 21:51:22.064.XNIO-1 I/O-12> DEBUG T[] U[] - Started channel thread 'XNIO-1 I/O-12', selector sun.nio.ch.KQueueSelectorImpl@6aa6d050
2021-02-03 21:51:22.064.XNIO-1 I/O-14> DEBUG T[] U[] - Started channel thread 'XNIO-1 I/O-14', selector sun.nio.ch.KQueueSelectorImpl@289270be
2021-02-03 21:51:22.064.XNIO-1 I/O-13> DEBUG T[] U[] - Started channel thread 'XNIO-1 I/O-13', selector sun.nio.ch.KQueueSelectorImpl@66b19fff
2021-02-03 21:51:22.064.XNIO-1 I/O-15> DEBUG T[] U[] - Started channel thread 'XNIO-1 I/O-15', selector sun.nio.ch.KQueueSelectorImpl@4345c622
2021-02-03 21:51:22.064.XNIO-1 I/O-16> DEBUG T[] U[] - Started channel thread 'XNIO-1 I/O-16', selector sun.nio.ch.KQueueSelectorImpl@79e11c4f
2021-02-03 21:51:22.064.XNIO-1 I/O-17> DEBUG T[] U[] - Started channel thread 'XNIO-1 I/O-17', selector sun.nio.ch.KQueueSelectorImpl@2e73ba85
2021-02-03 21:51:22.065.XNIO-1 I/O-18> DEBUG T[] U[] - Started channel thread 'XNIO-1 I/O-18', selector sun.nio.ch.KQueueSelectorImpl@3772e978
2021-02-03 21:51:22.065.XNIO-1 I/O-19> DEBUG T[] U[] - Started channel thread 'XNIO-1 I/O-19', selector sun.nio.ch.KQueueSelectorImpl@6fec153e
2021-02-03 21:51:22.065.XNIO-1 I/O-20> DEBUG T[] U[] - Started channel thread 'XNIO-1 I/O-20', selector sun.nio.ch.KQueueSelectorImpl@5086b405
2021-02-03 21:51:22.065.XNIO-1 I/O-22> DEBUG T[] U[] - Started channel thread 'XNIO-1 I/O-22', selector sun.nio.ch.KQueueSelectorImpl@3bf09eea
2021-02-03 21:51:22.065.XNIO-1 I/O-23> DEBUG T[] U[] - Started channel thread 'XNIO-1 I/O-23', selector sun.nio.ch.KQueueSelectorImpl@3697f4a1
2021-02-03 21:51:22.065.XNIO-1 I/O-24> DEBUG T[] U[] - Started channel thread 'XNIO-1 I/O-24', selector sun.nio.ch.KQueueSelectorImpl@3ede622f
2021-02-03 21:51:22.065.XNIO-1 I/O-25> DEBUG T[] U[] - Started channel thread 'XNIO-1 I/O-25', selector sun.nio.ch.KQueueSelectorImpl@24d3fc91
2021-02-03 21:51:22.065.XNIO-1 I/O-26> DEBUG T[] U[] - Started channel thread 'XNIO-1 I/O-26', selector sun.nio.ch.KQueueSelectorImpl@3b985933
2021-02-03 21:51:22.066.XNIO-1 I/O-27> DEBUG T[] U[] - Started channel thread 'XNIO-1 I/O-27', selector sun.nio.ch.KQueueSelectorImpl@6c887854
2021-02-03 21:51:22.066.XNIO-1 I/O-28> DEBUG T[] U[] - Started channel thread 'XNIO-1 I/O-28', selector sun.nio.ch.KQueueSelectorImpl@654e9f88
2021-02-03 21:51:22.066.XNIO-1 I/O-30> DEBUG T[] U[] - Started channel thread 'XNIO-1 I/O-30', selector sun.nio.ch.KQueueSelectorImpl@24f5fdb9
2021-02-03 21:51:22.066.XNIO-1 I/O-31> DEBUG T[] U[] - Started channel thread 'XNIO-1 I/O-31', selector sun.nio.ch.KQueueSelectorImpl@3fa73827
2021-02-03 21:51:22.066.XNIO-1 I/O-32> DEBUG T[] U[] - Started channel thread 'XNIO-1 I/O-32', selector sun.nio.ch.KQueueSelectorImpl@148fa794
2021-02-03 21:51:22.066.XNIO-1 Accept> DEBUG T[] U[] - Started channel thread 'XNIO-1 Accept', selector sun.nio.ch.KQueueSelectorImpl@6563fa14
2021-02-03 21:51:22.066.restartedMain> DEBUG T[] U[] - Configuring listener with protocol HTTP for interface 0.0.0.0 and port 10340
2021-02-03 21:51:22.074.XNIO-1 I/O-21> DEBUG T[] U[] - Started channel thread 'XNIO-1 I/O-21', selector sun.nio.ch.KQueueSelectorImpl@7ef6b165
2021-02-03 21:51:22.079.XNIO-1 I/O-29> DEBUG T[] U[] - Started channel thread 'XNIO-1 I/O-29', selector sun.nio.ch.KQueueSelectorImpl@f82d447
2021-02-03 21:51:22.141.restartedMain> INFO  T[] U[] - Started KotlinProjectKt in 11.715 seconds (JVM running for 15.087)
2021-02-03 21:51:22.422.RMI TCP Connection(1)-127.0.0.1> INFO  T[] U[] - Initializing Spring DispatcherServlet 'dispatcherServlet'
2021-02-03 21:51:44.932.HikariPool-1 housekeeper> DEBUG T[] U[] - HikariPool-1 - Pool stats (total=50, active=0, idle=50, waiting=0)
2021-02-03 21:51:59.898.XNIO-1 I/O-19> DEBUG T[] U[] - Matched prefix path /dyshin for path /dyshin/health
2021-02-03 21:51:59.924.XNIO-1 task-1> DEBUG T[] U[] - Attempting to authenticate /dyshin/health, authentication required: false
2021-02-03 21:51:59.926.XNIO-1 task-1> DEBUG T[] U[] - Authentication outcome was NOT_ATTEMPTED with method io.undertow.security.impl.CachedAuthenticatedSessionMechanism@1bb5f9cb for /dyshin/health
2021-02-03 21:51:59.927.XNIO-1 task-1> DEBUG T[] U[] - Authentication result was ATTEMPTED for /dyshin/health
2021-02-03 21:51:59.958.XNIO-1 task-1> DEBUG T[] U[] - looking up handler for path: /health
2021-02-03 21:52:00.004.XNIO-1 task-1> DEBUG T[] U[] - looking up handler for path: /error
2021-02-03 21:52:00.106.XNIO-1 I/O-10> DEBUG T[] U[] - Matched default handler path /favicon.ico
2021-02-03 21:52:03.494.XNIO-1 I/O-10> DEBUG T[] U[] - Matched prefix path /dyshin for path /dyshin/health
2021-02-03 21:52:03.495.XNIO-1 task-2> DEBUG T[] U[] - Attempting to authenticate /dyshin/health, authentication required: false
2021-02-03 21:52:03.495.XNIO-1 task-2> DEBUG T[] U[] - Authentication outcome was NOT_ATTEMPTED with method io.undertow.security.impl.CachedAuthenticatedSessionMechanism@1bb5f9cb for /dyshin/health
2021-02-03 21:52:03.495.XNIO-1 task-2> DEBUG T[] U[] - Authentication result was ATTEMPTED for /dyshin/health
2021-02-03 21:52:03.495.XNIO-1 task-2> DEBUG T[] U[] - looking up handler for path: /health
2021-02-03 21:52:03.500.XNIO-1 task-2> DEBUG T[] U[] - looking up handler for path: /error
2021-02-03 21:52:05.491.XNIO-1 I/O-19> DEBUG T[] U[] - Matched prefix path /dyshin for path /dyshin/
2021-02-03 21:52:05.496.XNIO-1 task-3> DEBUG T[] U[] - Attempting to authenticate /dyshin/, authentication required: false
2021-02-03 21:52:05.496.XNIO-1 task-3> DEBUG T[] U[] - Authentication outcome was NOT_ATTEMPTED with method io.undertow.security.impl.CachedAuthenticatedSessionMechanism@1bb5f9cb for /dyshin/
2021-02-03 21:52:05.496.XNIO-1 task-3> DEBUG T[] U[] - Authentication result was ATTEMPTED for /dyshin/
2021-02-03 21:52:05.497.XNIO-1 task-3> DEBUG T[] U[] - looking up handler for path: /
2021-02-03 21:52:05.516.XNIO-1 task-3> ERROR T[] U[] - UT005023: Exception handling request to /dyshin/
javax.servlet.ServletException: No adapter for handler [com.kotlin.boot.sample.controller.SampleApi@350b4a06]: The DispatcherServlet configuration needs to include a HandlerAdapter that supports this handler
	at org.springframework.web.servlet.DispatcherServlet.getHandlerAdapter(DispatcherServlet.java:1273)
	at org.springframework.web.servlet.DispatcherServlet.doDispatch(DispatcherServlet.java:1022)
	at org.springframework.web.servlet.DispatcherServlet.doService(DispatcherServlet.java:942)
	at org.springframework.web.servlet.FrameworkServlet.processRequest(FrameworkServlet.java:1005)
	at org.springframework.web.servlet.FrameworkServlet.doGet(FrameworkServlet.java:897)
	at javax.servlet.http.HttpServlet.service(HttpServlet.java:645)
	at org.springframework.web.servlet.FrameworkServlet.service(FrameworkServlet.java:882)
	at javax.servlet.http.HttpServlet.service(HttpServlet.java:750)
	at io.undertow.servlet.handlers.ServletHandler.handleRequest(ServletHandler.java:74)
	at io.undertow.servlet.handlers.FilterHandler$FilterChainImpl.doFilter(FilterHandler.java:129)
	at org.springframework.boot.actuate.web.trace.servlet.HttpTraceFilter.doFilterInternal(HttpTraceFilter.java:88)
	at org.springframework.web.filter.OncePerRequestFilter.doFilter(OncePerRequestFilter.java:118)
	at io.undertow.servlet.core.ManagedFilter.doFilter(ManagedFilter.java:61)
	at io.undertow.servlet.handlers.FilterHandler$FilterChainImpl.doFilter(FilterHandler.java:131)
	at org.springframework.web.filter.RequestContextFilter.doFilterInternal(RequestContextFilter.java:99)
	at org.springframework.web.filter.OncePerRequestFilter.doFilter(OncePerRequestFilter.java:118)
	at io.undertow.servlet.core.ManagedFilter.doFilter(ManagedFilter.java:61)
	at io.undertow.servlet.handlers.FilterHandler$FilterChainImpl.doFilter(FilterHandler.java:131)
	at org.springframework.web.filter.FormContentFilter.doFilterInternal(FormContentFilter.java:92)
	at org.springframework.web.filter.OncePerRequestFilter.doFilter(OncePerRequestFilter.java:118)
	at io.undertow.servlet.core.ManagedFilter.doFilter(ManagedFilter.java:61)
	at io.undertow.servlet.handlers.FilterHandler$FilterChainImpl.doFilter(FilterHandler.java:131)
	at org.springframework.web.filter.HiddenHttpMethodFilter.doFilterInternal(HiddenHttpMethodFilter.java:93)
	at org.springframework.web.filter.OncePerRequestFilter.doFilter(OncePerRequestFilter.java:118)
	at io.undertow.servlet.core.ManagedFilter.doFilter(ManagedFilter.java:61)
	at io.undertow.servlet.handlers.FilterHandler$FilterChainImpl.doFilter(FilterHandler.java:131)
	at org.springframework.boot.actuate.metrics.web.servlet.WebMvcMetricsFilter.filterAndRecordMetrics(WebMvcMetricsFilter.java:114)
	at org.springframework.boot.actuate.metrics.web.servlet.WebMvcMetricsFilter.doFilterInternal(WebMvcMetricsFilter.java:104)
	at org.springframework.web.filter.OncePerRequestFilter.doFilter(OncePerRequestFilter.java:118)
	at io.undertow.servlet.core.ManagedFilter.doFilter(ManagedFilter.java:61)
	at io.undertow.servlet.handlers.FilterHandler$FilterChainImpl.doFilter(FilterHandler.java:131)
	at org.springframework.web.filter.CharacterEncodingFilter.doFilterInternal(CharacterEncodingFilter.java:200)
	at org.springframework.web.filter.OncePerRequestFilter.doFilter(OncePerRequestFilter.java:118)
	at io.undertow.servlet.core.ManagedFilter.doFilter(ManagedFilter.java:61)
	at io.undertow.servlet.handlers.FilterHandler$FilterChainImpl.doFilter(FilterHandler.java:131)
	at io.undertow.servlet.handlers.FilterHandler.handleRequest(FilterHandler.java:84)
	at io.undertow.servlet.handlers.security.ServletSecurityRoleHandler.handleRequest(ServletSecurityRoleHandler.java:62)
	at io.undertow.servlet.handlers.ServletChain$1.handleRequest(ServletChain.java:68)
	at io.undertow.servlet.handlers.ServletDispatchingHandler.handleRequest(ServletDispatchingHandler.java:36)
	at io.undertow.servlet.handlers.RedirectDirHandler.handleRequest(RedirectDirHandler.java:68)
	at io.undertow.servlet.handlers.security.SSLInformationAssociationHandler.handleRequest(SSLInformationAssociationHandler.java:132)
	at io.undertow.servlet.handlers.security.ServletAuthenticationCallHandler.handleRequest(ServletAuthenticationCallHandler.java:57)
	at io.undertow.server.handlers.PredicateHandler.handleRequest(PredicateHandler.java:43)
	at io.undertow.security.handlers.AbstractConfidentialityHandler.handleRequest(AbstractConfidentialityHandler.java:46)
	at io.undertow.servlet.handlers.security.ServletConfidentialityConstraintHandler.handleRequest(ServletConfidentialityConstraintHandler.java:64)
	at io.undertow.security.handlers.AuthenticationMechanismsHandler.handleRequest(AuthenticationMechanismsHandler.java:60)
	at io.undertow.servlet.handlers.security.CachedAuthenticatedSessionHandler.handleRequest(CachedAuthenticatedSessionHandler.java:77)
	at io.undertow.security.handlers.AbstractSecurityContextAssociationHandler.handleRequest(AbstractSecurityContextAssociationHandler.java:43)
	at io.undertow.server.handlers.PredicateHandler.handleRequest(PredicateHandler.java:43)
	at io.undertow.server.handlers.PredicateHandler.handleRequest(PredicateHandler.java:43)
	at io.undertow.servlet.handlers.SessionRestoringHandler.handleRequest(SessionRestoringHandler.java:119)
	at io.undertow.servlet.handlers.ServletInitialHandler.handleFirstRequest(ServletInitialHandler.java:269)
	at io.undertow.servlet.handlers.ServletInitialHandler.access$100(ServletInitialHandler.java:78)
	at io.undertow.servlet.handlers.ServletInitialHandler$2.call(ServletInitialHandler.java:133)
	at io.undertow.servlet.handlers.ServletInitialHandler$2.call(ServletInitialHandler.java:130)
	at io.undertow.servlet.core.ServletRequestContextThreadSetupAction$1.call(ServletRequestContextThreadSetupAction.java:48)
	at io.undertow.servlet.core.ContextClassLoaderSetupAction$1.call(ContextClassLoaderSetupAction.java:43)
	at io.undertow.servlet.handlers.ServletInitialHandler.dispatchRequest(ServletInitialHandler.java:249)
	at io.undertow.servlet.handlers.ServletInitialHandler.access$000(ServletInitialHandler.java:78)
	at io.undertow.servlet.handlers.ServletInitialHandler$1.handleRequest(ServletInitialHandler.java:99)
	at io.undertow.server.Connectors.executeRootHandler(Connectors.java:376)
	at io.undertow.server.HttpServerExchange$1.run(HttpServerExchange.java:830)
	at java.util.concurrent.ThreadPoolExecutor.runWorker(ThreadPoolExecutor.java:1149)
	at java.util.concurrent.ThreadPoolExecutor$Worker.run(ThreadPoolExecutor.java:624)
	at java.lang.Thread.run(Thread.java:748)
2021-02-03 21:52:05.517.XNIO-1 task-3> DEBUG T[] U[] - Setting error code 500 for exchange HttpServerExchange{ GET /dyshin/}
java.lang.RuntimeException: null
	at io.undertow.server.HttpServerExchange.setStatusCode(HttpServerExchange.java:1410)
	at io.undertow.servlet.handlers.ServletInitialHandler.handleFirstRequest(ServletInitialHandler.java:299)
	at io.undertow.servlet.handlers.ServletInitialHandler.access$100(ServletInitialHandler.java:78)
	at io.undertow.servlet.handlers.ServletInitialHandler$2.call(ServletInitialHandler.java:133)
	at io.undertow.servlet.handlers.ServletInitialHandler$2.call(ServletInitialHandler.java:130)
	at io.undertow.servlet.core.ServletRequestContextThreadSetupAction$1.call(ServletRequestContextThreadSetupAction.java:48)
	at io.undertow.servlet.core.ContextClassLoaderSetupAction$1.call(ContextClassLoaderSetupAction.java:43)
	at io.undertow.servlet.handlers.ServletInitialHandler.dispatchRequest(ServletInitialHandler.java:249)
	at io.undertow.servlet.handlers.ServletInitialHandler.access$000(ServletInitialHandler.java:78)
	at io.undertow.servlet.handlers.ServletInitialHandler$1.handleRequest(ServletInitialHandler.java:99)
	at io.undertow.server.Connectors.executeRootHandler(Connectors.java:376)
	at io.undertow.server.HttpServerExchange$1.run(HttpServerExchange.java:830)
	at java.util.concurrent.ThreadPoolExecutor.runWorker(ThreadPoolExecutor.java:1149)
	at java.util.concurrent.ThreadPoolExecutor$Worker.run(ThreadPoolExecutor.java:624)
	at java.lang.Thread.run(Thread.java:748)
2021-02-03 21:52:05.517.XNIO-1 task-3> DEBUG T[] U[] - looking up handler for path: /error
2021-02-03 21:52:05.520.XNIO-1 task-3> DEBUG T[] U[] - Setting error code 500 for exchange HttpServerExchange{ GET /dyshin/error}
java.lang.RuntimeException: null
	at io.undertow.server.HttpServerExchange.setStatusCode(HttpServerExchange.java:1410)
	at io.undertow.servlet.spec.HttpServletResponseImpl.setStatus(HttpServletResponseImpl.java:318)
	at org.springframework.boot.autoconfigure.web.servlet.error.BasicErrorController.errorHtml(BasicErrorController.java:90)
	at sun.reflect.NativeMethodAccessorImpl.invoke0(Native Method)
	at sun.reflect.NativeMethodAccessorImpl.invoke(NativeMethodAccessorImpl.java:62)
	at sun.reflect.DelegatingMethodAccessorImpl.invoke(DelegatingMethodAccessorImpl.java:43)
	at java.lang.reflect.Method.invoke(Method.java:498)
	at org.springframework.web.method.support.InvocableHandlerMethod.doInvoke(InvocableHandlerMethod.java:190)
	at org.springframework.web.method.support.InvocableHandlerMethod.invokeForRequest(InvocableHandlerMethod.java:138)
	at org.springframework.web.servlet.mvc.method.annotation.ServletInvocableHandlerMethod.invokeAndHandle(ServletInvocableHandlerMethod.java:104)
	at org.springframework.web.servlet.mvc.method.annotation.RequestMappingHandlerAdapter.invokeHandlerMethod(RequestMappingHandlerAdapter.java:892)
	at org.springframework.web.servlet.mvc.method.annotation.RequestMappingHandlerAdapter.handleInternal(RequestMappingHandlerAdapter.java:797)
	at org.springframework.web.servlet.mvc.method.AbstractHandlerMethodAdapter.handle(AbstractHandlerMethodAdapter.java:87)
	at org.springframework.web.servlet.DispatcherServlet.doDispatch(DispatcherServlet.java:1039)
	at org.springframework.web.servlet.DispatcherServlet.doService(DispatcherServlet.java:942)
	at org.springframework.web.servlet.FrameworkServlet.processRequest(FrameworkServlet.java:1005)
	at org.springframework.web.servlet.FrameworkServlet.doGet(FrameworkServlet.java:897)
	at javax.servlet.http.HttpServlet.service(HttpServlet.java:645)
	at org.springframework.web.servlet.FrameworkServlet.service(FrameworkServlet.java:882)
	at javax.servlet.http.HttpServlet.service(HttpServlet.java:750)
	at io.undertow.servlet.handlers.ServletHandler.handleRequest(ServletHandler.java:74)
	at io.undertow.servlet.handlers.FilterHandler.handleRequest(FilterHandler.java:81)
	at io.undertow.servlet.handlers.security.ServletSecurityRoleHandler.handleRequest(ServletSecurityRoleHandler.java:62)
	at io.undertow.servlet.handlers.ServletChain$1.handleRequest(ServletChain.java:68)
	at io.undertow.servlet.handlers.ServletDispatchingHandler.handleRequest(ServletDispatchingHandler.java:36)
	at io.undertow.servlet.handlers.RedirectDirHandler.handleRequest(RedirectDirHandler.java:68)
	at io.undertow.server.handlers.PredicateHandler.handleRequest(PredicateHandler.java:43)
	at io.undertow.server.handlers.PredicateHandler.handleRequest(PredicateHandler.java:43)
	at io.undertow.servlet.handlers.SessionRestoringHandler.handleRequest(SessionRestoringHandler.java:119)
	at io.undertow.servlet.handlers.ServletInitialHandler.dispatchRequest(ServletInitialHandler.java:251)
	at io.undertow.servlet.handlers.ServletInitialHandler.dispatchToPath(ServletInitialHandler.java:186)
	at io.undertow.servlet.spec.RequestDispatcherImpl.error(RequestDispatcherImpl.java:501)
	at io.undertow.servlet.spec.RequestDispatcherImpl.error(RequestDispatcherImpl.java:427)
	at io.undertow.servlet.handlers.ServletInitialHandler.handleFirstRequest(ServletInitialHandler.java:308)
	at io.undertow.servlet.handlers.ServletInitialHandler.access$100(ServletInitialHandler.java:78)
	at io.undertow.servlet.handlers.ServletInitialHandler$2.call(ServletInitialHandler.java:133)
	at io.undertow.servlet.handlers.ServletInitialHandler$2.call(ServletInitialHandler.java:130)
	at io.undertow.servlet.core.ServletRequestContextThreadSetupAction$1.call(ServletRequestContextThreadSetupAction.java:48)
	at io.undertow.servlet.core.ContextClassLoaderSetupAction$1.call(ContextClassLoaderSetupAction.java:43)
	at io.undertow.servlet.handlers.ServletInitialHandler.dispatchRequest(ServletInitialHandler.java:249)
	at io.undertow.servlet.handlers.ServletInitialHandler.access$000(ServletInitialHandler.java:78)
	at io.undertow.servlet.handlers.ServletInitialHandler$1.handleRequest(ServletInitialHandler.java:99)
	at io.undertow.server.Connectors.executeRootHandler(Connectors.java:376)
	at io.undertow.server.HttpServerExchange$1.run(HttpServerExchange.java:830)
	at java.util.concurrent.ThreadPoolExecutor.runWorker(ThreadPoolExecutor.java:1149)
	at java.util.concurrent.ThreadPoolExecutor$Worker.run(ThreadPoolExecutor.java:624)
	at java.lang.Thread.run(Thread.java:748)
2021-02-03 21:52:05.562.XNIO-1 I/O-10> DEBUG T[] U[] - Matched default handler path /favicon.ico
2021-02-03 21:52:12.206.XNIO-1 I/O-19> DEBUG T[] U[] - Matched prefix path /dyshin for path /dyshin/swagger-ui.html
2021-02-03 21:52:12.207.XNIO-1 task-4> DEBUG T[] U[] - Attempting to authenticate /dyshin/swagger-ui.html, authentication required: false
2021-02-03 21:52:12.207.XNIO-1 task-4> DEBUG T[] U[] - Authentication outcome was NOT_ATTEMPTED with method io.undertow.security.impl.CachedAuthenticatedSessionMechanism@1bb5f9cb for /dyshin/swagger-ui.html
2021-02-03 21:52:12.207.XNIO-1 task-4> DEBUG T[] U[] - Authentication result was ATTEMPTED for /dyshin/swagger-ui.html
2021-02-03 21:52:12.208.XNIO-1 task-4> DEBUG T[] U[] - looking up handler for path: /swagger-ui.html
2021-02-03 21:52:12.237.XNIO-1 I/O-19> DEBUG T[] U[] - Matched prefix path /dyshin for path /dyshin/webjars/springfox-swagger-ui/springfox.css
2021-02-03 21:52:12.238.XNIO-1 task-5> DEBUG T[] U[] - Attempting to authenticate /dyshin/webjars/springfox-swagger-ui/springfox.css, authentication required: false
2021-02-03 21:52:12.239.XNIO-1 task-5> DEBUG T[] U[] - Authentication outcome was NOT_ATTEMPTED with method io.undertow.security.impl.CachedAuthenticatedSessionMechanism@1bb5f9cb for /dyshin/webjars/springfox-swagger-ui/springfox.css
2021-02-03 21:52:12.239.XNIO-1 task-5> DEBUG T[] U[] - Authentication result was ATTEMPTED for /dyshin/webjars/springfox-swagger-ui/springfox.css
2021-02-03 21:52:12.240.XNIO-1 task-5> DEBUG T[] U[] - looking up handler for path: /webjars/springfox-swagger-ui/springfox.css
2021-02-03 21:52:12.241.XNIO-1 I/O-16> DEBUG T[] U[] - Matched prefix path /dyshin for path /dyshin/webjars/springfox-swagger-ui/swagger-ui.css
2021-02-03 21:52:12.243.XNIO-1 task-6> DEBUG T[] U[] - Attempting to authenticate /dyshin/webjars/springfox-swagger-ui/swagger-ui.css, authentication required: false
2021-02-03 21:52:12.244.XNIO-1 task-6> DEBUG T[] U[] - Authentication outcome was NOT_ATTEMPTED with method io.undertow.security.impl.CachedAuthenticatedSessionMechanism@1bb5f9cb for /dyshin/webjars/springfox-swagger-ui/swagger-ui.css
2021-02-03 21:52:12.244.XNIO-1 task-6> DEBUG T[] U[] - Authentication result was ATTEMPTED for /dyshin/webjars/springfox-swagger-ui/swagger-ui.css
2021-02-03 21:52:12.245.XNIO-1 task-6> DEBUG T[] U[] - looking up handler for path: /webjars/springfox-swagger-ui/swagger-ui.css
2021-02-03 21:52:12.248.XNIO-1 I/O-7> DEBUG T[] U[] - Matched prefix path /dyshin for path /dyshin/webjars/springfox-swagger-ui/swagger-ui-bundle.js
2021-02-03 21:52:12.249.XNIO-1 I/O-30> DEBUG T[] U[] - Matched prefix path /dyshin for path /dyshin/webjars/springfox-swagger-ui/swagger-ui-standalone-preset.js
2021-02-03 21:52:12.249.XNIO-1 I/O-21> DEBUG T[] U[] - Matched prefix path /dyshin for path /dyshin/webjars/springfox-swagger-ui/springfox.js
2021-02-03 21:52:12.250.XNIO-1 task-7> DEBUG T[] U[] - Attempting to authenticate /dyshin/webjars/springfox-swagger-ui/swagger-ui-standalone-preset.js, authentication required: false
2021-02-03 21:52:12.250.XNIO-1 task-9> DEBUG T[] U[] - Attempting to authenticate /dyshin/webjars/springfox-swagger-ui/springfox.js, authentication required: false
2021-02-03 21:52:12.250.XNIO-1 task-8> DEBUG T[] U[] - Attempting to authenticate /dyshin/webjars/springfox-swagger-ui/swagger-ui-bundle.js, authentication required: false
2021-02-03 21:52:12.250.XNIO-1 task-7> DEBUG T[] U[] - Authentication outcome was NOT_ATTEMPTED with method io.undertow.security.impl.CachedAuthenticatedSessionMechanism@1bb5f9cb for /dyshin/webjars/springfox-swagger-ui/swagger-ui-standalone-preset.js
2021-02-03 21:52:12.251.XNIO-1 task-9> DEBUG T[] U[] - Authentication outcome was NOT_ATTEMPTED with method io.undertow.security.impl.CachedAuthenticatedSessionMechanism@1bb5f9cb for /dyshin/webjars/springfox-swagger-ui/springfox.js
2021-02-03 21:52:12.251.XNIO-1 task-7> DEBUG T[] U[] - Authentication result was ATTEMPTED for /dyshin/webjars/springfox-swagger-ui/swagger-ui-standalone-preset.js
2021-02-03 21:52:12.250.XNIO-1 task-8> DEBUG T[] U[] - Authentication outcome was NOT_ATTEMPTED with method io.undertow.security.impl.CachedAuthenticatedSessionMechanism@1bb5f9cb for /dyshin/webjars/springfox-swagger-ui/swagger-ui-bundle.js
2021-02-03 21:52:12.251.XNIO-1 task-9> DEBUG T[] U[] - Authentication result was ATTEMPTED for /dyshin/webjars/springfox-swagger-ui/springfox.js
2021-02-03 21:52:12.251.XNIO-1 task-8> DEBUG T[] U[] - Authentication result was ATTEMPTED for /dyshin/webjars/springfox-swagger-ui/swagger-ui-bundle.js
2021-02-03 21:52:12.251.XNIO-1 task-8> DEBUG T[] U[] - looking up handler for path: /webjars/springfox-swagger-ui/swagger-ui-bundle.js
2021-02-03 21:52:12.251.XNIO-1 task-9> DEBUG T[] U[] - looking up handler for path: /webjars/springfox-swagger-ui/springfox.js
2021-02-03 21:52:12.251.XNIO-1 task-7> DEBUG T[] U[] - looking up handler for path: /webjars/springfox-swagger-ui/swagger-ui-standalone-preset.js
2021-02-03 21:52:12.516.XNIO-1 I/O-19> DEBUG T[] U[] - Matched prefix path /dyshin for path /dyshin/swagger-resources/configuration/ui
2021-02-03 21:52:12.517.XNIO-1 task-10> DEBUG T[] U[] - Attempting to authenticate /dyshin/swagger-resources/configuration/ui, authentication required: false
2021-02-03 21:52:12.518.XNIO-1 task-10> DEBUG T[] U[] - Authentication outcome was NOT_ATTEMPTED with method io.undertow.security.impl.CachedAuthenticatedSessionMechanism@1bb5f9cb for /dyshin/swagger-resources/configuration/ui
2021-02-03 21:52:12.518.XNIO-1 task-10> DEBUG T[] U[] - Authentication result was ATTEMPTED for /dyshin/swagger-resources/configuration/ui
2021-02-03 21:52:12.519.XNIO-1 task-10> DEBUG T[] U[] - looking up handler for path: /swagger-resources/configuration/ui
2021-02-03 21:52:12.521.XNIO-1 I/O-10> DEBUG T[] U[] - Matched prefix path /dyshin for path /dyshin/webjars/springfox-swagger-ui/favicon-32x32.png
2021-02-03 21:52:12.523.XNIO-1 task-11> DEBUG T[] U[] - Attempting to authenticate /dyshin/webjars/springfox-swagger-ui/favicon-32x32.png, authentication required: false
2021-02-03 21:52:12.523.XNIO-1 task-11> DEBUG T[] U[] - Authentication outcome was NOT_ATTEMPTED with method io.undertow.security.impl.CachedAuthenticatedSessionMechanism@1bb5f9cb for /dyshin/webjars/springfox-swagger-ui/favicon-32x32.png
2021-02-03 21:52:12.523.XNIO-1 task-11> DEBUG T[] U[] - Authentication result was ATTEMPTED for /dyshin/webjars/springfox-swagger-ui/favicon-32x32.png
2021-02-03 21:52:12.523.XNIO-1 I/O-12> DEBUG T[] U[] - Matched prefix path /dyshin for path /dyshin/webjars/springfox-swagger-ui/favicon-16x16.png
2021-02-03 21:52:12.523.XNIO-1 task-11> DEBUG T[] U[] - looking up handler for path: /webjars/springfox-swagger-ui/favicon-32x32.png
2021-02-03 21:52:12.526.XNIO-1 task-12> DEBUG T[] U[] - Attempting to authenticate /dyshin/webjars/springfox-swagger-ui/favicon-16x16.png, authentication required: false
2021-02-03 21:52:12.526.XNIO-1 task-12> DEBUG T[] U[] - Authentication outcome was NOT_ATTEMPTED with method io.undertow.security.impl.CachedAuthenticatedSessionMechanism@1bb5f9cb for /dyshin/webjars/springfox-swagger-ui/favicon-16x16.png
2021-02-03 21:52:12.526.XNIO-1 task-12> DEBUG T[] U[] - Authentication result was ATTEMPTED for /dyshin/webjars/springfox-swagger-ui/favicon-16x16.png
2021-02-03 21:52:12.528.XNIO-1 task-12> DEBUG T[] U[] - looking up handler for path: /webjars/springfox-swagger-ui/favicon-16x16.png
2021-02-03 21:52:12.601.XNIO-1 I/O-19> DEBUG T[] U[] - Matched prefix path /dyshin for path /dyshin/swagger-resources/configuration/security
2021-02-03 21:52:12.602.XNIO-1 task-13> DEBUG T[] U[] - Attempting to authenticate /dyshin/swagger-resources/configuration/security, authentication required: false
2021-02-03 21:52:12.603.XNIO-1 task-13> DEBUG T[] U[] - Authentication outcome was NOT_ATTEMPTED with method io.undertow.security.impl.CachedAuthenticatedSessionMechanism@1bb5f9cb for /dyshin/swagger-resources/configuration/security
2021-02-03 21:52:12.603.XNIO-1 task-13> DEBUG T[] U[] - Authentication result was ATTEMPTED for /dyshin/swagger-resources/configuration/security
2021-02-03 21:52:12.603.XNIO-1 task-13> DEBUG T[] U[] - looking up handler for path: /swagger-resources/configuration/security
2021-02-03 21:52:12.613.XNIO-1 I/O-19> DEBUG T[] U[] - Matched prefix path /dyshin for path /dyshin/swagger-resources
2021-02-03 21:52:12.614.XNIO-1 task-14> DEBUG T[] U[] - Attempting to authenticate /dyshin/swagger-resources, authentication required: false
2021-02-03 21:52:12.614.XNIO-1 task-14> DEBUG T[] U[] - Authentication outcome was NOT_ATTEMPTED with method io.undertow.security.impl.CachedAuthenticatedSessionMechanism@1bb5f9cb for /dyshin/swagger-resources
2021-02-03 21:52:12.614.XNIO-1 task-14> DEBUG T[] U[] - Authentication result was ATTEMPTED for /dyshin/swagger-resources
2021-02-03 21:52:12.615.XNIO-1 task-14> DEBUG T[] U[] - looking up handler for path: /swagger-resources
2021-02-03 21:52:12.652.XNIO-1 I/O-19> DEBUG T[] U[] - Matched prefix path /dyshin for path /dyshin/v2/api-docs
2021-02-03 21:52:12.652.XNIO-1 I/O-16> DEBUG T[] U[] - Matched prefix path /dyshin for path /dyshin/
2021-02-03 21:52:12.653.XNIO-1 task-15> DEBUG T[] U[] - Attempting to authenticate /dyshin/, authentication required: false
2021-02-03 21:52:12.653.XNIO-1 task-15> DEBUG T[] U[] - Authentication outcome was NOT_ATTEMPTED with method io.undertow.security.impl.CachedAuthenticatedSessionMechanism@1bb5f9cb for /dyshin/
2021-02-03 21:52:12.653.XNIO-1 task-15> DEBUG T[] U[] - Authentication result was ATTEMPTED for /dyshin/
2021-02-03 21:52:12.653.XNIO-1 task-16> DEBUG T[] U[] - Attempting to authenticate /dyshin/v2/api-docs, authentication required: false
2021-02-03 21:52:12.653.XNIO-1 task-16> DEBUG T[] U[] - Authentication outcome was NOT_ATTEMPTED with method io.undertow.security.impl.CachedAuthenticatedSessionMechanism@1bb5f9cb for /dyshin/v2/api-docs
2021-02-03 21:52:12.653.XNIO-1 task-16> DEBUG T[] U[] - Authentication result was ATTEMPTED for /dyshin/v2/api-docs
2021-02-03 21:52:12.654.XNIO-1 task-15> DEBUG T[] U[] - looking up handler for path: /
2021-02-03 21:52:12.654.XNIO-1 task-16> DEBUG T[] U[] - looking up handler for path: /v2/api-docs
2021-02-03 21:52:12.654.XNIO-1 task-16> DEBUG T[] U[] - Mapped to public org.springframework.http.ResponseEntity<springfox.documentation.spring.web.json.Json> springfox.documentation.swagger2.web.Swagger2Controller.getDocumentation(java.lang.String,javax.servlet.http.HttpServletRequest)
2021-02-03 21:52:12.655.XNIO-1 task-15> ERROR T[] U[] - UT005023: Exception handling request to /dyshin/
javax.servlet.ServletException: No adapter for handler [com.kotlin.boot.sample.controller.SampleApi@350b4a06]: The DispatcherServlet configuration needs to include a HandlerAdapter that supports this handler
	at org.springframework.web.servlet.DispatcherServlet.getHandlerAdapter(DispatcherServlet.java:1273)
	at org.springframework.web.servlet.DispatcherServlet.doDispatch(DispatcherServlet.java:1022)
	at org.springframework.web.servlet.DispatcherServlet.doService(DispatcherServlet.java:942)
	at org.springframework.web.servlet.FrameworkServlet.processRequest(FrameworkServlet.java:1005)
	at org.springframework.web.servlet.FrameworkServlet.doGet(FrameworkServlet.java:897)
	at javax.servlet.http.HttpServlet.service(HttpServlet.java:645)
	at org.springframework.web.servlet.FrameworkServlet.service(FrameworkServlet.java:882)
	at javax.servlet.http.HttpServlet.service(HttpServlet.java:750)
	at io.undertow.servlet.handlers.ServletHandler.handleRequest(ServletHandler.java:74)
	at io.undertow.servlet.handlers.FilterHandler$FilterChainImpl.doFilter(FilterHandler.java:129)
	at org.springframework.boot.actuate.web.trace.servlet.HttpTraceFilter.doFilterInternal(HttpTraceFilter.java:88)
	at org.springframework.web.filter.OncePerRequestFilter.doFilter(OncePerRequestFilter.java:118)
	at io.undertow.servlet.core.ManagedFilter.doFilter(ManagedFilter.java:61)
	at io.undertow.servlet.handlers.FilterHandler$FilterChainImpl.doFilter(FilterHandler.java:131)
	at org.springframework.web.filter.RequestContextFilter.doFilterInternal(RequestContextFilter.java:99)
	at org.springframework.web.filter.OncePerRequestFilter.doFilter(OncePerRequestFilter.java:118)
	at io.undertow.servlet.core.ManagedFilter.doFilter(ManagedFilter.java:61)
	at io.undertow.servlet.handlers.FilterHandler$FilterChainImpl.doFilter(FilterHandler.java:131)
	at org.springframework.web.filter.FormContentFilter.doFilterInternal(FormContentFilter.java:92)
	at org.springframework.web.filter.OncePerRequestFilter.doFilter(OncePerRequestFilter.java:118)
	at io.undertow.servlet.core.ManagedFilter.doFilter(ManagedFilter.java:61)
	at io.undertow.servlet.handlers.FilterHandler$FilterChainImpl.doFilter(FilterHandler.java:131)
	at org.springframework.web.filter.HiddenHttpMethodFilter.doFilterInternal(HiddenHttpMethodFilter.java:93)
	at org.springframework.web.filter.OncePerRequestFilter.doFilter(OncePerRequestFilter.java:118)
	at io.undertow.servlet.core.ManagedFilter.doFilter(ManagedFilter.java:61)
	at io.undertow.servlet.handlers.FilterHandler$FilterChainImpl.doFilter(FilterHandler.java:131)
	at org.springframework.boot.actuate.metrics.web.servlet.WebMvcMetricsFilter.filterAndRecordMetrics(WebMvcMetricsFilter.java:114)
	at org.springframework.boot.actuate.metrics.web.servlet.WebMvcMetricsFilter.doFilterInternal(WebMvcMetricsFilter.java:104)
	at org.springframework.web.filter.OncePerRequestFilter.doFilter(OncePerRequestFilter.java:118)
	at io.undertow.servlet.core.ManagedFilter.doFilter(ManagedFilter.java:61)
	at io.undertow.servlet.handlers.FilterHandler$FilterChainImpl.doFilter(FilterHandler.java:131)
	at org.springframework.web.filter.CharacterEncodingFilter.doFilterInternal(CharacterEncodingFilter.java:200)
	at org.springframework.web.filter.OncePerRequestFilter.doFilter(OncePerRequestFilter.java:118)
	at io.undertow.servlet.core.ManagedFilter.doFilter(ManagedFilter.java:61)
	at io.undertow.servlet.handlers.FilterHandler$FilterChainImpl.doFilter(FilterHandler.java:131)
	at io.undertow.servlet.handlers.FilterHandler.handleRequest(FilterHandler.java:84)
	at io.undertow.servlet.handlers.security.ServletSecurityRoleHandler.handleRequest(ServletSecurityRoleHandler.java:62)
	at io.undertow.servlet.handlers.ServletChain$1.handleRequest(ServletChain.java:68)
	at io.undertow.servlet.handlers.ServletDispatchingHandler.handleRequest(ServletDispatchingHandler.java:36)
	at io.undertow.servlet.handlers.RedirectDirHandler.handleRequest(RedirectDirHandler.java:68)
	at io.undertow.servlet.handlers.security.SSLInformationAssociationHandler.handleRequest(SSLInformationAssociationHandler.java:132)
	at io.undertow.servlet.handlers.security.ServletAuthenticationCallHandler.handleRequest(ServletAuthenticationCallHandler.java:57)
	at io.undertow.server.handlers.PredicateHandler.handleRequest(PredicateHandler.java:43)
	at io.undertow.security.handlers.AbstractConfidentialityHandler.handleRequest(AbstractConfidentialityHandler.java:46)
	at io.undertow.servlet.handlers.security.ServletConfidentialityConstraintHandler.handleRequest(ServletConfidentialityConstraintHandler.java:64)
	at io.undertow.security.handlers.AuthenticationMechanismsHandler.handleRequest(AuthenticationMechanismsHandler.java:60)
	at io.undertow.servlet.handlers.security.CachedAuthenticatedSessionHandler.handleRequest(CachedAuthenticatedSessionHandler.java:77)
	at io.undertow.security.handlers.AbstractSecurityContextAssociationHandler.handleRequest(AbstractSecurityContextAssociationHandler.java:43)
	at io.undertow.server.handlers.PredicateHandler.handleRequest(PredicateHandler.java:43)
	at io.undertow.server.handlers.PredicateHandler.handleRequest(PredicateHandler.java:43)
	at io.undertow.servlet.handlers.SessionRestoringHandler.handleRequest(SessionRestoringHandler.java:119)
	at io.undertow.servlet.handlers.ServletInitialHandler.handleFirstRequest(ServletInitialHandler.java:269)
	at io.undertow.servlet.handlers.ServletInitialHandler.access$100(ServletInitialHandler.java:78)
	at io.undertow.servlet.handlers.ServletInitialHandler$2.call(ServletInitialHandler.java:133)
	at io.undertow.servlet.handlers.ServletInitialHandler$2.call(ServletInitialHandler.java:130)
	at io.undertow.servlet.core.ServletRequestContextThreadSetupAction$1.call(ServletRequestContextThreadSetupAction.java:48)
	at io.undertow.servlet.core.ContextClassLoaderSetupAction$1.call(ContextClassLoaderSetupAction.java:43)
	at io.undertow.servlet.handlers.ServletInitialHandler.dispatchRequest(ServletInitialHandler.java:249)
	at io.undertow.servlet.handlers.ServletInitialHandler.access$000(ServletInitialHandler.java:78)
	at io.undertow.servlet.handlers.ServletInitialHandler$1.handleRequest(ServletInitialHandler.java:99)
	at io.undertow.server.Connectors.executeRootHandler(Connectors.java:376)
	at io.undertow.server.HttpServerExchange$1.run(HttpServerExchange.java:830)
	at java.util.concurrent.ThreadPoolExecutor.runWorker(ThreadPoolExecutor.java:1149)
	at java.util.concurrent.ThreadPoolExecutor$Worker.run(ThreadPoolExecutor.java:624)
	at java.lang.Thread.run(Thread.java:748)
2021-02-03 21:52:12.657.XNIO-1 task-15> DEBUG T[] U[] - Setting error code 500 for exchange HttpServerExchange{ GET /dyshin/}
java.lang.RuntimeException: null
	at io.undertow.server.HttpServerExchange.setStatusCode(HttpServerExchange.java:1410)
	at io.undertow.servlet.handlers.ServletInitialHandler.handleFirstRequest(ServletInitialHandler.java:299)
	at io.undertow.servlet.handlers.ServletInitialHandler.access$100(ServletInitialHandler.java:78)
	at io.undertow.servlet.handlers.ServletInitialHandler$2.call(ServletInitialHandler.java:133)
	at io.undertow.servlet.handlers.ServletInitialHandler$2.call(ServletInitialHandler.java:130)
	at io.undertow.servlet.core.ServletRequestContextThreadSetupAction$1.call(ServletRequestContextThreadSetupAction.java:48)
	at io.undertow.servlet.core.ContextClassLoaderSetupAction$1.call(ContextClassLoaderSetupAction.java:43)
	at io.undertow.servlet.handlers.ServletInitialHandler.dispatchRequest(ServletInitialHandler.java:249)
	at io.undertow.servlet.handlers.ServletInitialHandler.access$000(ServletInitialHandler.java:78)
	at io.undertow.servlet.handlers.ServletInitialHandler$1.handleRequest(ServletInitialHandler.java:99)
	at io.undertow.server.Connectors.executeRootHandler(Connectors.java:376)
	at io.undertow.server.HttpServerExchange$1.run(HttpServerExchange.java:830)
	at java.util.concurrent.ThreadPoolExecutor.runWorker(ThreadPoolExecutor.java:1149)
	at java.util.concurrent.ThreadPoolExecutor$Worker.run(ThreadPoolExecutor.java:624)
	at java.lang.Thread.run(Thread.java:748)
2021-02-03 21:52:12.658.XNIO-1 task-15> DEBUG T[] U[] - looking up handler for path: /error
2021-02-03 21:52:12.660.XNIO-1 task-15> DEBUG T[] U[] - Setting error code 500 for exchange HttpServerExchange{ GET /dyshin/error}
java.lang.RuntimeException: null
	at io.undertow.server.HttpServerExchange.setStatusCode(HttpServerExchange.java:1410)
	at io.undertow.servlet.spec.HttpServletResponseImpl.setStatus(HttpServletResponseImpl.java:318)
	at org.springframework.web.servlet.mvc.method.annotation.HttpEntityMethodProcessor.handleReturnValue(HttpEntityMethodProcessor.java:205)
	at org.springframework.web.method.support.HandlerMethodReturnValueHandlerComposite.handleReturnValue(HandlerMethodReturnValueHandlerComposite.java:82)
	at org.springframework.web.servlet.mvc.method.annotation.ServletInvocableHandlerMethod.invokeAndHandle(ServletInvocableHandlerMethod.java:122)
	at org.springframework.web.servlet.mvc.method.annotation.RequestMappingHandlerAdapter.invokeHandlerMethod(RequestMappingHandlerAdapter.java:892)
	at org.springframework.web.servlet.mvc.method.annotation.RequestMappingHandlerAdapter.handleInternal(RequestMappingHandlerAdapter.java:797)
	at org.springframework.web.servlet.mvc.method.AbstractHandlerMethodAdapter.handle(AbstractHandlerMethodAdapter.java:87)
	at org.springframework.web.servlet.DispatcherServlet.doDispatch(DispatcherServlet.java:1039)
	at org.springframework.web.servlet.DispatcherServlet.doService(DispatcherServlet.java:942)
	at org.springframework.web.servlet.FrameworkServlet.processRequest(FrameworkServlet.java:1005)
	at org.springframework.web.servlet.FrameworkServlet.doGet(FrameworkServlet.java:897)
	at javax.servlet.http.HttpServlet.service(HttpServlet.java:645)
	at org.springframework.web.servlet.FrameworkServlet.service(FrameworkServlet.java:882)
	at javax.servlet.http.HttpServlet.service(HttpServlet.java:750)
	at io.undertow.servlet.handlers.ServletHandler.handleRequest(ServletHandler.java:74)
	at io.undertow.servlet.handlers.FilterHandler.handleRequest(FilterHandler.java:81)
	at io.undertow.servlet.handlers.security.ServletSecurityRoleHandler.handleRequest(ServletSecurityRoleHandler.java:62)
	at io.undertow.servlet.handlers.ServletChain$1.handleRequest(ServletChain.java:68)
	at io.undertow.servlet.handlers.ServletDispatchingHandler.handleRequest(ServletDispatchingHandler.java:36)
	at io.undertow.servlet.handlers.RedirectDirHandler.handleRequest(RedirectDirHandler.java:68)
	at io.undertow.server.handlers.PredicateHandler.handleRequest(PredicateHandler.java:43)
	at io.undertow.server.handlers.PredicateHandler.handleRequest(PredicateHandler.java:43)
	at io.undertow.servlet.handlers.SessionRestoringHandler.handleRequest(SessionRestoringHandler.java:119)
	at io.undertow.servlet.handlers.ServletInitialHandler.dispatchRequest(ServletInitialHandler.java:251)
	at io.undertow.servlet.handlers.ServletInitialHandler.dispatchToPath(ServletInitialHandler.java:186)
	at io.undertow.servlet.spec.RequestDispatcherImpl.error(RequestDispatcherImpl.java:501)
	at io.undertow.servlet.spec.RequestDispatcherImpl.error(RequestDispatcherImpl.java:427)
	at io.undertow.servlet.handlers.ServletInitialHandler.handleFirstRequest(ServletInitialHandler.java:308)
	at io.undertow.servlet.handlers.ServletInitialHandler.access$100(ServletInitialHandler.java:78)
	at io.undertow.servlet.handlers.ServletInitialHandler$2.call(ServletInitialHandler.java:133)
	at io.undertow.servlet.handlers.ServletInitialHandler$2.call(ServletInitialHandler.java:130)
	at io.undertow.servlet.core.ServletRequestContextThreadSetupAction$1.call(ServletRequestContextThreadSetupAction.java:48)
	at io.undertow.servlet.core.ContextClassLoaderSetupAction$1.call(ContextClassLoaderSetupAction.java:43)
	at io.undertow.servlet.handlers.ServletInitialHandler.dispatchRequest(ServletInitialHandler.java:249)
	at io.undertow.servlet.handlers.ServletInitialHandler.access$000(ServletInitialHandler.java:78)
	at io.undertow.servlet.handlers.ServletInitialHandler$1.handleRequest(ServletInitialHandler.java:99)
	at io.undertow.server.Connectors.executeRootHandler(Connectors.java:376)
	at io.undertow.server.HttpServerExchange$1.run(HttpServerExchange.java:830)
	at java.util.concurrent.ThreadPoolExecutor.runWorker(ThreadPoolExecutor.java:1149)
	at java.util.concurrent.ThreadPoolExecutor$Worker.run(ThreadPoolExecutor.java:624)
	at java.lang.Thread.run(Thread.java:748)
2021-02-03 21:52:12.683.XNIO-1 I/O-16> DEBUG T[] U[] - Matched prefix path /dyshin for path /dyshin/csrf
2021-02-03 21:52:12.684.XNIO-1 task-17> DEBUG T[] U[] - Attempting to authenticate /dyshin/csrf, authentication required: false
2021-02-03 21:52:12.684.XNIO-1 task-17> DEBUG T[] U[] - Authentication outcome was NOT_ATTEMPTED with method io.undertow.security.impl.CachedAuthenticatedSessionMechanism@1bb5f9cb for /dyshin/csrf
2021-02-03 21:52:12.684.XNIO-1 task-17> DEBUG T[] U[] - Authentication result was ATTEMPTED for /dyshin/csrf
2021-02-03 21:52:12.685.XNIO-1 task-17> DEBUG T[] U[] - looking up handler for path: /csrf
2021-02-03 21:52:12.690.XNIO-1 task-17> DEBUG T[] U[] - looking up handler for path: /error
2021-02-03 21:52:12.711.XNIO-1 I/O-16> DEBUG T[] U[] - Matched prefix path /dyshin for path /dyshin/webjars/springfox-swagger-ui/fonts/titillium-web-v6-latin-700.woff2
2021-02-03 21:52:12.711.XNIO-1 I/O-7> DEBUG T[] U[] - Matched prefix path /dyshin for path /dyshin/webjars/springfox-swagger-ui/fonts/open-sans-v15-latin-regular.woff2
2021-02-03 21:52:12.712.XNIO-1 task-18> DEBUG T[] U[] - Attempting to authenticate /dyshin/webjars/springfox-swagger-ui/fonts/titillium-web-v6-latin-700.woff2, authentication required: false
2021-02-03 21:52:12.712.XNIO-1 task-19> DEBUG T[] U[] - Attempting to authenticate /dyshin/webjars/springfox-swagger-ui/fonts/open-sans-v15-latin-regular.woff2, authentication required: false
2021-02-03 21:52:12.712.XNIO-1 task-18> DEBUG T[] U[] - Authentication outcome was NOT_ATTEMPTED with method io.undertow.security.impl.CachedAuthenticatedSessionMechanism@1bb5f9cb for /dyshin/webjars/springfox-swagger-ui/fonts/titillium-web-v6-latin-700.woff2
2021-02-03 21:52:12.712.XNIO-1 task-19> DEBUG T[] U[] - Authentication outcome was NOT_ATTEMPTED with method io.undertow.security.impl.CachedAuthenticatedSessionMechanism@1bb5f9cb for /dyshin/webjars/springfox-swagger-ui/fonts/open-sans-v15-latin-regular.woff2
2021-02-03 21:52:12.712.XNIO-1 task-19> DEBUG T[] U[] - Authentication result was ATTEMPTED for /dyshin/webjars/springfox-swagger-ui/fonts/open-sans-v15-latin-regular.woff2
2021-02-03 21:52:12.712.XNIO-1 task-18> DEBUG T[] U[] - Authentication result was ATTEMPTED for /dyshin/webjars/springfox-swagger-ui/fonts/titillium-web-v6-latin-700.woff2
2021-02-03 21:52:12.713.XNIO-1 task-19> DEBUG T[] U[] - looking up handler for path: /webjars/springfox-swagger-ui/fonts/open-sans-v15-latin-regular.woff2
2021-02-03 21:52:12.713.XNIO-1 task-18> DEBUG T[] U[] - looking up handler for path: /webjars/springfox-swagger-ui/fonts/titillium-web-v6-latin-700.woff2
2021-02-03 21:52:12.914.XNIO-1 I/O-16> DEBUG T[] U[] - Matched prefix path /dyshin for path /dyshin/webjars/springfox-swagger-ui/fonts/source-code-pro-v7-latin-300.woff2
2021-02-03 21:52:12.914.XNIO-1 I/O-19> DEBUG T[] U[] - Matched prefix path /dyshin for path /dyshin/webjars/springfox-swagger-ui/fonts/open-sans-v15-latin-700.woff2
2021-02-03 21:52:12.915.XNIO-1 task-20> DEBUG T[] U[] - Attempting to authenticate /dyshin/webjars/springfox-swagger-ui/fonts/open-sans-v15-latin-700.woff2, authentication required: false
2021-02-03 21:52:12.915.XNIO-1 task-21> DEBUG T[] U[] - Attempting to authenticate /dyshin/webjars/springfox-swagger-ui/fonts/source-code-pro-v7-latin-300.woff2, authentication required: false
2021-02-03 21:52:12.915.XNIO-1 task-20> DEBUG T[] U[] - Authentication outcome was NOT_ATTEMPTED with method io.undertow.security.impl.CachedAuthenticatedSessionMechanism@1bb5f9cb for /dyshin/webjars/springfox-swagger-ui/fonts/open-sans-v15-latin-700.woff2
2021-02-03 21:52:12.915.XNIO-1 task-21> DEBUG T[] U[] - Authentication outcome was NOT_ATTEMPTED with method io.undertow.security.impl.CachedAuthenticatedSessionMechanism@1bb5f9cb for /dyshin/webjars/springfox-swagger-ui/fonts/source-code-pro-v7-latin-300.woff2
2021-02-03 21:52:12.915.XNIO-1 task-20> DEBUG T[] U[] - Authentication result was ATTEMPTED for /dyshin/webjars/springfox-swagger-ui/fonts/open-sans-v15-latin-700.woff2
2021-02-03 21:52:12.915.XNIO-1 task-21> DEBUG T[] U[] - Authentication result was ATTEMPTED for /dyshin/webjars/springfox-swagger-ui/fonts/source-code-pro-v7-latin-300.woff2
2021-02-03 21:52:12.916.XNIO-1 task-20> DEBUG T[] U[] - looking up handler for path: /webjars/springfox-swagger-ui/fonts/open-sans-v15-latin-700.woff2
2021-02-03 21:52:12.916.XNIO-1 task-21> DEBUG T[] U[] - looking up handler for path: /webjars/springfox-swagger-ui/fonts/source-code-pro-v7-latin-300.woff2
2021-02-03 21:52:14.942.HikariPool-1 housekeeper> DEBUG T[] U[] - HikariPool-1 - Pool stats (total=50, active=0, idle=50, waiting=0)
2021-02-03 21:52:15.271.XNIO-1 I/O-19> DEBUG T[] U[] - Matched prefix path /dyshin for path /dyshin/webjars/springfox-swagger-ui/fonts/source-code-pro-v7-latin-600.woff2
2021-02-03 21:52:15.272.XNIO-1 task-22> DEBUG T[] U[] - Attempting to authenticate /dyshin/webjars/springfox-swagger-ui/fonts/source-code-pro-v7-latin-600.woff2, authentication required: false
2021-02-03 21:52:15.272.XNIO-1 task-22> DEBUG T[] U[] - Authentication outcome was NOT_ATTEMPTED with method io.undertow.security.impl.CachedAuthenticatedSessionMechanism@1bb5f9cb for /dyshin/webjars/springfox-swagger-ui/fonts/source-code-pro-v7-latin-600.woff2
2021-02-03 21:52:15.273.XNIO-1 task-22> DEBUG T[] U[] - Authentication result was ATTEMPTED for /dyshin/webjars/springfox-swagger-ui/fonts/source-code-pro-v7-latin-600.woff2
2021-02-03 21:52:15.273.XNIO-1 task-22> DEBUG T[] U[] - looking up handler for path: /webjars/springfox-swagger-ui/fonts/source-code-pro-v7-latin-600.woff2
2021-02-03 21:52:30.964.XNIO-1 I/O-19> DEBUG T[] U[] - Matched prefix path /dyshin for path /dyshin/user/join
2021-02-03 21:52:30.965.XNIO-1 task-23> DEBUG T[] U[] - Attempting to authenticate /dyshin/user/join, authentication required: false
2021-02-03 21:52:30.966.XNIO-1 task-23> DEBUG T[] U[] - Authentication outcome was NOT_ATTEMPTED with method io.undertow.security.impl.CachedAuthenticatedSessionMechanism@1bb5f9cb for /dyshin/user/join
2021-02-03 21:52:30.966.XNIO-1 task-23> DEBUG T[] U[] - Authentication result was ATTEMPTED for /dyshin/user/join
2021-02-03 21:52:30.966.XNIO-1 task-23> DEBUG T[] U[] - looking up handler for path: /user/join
2021-02-03 21:52:44.942.HikariPool-1 housekeeper> DEBUG T[] U[] - HikariPool-1 - Pool stats (total=50, active=0, idle=50, waiting=0)
2021-02-03 21:53:14.948.HikariPool-1 housekeeper> DEBUG T[] U[] - HikariPool-1 - Pool stats (total=50, active=0, idle=50, waiting=0)
2021-02-03 21:53:44.463.XNIO-1 I/O-4> DEBUG T[] U[] - Matched prefix path /dyshin for path /dyshin/webjars/springfox-swagger-ui/fonts/titillium-web-v6-latin-regular.woff2
2021-02-03 21:53:44.477.XNIO-1 task-24> DEBUG T[] U[] - Attempting to authenticate /dyshin/webjars/springfox-swagger-ui/fonts/titillium-web-v6-latin-regular.woff2, authentication required: false
2021-02-03 21:53:44.479.XNIO-1 task-24> DEBUG T[] U[] - Authentication outcome was NOT_ATTEMPTED with method io.undertow.security.impl.CachedAuthenticatedSessionMechanism@1bb5f9cb for /dyshin/webjars/springfox-swagger-ui/fonts/titillium-web-v6-latin-regular.woff2
2021-02-03 21:53:44.479.XNIO-1 task-24> DEBUG T[] U[] - Authentication result was ATTEMPTED for /dyshin/webjars/springfox-swagger-ui/fonts/titillium-web-v6-latin-regular.woff2
2021-02-03 21:53:44.484.XNIO-1 task-24> DEBUG T[] U[] - looking up handler for path: /webjars/springfox-swagger-ui/fonts/titillium-web-v6-latin-regular.woff2
2021-02-03 21:53:44.951.HikariPool-1 housekeeper> DEBUG T[] U[] - HikariPool-1 - Pool stats (total=50, active=0, idle=50, waiting=0)
2021-02-03 21:54:14.954.HikariPool-1 housekeeper> DEBUG T[] U[] - HikariPool-1 - Pool stats (total=50, active=0, idle=50, waiting=0)
2021-02-03 21:54:35.033.Thread-35> INFO  T[] U[] - HikariPool-1 - Shutdown initiated...
2021-02-03 21:54:35.034.Thread-35> DEBUG T[] U[] - HikariPool-1 - Before shutdown stats (total=50, active=0, idle=50, waiting=0)
2021-02-03 21:54:35.035.HikariPool-1 connection closer> DEBUG T[] U[] - HikariPool-1 - Closing connection oracle.jdbc.driver.T4CConnection@331954e7: (connection evicted)
2021-02-03 21:54:35.051.HikariPool-1 connection closer> DEBUG T[] U[] - HikariPool-1 - Closing connection oracle.jdbc.driver.T4CConnection@4bd30e52: (connection evicted)
2021-02-03 21:54:35.054.HikariPool-1 connection closer> DEBUG T[] U[] - HikariPool-1 - Closing connection oracle.jdbc.driver.T4CConnection@68dc3d4c: (connection evicted)
2021-02-03 21:54:35.058.HikariPool-1 connection closer> DEBUG T[] U[] - HikariPool-1 - Closing connection oracle.jdbc.driver.T4CConnection@6ac1fb26: (connection evicted)
2021-02-03 21:54:35.063.HikariPool-1 connection closer> DEBUG T[] U[] - HikariPool-1 - Closing connection oracle.jdbc.driver.T4CConnection@bf227dd: (connection evicted)
2021-02-03 21:54:35.068.HikariPool-1 connection closer> DEBUG T[] U[] - HikariPool-1 - Closing connection oracle.jdbc.driver.T4CConnection@69d8b61c: (connection evicted)
2021-02-03 21:54:35.072.HikariPool-1 connection closer> DEBUG T[] U[] - HikariPool-1 - Closing connection oracle.jdbc.driver.T4CConnection@77e2f7fd: (connection evicted)
2021-02-03 21:54:35.076.HikariPool-1 connection closer> DEBUG T[] U[] - HikariPool-1 - Closing connection oracle.jdbc.driver.T4CConnection@6bd7e8c6: (connection evicted)
2021-02-03 21:54:35.082.HikariPool-1 connection closer> DEBUG T[] U[] - HikariPool-1 - Closing connection oracle.jdbc.driver.T4CConnection@43498d6d: (connection evicted)
2021-02-03 21:54:35.087.HikariPool-1 connection closer> DEBUG T[] U[] - HikariPool-1 - Closing connection oracle.jdbc.driver.T4CConnection@768979b8: (connection evicted)
2021-02-03 21:54:35.092.HikariPool-1 connection closer> DEBUG T[] U[] - HikariPool-1 - Closing connection oracle.jdbc.driver.T4CConnection@572b5a7f: (connection evicted)
2021-02-03 21:54:35.098.HikariPool-1 connection closer> DEBUG T[] U[] - HikariPool-1 - Closing connection oracle.jdbc.driver.T4CConnection@702cadd9: (connection evicted)
2021-02-03 21:54:35.101.HikariPool-1 connection closer> DEBUG T[] U[] - HikariPool-1 - Closing connection oracle.jdbc.driver.T4CConnection@5db6b7f4: (connection evicted)
2021-02-03 21:54:35.106.HikariPool-1 connection closer> DEBUG T[] U[] - HikariPool-1 - Closing connection oracle.jdbc.driver.T4CConnection@3df79213: (connection evicted)
2021-02-03 21:54:35.111.HikariPool-1 connection closer> DEBUG T[] U[] - HikariPool-1 - Closing connection oracle.jdbc.driver.T4CConnection@1c983cb4: (connection evicted)
2021-02-03 21:54:35.115.HikariPool-1 connection closer> DEBUG T[] U[] - HikariPool-1 - Closing connection oracle.jdbc.driver.T4CConnection@59e0785b: (connection evicted)
2021-02-03 21:54:35.120.HikariPool-1 connection closer> DEBUG T[] U[] - HikariPool-1 - Closing connection oracle.jdbc.driver.T4CConnection@2ec42525: (connection evicted)
2021-02-03 21:54:35.125.HikariPool-1 connection closer> DEBUG T[] U[] - HikariPool-1 - Closing connection oracle.jdbc.driver.T4CConnection@62f2b367: (connection evicted)
2021-02-03 21:54:35.128.HikariPool-1 connection closer> DEBUG T[] U[] - HikariPool-1 - Closing connection oracle.jdbc.driver.T4CConnection@7a38d420: (connection evicted)
2021-02-03 21:54:35.132.HikariPool-1 connection closer> DEBUG T[] U[] - HikariPool-1 - Closing connection oracle.jdbc.driver.T4CConnection@385ec0cd: (connection evicted)
2021-02-03 21:54:35.136.HikariPool-1 connection closer> DEBUG T[] U[] - HikariPool-1 - Closing connection oracle.jdbc.driver.T4CConnection@52d95764: (connection evicted)
2021-02-03 21:54:35.140.HikariPool-1 connection closer> DEBUG T[] U[] - HikariPool-1 - Closing connection oracle.jdbc.driver.T4CConnection@104e9802: (connection evicted)
2021-02-03 21:54:35.144.HikariPool-1 connection closer> DEBUG T[] U[] - HikariPool-1 - Closing connection oracle.jdbc.driver.T4CConnection@4112c7aa: (connection evicted)
2021-02-03 21:54:35.150.HikariPool-1 connection closer> DEBUG T[] U[] - HikariPool-1 - Closing connection oracle.jdbc.driver.T4CConnection@66b6107e: (connection evicted)
2021-02-03 21:54:35.153.HikariPool-1 connection closer> DEBUG T[] U[] - HikariPool-1 - Closing connection oracle.jdbc.driver.T4CConnection@1d3da040: (connection evicted)
2021-02-03 21:54:35.158.HikariPool-1 connection closer> DEBUG T[] U[] - HikariPool-1 - Closing connection oracle.jdbc.driver.T4CConnection@330abde1: (connection evicted)
2021-02-03 21:54:35.162.HikariPool-1 connection closer> DEBUG T[] U[] - HikariPool-1 - Closing connection oracle.jdbc.driver.T4CConnection@74230de7: (connection evicted)
2021-02-03 21:54:35.166.HikariPool-1 connection closer> DEBUG T[] U[] - HikariPool-1 - Closing connection oracle.jdbc.driver.T4CConnection@baf57a: (connection evicted)
2021-02-03 21:54:35.170.HikariPool-1 connection closer> DEBUG T[] U[] - HikariPool-1 - Closing connection oracle.jdbc.driver.T4CConnection@601ac2ea: (connection evicted)
2021-02-03 21:54:35.175.HikariPool-1 connection closer> DEBUG T[] U[] - HikariPool-1 - Closing connection oracle.jdbc.driver.T4CConnection@69518956: (connection evicted)
2021-02-03 21:54:35.188.HikariPool-1 connection closer> DEBUG T[] U[] - HikariPool-1 - Closing connection oracle.jdbc.driver.T4CConnection@5bc02232: (connection evicted)
2021-02-03 21:54:35.192.HikariPool-1 connection closer> DEBUG T[] U[] - HikariPool-1 - Closing connection oracle.jdbc.driver.T4CConnection@20b95303: (connection evicted)
2021-02-03 21:54:35.198.HikariPool-1 connection closer> DEBUG T[] U[] - HikariPool-1 - Closing connection oracle.jdbc.driver.T4CConnection@199ba9e7: (connection evicted)
2021-02-03 21:54:35.204.HikariPool-1 connection closer> DEBUG T[] U[] - HikariPool-1 - Closing connection oracle.jdbc.driver.T4CConnection@73a37578: (connection evicted)
2021-02-03 21:54:35.208.HikariPool-1 connection closer> DEBUG T[] U[] - HikariPool-1 - Closing connection oracle.jdbc.driver.T4CConnection@30aa6278: (connection evicted)
2021-02-03 21:54:35.212.HikariPool-1 connection closer> DEBUG T[] U[] - HikariPool-1 - Closing connection oracle.jdbc.driver.T4CConnection@2687dd15: (connection evicted)
2021-02-03 21:54:35.216.HikariPool-1 connection closer> DEBUG T[] U[] - HikariPool-1 - Closing connection oracle.jdbc.driver.T4CConnection@1e444c9e: (connection evicted)
2021-02-03 21:54:35.219.HikariPool-1 connection closer> DEBUG T[] U[] - HikariPool-1 - Closing connection oracle.jdbc.driver.T4CConnection@46ccb9de: (connection evicted)
2021-02-03 21:54:35.224.HikariPool-1 connection closer> DEBUG T[] U[] - HikariPool-1 - Closing connection oracle.jdbc.driver.T4CConnection@62110829: (connection evicted)
2021-02-03 21:54:35.227.HikariPool-1 connection closer> DEBUG T[] U[] - HikariPool-1 - Closing connection oracle.jdbc.driver.T4CConnection@6e1dfa25: (connection evicted)
2021-02-03 21:54:35.236.HikariPool-1 connection closer> DEBUG T[] U[] - HikariPool-1 - Closing connection oracle.jdbc.driver.T4CConnection@6aab196c: (connection evicted)
2021-02-03 21:54:35.242.HikariPool-1 connection closer> DEBUG T[] U[] - HikariPool-1 - Closing connection oracle.jdbc.driver.T4CConnection@4bcc5f25: (connection evicted)
2021-02-03 21:54:35.251.HikariPool-1 connection closer> DEBUG T[] U[] - HikariPool-1 - Closing connection oracle.jdbc.driver.T4CConnection@464ac6a1: (connection evicted)
2021-02-03 21:54:35.256.HikariPool-1 connection closer> DEBUG T[] U[] - HikariPool-1 - Closing connection oracle.jdbc.driver.T4CConnection@6e10a7ad: (connection evicted)
2021-02-03 21:54:35.260.HikariPool-1 connection closer> DEBUG T[] U[] - HikariPool-1 - Closing connection oracle.jdbc.driver.T4CConnection@e15c487: (connection evicted)
2021-02-03 21:54:35.265.HikariPool-1 connection closer> DEBUG T[] U[] - HikariPool-1 - Closing connection oracle.jdbc.driver.T4CConnection@5926c2f6: (connection evicted)
2021-02-03 21:54:35.269.HikariPool-1 connection closer> DEBUG T[] U[] - HikariPool-1 - Closing connection oracle.jdbc.driver.T4CConnection@72189732: (connection evicted)
2021-02-03 21:54:35.273.HikariPool-1 connection closer> DEBUG T[] U[] - HikariPool-1 - Closing connection oracle.jdbc.driver.T4CConnection@52cf0edb: (connection evicted)
2021-02-03 21:54:35.279.HikariPool-1 connection closer> DEBUG T[] U[] - HikariPool-1 - Closing connection oracle.jdbc.driver.T4CConnection@3b3e2b38: (connection evicted)
2021-02-03 21:54:35.284.HikariPool-1 connection closer> DEBUG T[] U[] - HikariPool-1 - Closing connection oracle.jdbc.driver.T4CConnection@6d131a6c: (connection evicted)
2021-02-03 21:54:35.289.Thread-35> DEBUG T[] U[] - HikariPool-1 - After shutdown stats (total=0, active=0, idle=0, waiting=0)
2021-02-03 21:54:35.290.Thread-35> INFO  T[] U[] - HikariPool-1 - Shutdown completed.
2021-02-03 21:54:35.298.Thread-35> INFO  T[] U[] - Destroying Spring FrameworkServlet 'dispatcherServlet'
2021-02-03 21:54:35.304.Thread-35> DEBUG T[] U[] - stopping undertow server io.undertow.Undertow@7dbc91f7
