2020-12-12 12:00:12.893.HikariPool-1 housekeeper> DEBUG T[] U[] - HikariPool-1 - Pool stats (total=50, active=0, idle=50, waiting=0)
2020-12-12 12:00:42.897.HikariPool-1 housekeeper> DEBUG T[] U[] - HikariPool-1 - Pool stats (total=50, active=0, idle=50, waiting=0)
2020-12-12 12:01:12.901.HikariPool-1 housekeeper> DEBUG T[] U[] - HikariPool-1 - Pool stats (total=50, active=0, idle=50, waiting=0)
2020-12-12 12:01:42.904.HikariPool-1 housekeeper> DEBUG T[] U[] - HikariPool-1 - Pool stats (total=50, active=0, idle=50, waiting=0)
2020-12-12 12:02:12.908.HikariPool-1 housekeeper> DEBUG T[] U[] - HikariPool-1 - Pool stats (total=50, active=0, idle=50, waiting=0)
2020-12-12 12:02:42.910.HikariPool-1 housekeeper> DEBUG T[] U[] - HikariPool-1 - Pool stats (total=50, active=0, idle=50, waiting=0)
2020-12-12 12:03:12.912.HikariPool-1 housekeeper> DEBUG T[] U[] - HikariPool-1 - Pool stats (total=50, active=0, idle=50, waiting=0)
2020-12-12 12:03:42.914.HikariPool-1 housekeeper> DEBUG T[] U[] - HikariPool-1 - Pool stats (total=50, active=0, idle=50, waiting=0)
2020-12-12 12:04:12.916.HikariPool-1 housekeeper> DEBUG T[] U[] - HikariPool-1 - Pool stats (total=50, active=0, idle=50, waiting=0)
2020-12-12 12:04:42.918.HikariPool-1 housekeeper> DEBUG T[] U[] - HikariPool-1 - Pool stats (total=50, active=0, idle=50, waiting=0)
2020-12-12 12:05:12.923.HikariPool-1 housekeeper> DEBUG T[] U[] - HikariPool-1 - Pool stats (total=50, active=0, idle=50, waiting=0)
2020-12-12 12:05:42.928.HikariPool-1 housekeeper> DEBUG T[] U[] - HikariPool-1 - Pool stats (total=50, active=0, idle=50, waiting=0)
2020-12-12 12:06:12.929.HikariPool-1 housekeeper> DEBUG T[] U[] - HikariPool-1 - Pool stats (total=50, active=0, idle=50, waiting=0)
2020-12-12 12:06:42.932.HikariPool-1 housekeeper> DEBUG T[] U[] - HikariPool-1 - Pool stats (total=50, active=0, idle=50, waiting=0)
2020-12-12 12:07:12.941.HikariPool-1 housekeeper> DEBUG T[] U[] - HikariPool-1 - Pool stats (total=50, active=0, idle=50, waiting=0)
2020-12-12 12:07:42.947.HikariPool-1 housekeeper> DEBUG T[] U[] - HikariPool-1 - Pool stats (total=50, active=0, idle=50, waiting=0)
2020-12-12 12:08:12.949.HikariPool-1 housekeeper> DEBUG T[] U[] - HikariPool-1 - Pool stats (total=50, active=0, idle=50, waiting=0)
2020-12-12 12:08:42.949.HikariPool-1 housekeeper> DEBUG T[] U[] - HikariPool-1 - Pool stats (total=50, active=0, idle=50, waiting=0)
2020-12-12 12:09:08.899.Thread-36> INFO  T[] U[] - HikariPool-1 - Shutdown initiated...
2020-12-12 12:09:08.901.Thread-36> DEBUG T[] U[] - HikariPool-1 - Before shutdown stats (total=50, active=0, idle=50, waiting=0)
2020-12-12 12:09:08.902.HikariPool-1 connection closer> DEBUG T[] U[] - HikariPool-1 - Closing connection oracle.jdbc.driver.T4CConnection@5636425: (connection evicted)
2020-12-12 12:09:08.923.HikariPool-1 connection closer> DEBUG T[] U[] - HikariPool-1 - Closing connection oracle.jdbc.driver.T4CConnection@1882f5e0: (connection evicted)
2020-12-12 12:09:08.928.HikariPool-1 connection closer> DEBUG T[] U[] - HikariPool-1 - Closing connection oracle.jdbc.driver.T4CConnection@678ea26d: (connection evicted)
2020-12-12 12:09:08.935.HikariPool-1 connection closer> DEBUG T[] U[] - HikariPool-1 - Closing connection oracle.jdbc.driver.T4CConnection@39900094: (connection evicted)
2020-12-12 12:09:08.941.HikariPool-1 connection closer> DEBUG T[] U[] - HikariPool-1 - Closing connection oracle.jdbc.driver.T4CConnection@473e917: (connection evicted)
2020-12-12 12:09:08.948.HikariPool-1 connection closer> DEBUG T[] U[] - HikariPool-1 - Closing connection oracle.jdbc.driver.T4CConnection@2b455943: (connection evicted)
2020-12-12 12:09:08.954.HikariPool-1 connection closer> DEBUG T[] U[] - HikariPool-1 - Closing connection oracle.jdbc.driver.T4CConnection@178ba6a0: (connection evicted)
2020-12-12 12:09:08.959.HikariPool-1 connection closer> DEBUG T[] U[] - HikariPool-1 - Closing connection oracle.jdbc.driver.T4CConnection@1972b1de: (connection evicted)
2020-12-12 12:09:08.964.HikariPool-1 connection closer> DEBUG T[] U[] - HikariPool-1 - Closing connection oracle.jdbc.driver.T4CConnection@32ffa73a: (connection evicted)
2020-12-12 12:09:08.968.HikariPool-1 connection closer> DEBUG T[] U[] - HikariPool-1 - Closing connection oracle.jdbc.driver.T4CConnection@56f333da: (connection evicted)
2020-12-12 12:09:08.976.HikariPool-1 connection closer> DEBUG T[] U[] - HikariPool-1 - Closing connection oracle.jdbc.driver.T4CConnection@41747285: (connection evicted)
2020-12-12 12:09:08.981.HikariPool-1 connection closer> DEBUG T[] U[] - HikariPool-1 - Closing connection oracle.jdbc.driver.T4CConnection@39f7945a: (connection evicted)
2020-12-12 12:09:08.986.HikariPool-1 connection closer> DEBUG T[] U[] - HikariPool-1 - Closing connection oracle.jdbc.driver.T4CConnection@392860a0: (connection evicted)
2020-12-12 12:09:08.991.HikariPool-1 connection closer> DEBUG T[] U[] - HikariPool-1 - Closing connection oracle.jdbc.driver.T4CConnection@593a8287: (connection evicted)
2020-12-12 12:09:08.997.HikariPool-1 connection closer> DEBUG T[] U[] - HikariPool-1 - Closing connection oracle.jdbc.driver.T4CConnection@47558e08: (connection evicted)
2020-12-12 12:09:09.003.HikariPool-1 connection closer> DEBUG T[] U[] - HikariPool-1 - Closing connection oracle.jdbc.driver.T4CConnection@7ba3371d: (connection evicted)
2020-12-12 12:09:09.007.HikariPool-1 connection closer> DEBUG T[] U[] - HikariPool-1 - Closing connection oracle.jdbc.driver.T4CConnection@46062b65: (connection evicted)
2020-12-12 12:09:09.016.HikariPool-1 connection closer> DEBUG T[] U[] - HikariPool-1 - Closing connection oracle.jdbc.driver.T4CConnection@11e3b15d: (connection evicted)
2020-12-12 12:09:09.021.HikariPool-1 connection closer> DEBUG T[] U[] - HikariPool-1 - Closing connection oracle.jdbc.driver.T4CConnection@5dacc0d7: (connection evicted)
2020-12-12 12:09:09.026.HikariPool-1 connection closer> DEBUG T[] U[] - HikariPool-1 - Closing connection oracle.jdbc.driver.T4CConnection@1cd7297d: (connection evicted)
2020-12-12 12:09:09.030.HikariPool-1 connection closer> DEBUG T[] U[] - HikariPool-1 - Closing connection oracle.jdbc.driver.T4CConnection@49d732c4: (connection evicted)
2020-12-12 12:09:09.041.HikariPool-1 connection closer> DEBUG T[] U[] - HikariPool-1 - Closing connection oracle.jdbc.driver.T4CConnection@10f4e760: (connection evicted)
2020-12-12 12:09:09.046.HikariPool-1 connection closer> DEBUG T[] U[] - HikariPool-1 - Closing connection oracle.jdbc.driver.T4CConnection@516be374: (connection evicted)
2020-12-12 12:09:09.050.HikariPool-1 connection closer> DEBUG T[] U[] - HikariPool-1 - Closing connection oracle.jdbc.driver.T4CConnection@60e76c83: (connection evicted)
2020-12-12 12:09:09.052.HikariPool-1 connection closer> DEBUG T[] U[] - HikariPool-1 - Closing connection oracle.jdbc.driver.T4CConnection@4b555fc2: (connection evicted)
2020-12-12 12:09:09.055.HikariPool-1 connection closer> DEBUG T[] U[] - HikariPool-1 - Closing connection oracle.jdbc.driver.T4CConnection@453498b6: (connection evicted)
2020-12-12 12:09:09.062.HikariPool-1 connection closer> DEBUG T[] U[] - HikariPool-1 - Closing connection oracle.jdbc.driver.T4CConnection@d723cd: (connection evicted)
2020-12-12 12:09:09.065.HikariPool-1 connection closer> DEBUG T[] U[] - HikariPool-1 - Closing connection oracle.jdbc.driver.T4CConnection@4ac24ca3: (connection evicted)
2020-12-12 12:09:09.068.HikariPool-1 connection closer> DEBUG T[] U[] - HikariPool-1 - Closing connection oracle.jdbc.driver.T4CConnection@4a57029f: (connection evicted)
2020-12-12 12:09:09.076.HikariPool-1 connection closer> DEBUG T[] U[] - HikariPool-1 - Closing connection oracle.jdbc.driver.T4CConnection@112c22c3: (connection evicted)
2020-12-12 12:09:09.081.HikariPool-1 connection closer> DEBUG T[] U[] - HikariPool-1 - Closing connection oracle.jdbc.driver.T4CConnection@67d5c32f: (connection evicted)
2020-12-12 12:09:09.085.HikariPool-1 connection closer> DEBUG T[] U[] - HikariPool-1 - Closing connection oracle.jdbc.driver.T4CConnection@227bcaab: (connection evicted)
2020-12-12 12:09:09.090.HikariPool-1 connection closer> DEBUG T[] U[] - HikariPool-1 - Closing connection oracle.jdbc.driver.T4CConnection@16ca276a: (connection evicted)
2020-12-12 12:09:09.097.HikariPool-1 connection closer> DEBUG T[] U[] - HikariPool-1 - Closing connection oracle.jdbc.driver.T4CConnection@7da70617: (connection evicted)
2020-12-12 12:09:09.100.HikariPool-1 connection closer> DEBUG T[] U[] - HikariPool-1 - Closing connection oracle.jdbc.driver.T4CConnection@7870e8ba: (connection evicted)
2020-12-12 12:09:09.105.HikariPool-1 connection closer> DEBUG T[] U[] - HikariPool-1 - Closing connection oracle.jdbc.driver.T4CConnection@437670c5: (connection evicted)
2020-12-12 12:09:09.110.HikariPool-1 connection closer> DEBUG T[] U[] - HikariPool-1 - Closing connection oracle.jdbc.driver.T4CConnection@5aa3a59f: (connection evicted)
2020-12-12 12:09:09.116.HikariPool-1 connection closer> DEBUG T[] U[] - HikariPool-1 - Closing connection oracle.jdbc.driver.T4CConnection@4a27fa10: (connection evicted)
2020-12-12 12:09:09.123.HikariPool-1 connection closer> DEBUG T[] U[] - HikariPool-1 - Closing connection oracle.jdbc.driver.T4CConnection@3412abf: (connection evicted)
2020-12-12 12:09:09.126.HikariPool-1 connection closer> DEBUG T[] U[] - HikariPool-1 - Closing connection oracle.jdbc.driver.T4CConnection@59fdf63c: (connection evicted)
2020-12-12 12:09:09.131.HikariPool-1 connection closer> DEBUG T[] U[] - HikariPool-1 - Closing connection oracle.jdbc.driver.T4CConnection@18d9d3d7: (connection evicted)
2020-12-12 12:09:09.134.HikariPool-1 connection closer> DEBUG T[] U[] - HikariPool-1 - Closing connection oracle.jdbc.driver.T4CConnection@6c28117d: (connection evicted)
2020-12-12 12:09:09.138.HikariPool-1 connection closer> DEBUG T[] U[] - HikariPool-1 - Closing connection oracle.jdbc.driver.T4CConnection@63251d93: (connection evicted)
2020-12-12 12:09:09.143.HikariPool-1 connection closer> DEBUG T[] U[] - HikariPool-1 - Closing connection oracle.jdbc.driver.T4CConnection@4fa44a10: (connection evicted)
2020-12-12 12:09:09.147.HikariPool-1 connection closer> DEBUG T[] U[] - HikariPool-1 - Closing connection oracle.jdbc.driver.T4CConnection@36497bc4: (connection evicted)
2020-12-12 12:09:09.151.HikariPool-1 connection closer> DEBUG T[] U[] - HikariPool-1 - Closing connection oracle.jdbc.driver.T4CConnection@2751ba7c: (connection evicted)
2020-12-12 12:09:09.154.HikariPool-1 connection closer> DEBUG T[] U[] - HikariPool-1 - Closing connection oracle.jdbc.driver.T4CConnection@e41949: (connection evicted)
2020-12-12 12:09:09.158.HikariPool-1 connection closer> DEBUG T[] U[] - HikariPool-1 - Closing connection oracle.jdbc.driver.T4CConnection@4a48d3db: (connection evicted)
2020-12-12 12:09:09.165.HikariPool-1 connection closer> DEBUG T[] U[] - HikariPool-1 - Closing connection oracle.jdbc.driver.T4CConnection@3b1e7135: (connection evicted)
2020-12-12 12:09:09.169.HikariPool-1 connection closer> DEBUG T[] U[] - HikariPool-1 - Closing connection oracle.jdbc.driver.T4CConnection@27c43391: (connection evicted)
2020-12-12 12:09:09.173.Thread-36> DEBUG T[] U[] - HikariPool-1 - After shutdown stats (total=0, active=0, idle=0, waiting=0)
2020-12-12 12:09:09.173.Thread-36> INFO  T[] U[] - HikariPool-1 - Shutdown completed.
2020-12-12 12:09:09.186.Thread-36> INFO  T[] U[] - Destroying Spring FrameworkServlet 'dispatcherServlet'
2020-12-12 12:09:09.197.Thread-36> DEBUG T[] U[] - stopping undertow server io.undertow.Undertow@63448794
