2020-11-29 23:18:56.990.restartedMain> INFO  T[] U[] - Starting KotlinProjectKt on dyshin.local with PID 11490 (/Users/dongyoun_shin/IdeaProjects/KotlinStudy/build/classes/kotlin/main started by dongyoun_shin in /Users/dongyoun_shin/IdeaProjects/KotlinStudy)
2020-11-29 23:18:56.993.restartedMain> DEBUG T[] U[] - Running with Spring Boot v2.1.8.RELEASE, Spring v5.1.9.RELEASE
2020-11-29 23:18:56.993.restartedMain> INFO  T[] U[] - No active profile set, falling back to default profiles: default
2020-11-29 23:18:59.353.restartedMain> WARN  T[] U[] - UT026010: Buffer pool was not set on WebSocketDeploymentInfo, the default pool will be used
2020-11-29 23:18:59.369.restartedMain> DEBUG T[] U[] - Setting default session timeout to 1800
2020-11-29 23:18:59.378.restartedMain> INFO  T[] U[] - Initializing Spring embedded WebApplicationContext
2020-11-29 23:18:59.771.restartedMain> DEBUG T[] U[] - Driver class oracle.jdbc.OracleDriver found in Thread context class loader org.springframework.boot.devtools.restart.classloader.RestartClassLoader@334c3dfc
2020-11-29 23:18:59.794.restartedMain> WARN  T[] U[] - HikariPool-1 - leakDetectionThreshold is less than 2000ms or more than maxLifetime, disabling it.
2020-11-29 23:18:59.794.restartedMain> DEBUG T[] U[] - HikariPool-1 - configuration:
2020-11-29 23:18:59.797.restartedMain> DEBUG T[] U[] - allowPoolSuspension.............false
2020-11-29 23:18:59.797.restartedMain> DEBUG T[] U[] - autoCommit......................true
2020-11-29 23:18:59.797.restartedMain> DEBUG T[] U[] - catalog.........................none
2020-11-29 23:18:59.798.restartedMain> DEBUG T[] U[] - connectionInitSql...............none
2020-11-29 23:18:59.798.restartedMain> DEBUG T[] U[] - connectionTestQuery.............none
2020-11-29 23:18:59.798.restartedMain> DEBUG T[] U[] - connectionTimeout...............30000
2020-11-29 23:18:59.798.restartedMain> DEBUG T[] U[] - dataSource......................none
2020-11-29 23:18:59.798.restartedMain> DEBUG T[] U[] - dataSourceClassName.............none
2020-11-29 23:18:59.798.restartedMain> DEBUG T[] U[] - dataSourceJNDI..................none
2020-11-29 23:18:59.798.restartedMain> DEBUG T[] U[] - dataSourceProperties............{password=<masked>}
2020-11-29 23:18:59.799.restartedMain> DEBUG T[] U[] - driverClassName................."oracle.jdbc.OracleDriver"
2020-11-29 23:18:59.799.restartedMain> DEBUG T[] U[] - healthCheckProperties...........{}
2020-11-29 23:18:59.799.restartedMain> DEBUG T[] U[] - healthCheckRegistry.............none
2020-11-29 23:18:59.799.restartedMain> DEBUG T[] U[] - idleTimeout.....................600000
2020-11-29 23:18:59.799.restartedMain> DEBUG T[] U[] - initializationFailTimeout.......1
2020-11-29 23:18:59.799.restartedMain> DEBUG T[] U[] - isolateInternalQueries..........false
2020-11-29 23:18:59.799.restartedMain> DEBUG T[] U[] - jdbcUrl.........................jdbc:oracle:thin:@localhost:1521:XE
2020-11-29 23:18:59.799.restartedMain> DEBUG T[] U[] - leakDetectionThreshold..........0
2020-11-29 23:18:59.799.restartedMain> DEBUG T[] U[] - maxLifetime.....................1800000
2020-11-29 23:18:59.799.restartedMain> DEBUG T[] U[] - maximumPoolSize.................50
2020-11-29 23:18:59.799.restartedMain> DEBUG T[] U[] - metricRegistry..................none
2020-11-29 23:18:59.800.restartedMain> DEBUG T[] U[] - metricsTrackerFactory...........none
2020-11-29 23:18:59.800.restartedMain> DEBUG T[] U[] - minimumIdle.....................50
2020-11-29 23:18:59.800.restartedMain> DEBUG T[] U[] - password........................<masked>
2020-11-29 23:18:59.800.restartedMain> DEBUG T[] U[] - poolName........................"HikariPool-1"
2020-11-29 23:18:59.800.restartedMain> DEBUG T[] U[] - readOnly........................false
2020-11-29 23:18:59.800.restartedMain> DEBUG T[] U[] - registerMbeans..................false
2020-11-29 23:18:59.800.restartedMain> DEBUG T[] U[] - scheduledExecutor...............none
2020-11-29 23:18:59.800.restartedMain> DEBUG T[] U[] - schema..........................none
2020-11-29 23:18:59.800.restartedMain> DEBUG T[] U[] - threadFactory...................internal
2020-11-29 23:18:59.800.restartedMain> DEBUG T[] U[] - transactionIsolation............default
2020-11-29 23:18:59.800.restartedMain> DEBUG T[] U[] - username........................"springboot"
2020-11-29 23:18:59.800.restartedMain> DEBUG T[] U[] - validationTimeout...............10000
2020-11-29 23:18:59.802.restartedMain> INFO  T[] U[] - HikariPool-1 - Starting...
2020-11-29 23:19:00.088.restartedMain> DEBUG T[] U[] - HikariPool-1 - Added connection oracle.jdbc.driver.T4CConnection@d0010a2
2020-11-29 23:19:00.090.restartedMain> INFO  T[] U[] - HikariPool-1 - Start completed.
2020-11-29 23:19:00.190.HikariPool-1 housekeeper> DEBUG T[] U[] - HikariPool-1 - Pool stats (total=1, active=0, idle=1, waiting=0)
2020-11-29 23:19:00.230.HikariPool-1 connection adder> DEBUG T[] U[] - HikariPool-1 - Added connection oracle.jdbc.driver.T4CConnection@39168d8d
2020-11-29 23:19:00.267.HikariPool-1 connection adder> DEBUG T[] U[] - HikariPool-1 - Added connection oracle.jdbc.driver.T4CConnection@44eeacf9
2020-11-29 23:19:00.312.HikariPool-1 connection adder> DEBUG T[] U[] - HikariPool-1 - Added connection oracle.jdbc.driver.T4CConnection@180478f9
2020-11-29 23:19:00.352.HikariPool-1 connection adder> DEBUG T[] U[] - HikariPool-1 - Added connection oracle.jdbc.driver.T4CConnection@27b263fb
2020-11-29 23:19:00.393.HikariPool-1 connection adder> DEBUG T[] U[] - HikariPool-1 - Added connection oracle.jdbc.driver.T4CConnection@14f83883
2020-11-29 23:19:00.446.HikariPool-1 connection adder> DEBUG T[] U[] - HikariPool-1 - Added connection oracle.jdbc.driver.T4CConnection@7829d7e1
2020-11-29 23:19:00.484.HikariPool-1 connection adder> DEBUG T[] U[] - HikariPool-1 - Added connection oracle.jdbc.driver.T4CConnection@43c91e26
2020-11-29 23:19:00.516.HikariPool-1 connection adder> DEBUG T[] U[] - HikariPool-1 - Added connection oracle.jdbc.driver.T4CConnection@aedbbaa
2020-11-29 23:19:00.554.HikariPool-1 connection adder> DEBUG T[] U[] - HikariPool-1 - Added connection oracle.jdbc.driver.T4CConnection@6670d22c
2020-11-29 23:19:00.590.HikariPool-1 connection adder> DEBUG T[] U[] - HikariPool-1 - Added connection oracle.jdbc.driver.T4CConnection@50f3338a
2020-11-29 23:19:00.617.restartedMain> DEBUG T[] U[] - Registered session listener io.undertow.servlet.core.SessionListenerBridge@764ebd5c
2020-11-29 23:19:00.625.HikariPool-1 connection adder> DEBUG T[] U[] - HikariPool-1 - Added connection oracle.jdbc.driver.T4CConnection@2fccc9a6
2020-11-29 23:19:00.648.restartedMain> DEBUG T[] U[] - Setting default session timeout to 1800
2020-11-29 23:19:00.657.HikariPool-1 connection adder> DEBUG T[] U[] - HikariPool-1 - Added connection oracle.jdbc.driver.T4CConnection@4371fbf7
2020-11-29 23:19:00.692.HikariPool-1 connection adder> DEBUG T[] U[] - HikariPool-1 - Added connection oracle.jdbc.driver.T4CConnection@2530d75c
2020-11-29 23:19:00.728.HikariPool-1 connection adder> DEBUG T[] U[] - HikariPool-1 - Added connection oracle.jdbc.driver.T4CConnection@7ac0cc93
2020-11-29 23:19:00.772.HikariPool-1 connection adder> DEBUG T[] U[] - HikariPool-1 - Added connection oracle.jdbc.driver.T4CConnection@20f258c1
2020-11-29 23:19:00.817.HikariPool-1 connection adder> DEBUG T[] U[] - HikariPool-1 - Added connection oracle.jdbc.driver.T4CConnection@738fe41c
2020-11-29 23:19:00.852.HikariPool-1 connection adder> DEBUG T[] U[] - HikariPool-1 - Added connection oracle.jdbc.driver.T4CConnection@24c15b7f
2020-11-29 23:19:00.887.HikariPool-1 connection adder> DEBUG T[] U[] - HikariPool-1 - Added connection oracle.jdbc.driver.T4CConnection@1121772
2020-11-29 23:19:00.923.HikariPool-1 connection adder> DEBUG T[] U[] - HikariPool-1 - Added connection oracle.jdbc.driver.T4CConnection@71f9f24
2020-11-29 23:19:00.961.HikariPool-1 connection adder> DEBUG T[] U[] - HikariPool-1 - Added connection oracle.jdbc.driver.T4CConnection@7bd0cc98
2020-11-29 23:19:00.999.HikariPool-1 connection adder> DEBUG T[] U[] - HikariPool-1 - Added connection oracle.jdbc.driver.T4CConnection@5eaf8d31
2020-11-29 23:19:01.037.HikariPool-1 connection adder> DEBUG T[] U[] - HikariPool-1 - Added connection oracle.jdbc.driver.T4CConnection@201881ab
2020-11-29 23:19:01.072.HikariPool-1 connection adder> DEBUG T[] U[] - HikariPool-1 - Added connection oracle.jdbc.driver.T4CConnection@783614fb
2020-11-29 23:19:01.105.HikariPool-1 connection adder> DEBUG T[] U[] - HikariPool-1 - Added connection oracle.jdbc.driver.T4CConnection@33b3b328
2020-11-29 23:19:01.142.HikariPool-1 connection adder> DEBUG T[] U[] - HikariPool-1 - Added connection oracle.jdbc.driver.T4CConnection@5c08d47d
2020-11-29 23:19:01.179.HikariPool-1 connection adder> DEBUG T[] U[] - HikariPool-1 - Added connection oracle.jdbc.driver.T4CConnection@1ae7b349
2020-11-29 23:19:01.226.HikariPool-1 connection adder> DEBUG T[] U[] - HikariPool-1 - Added connection oracle.jdbc.driver.T4CConnection@efdbde
2020-11-29 23:19:01.269.HikariPool-1 connection adder> DEBUG T[] U[] - HikariPool-1 - Added connection oracle.jdbc.driver.T4CConnection@4de877d2
2020-11-29 23:19:01.307.HikariPool-1 connection adder> DEBUG T[] U[] - HikariPool-1 - Added connection oracle.jdbc.driver.T4CConnection@69d90652
2020-11-29 23:19:01.362.HikariPool-1 connection adder> DEBUG T[] U[] - HikariPool-1 - Added connection oracle.jdbc.driver.T4CConnection@762d1b90
2020-11-29 23:19:01.402.HikariPool-1 connection adder> DEBUG T[] U[] - HikariPool-1 - Added connection oracle.jdbc.driver.T4CConnection@2e77b43
2020-11-29 23:19:01.444.HikariPool-1 connection adder> DEBUG T[] U[] - HikariPool-1 - Added connection oracle.jdbc.driver.T4CConnection@3e0ce924
2020-11-29 23:19:01.478.HikariPool-1 connection adder> DEBUG T[] U[] - HikariPool-1 - Added connection oracle.jdbc.driver.T4CConnection@155223ee
2020-11-29 23:19:01.511.HikariPool-1 connection adder> DEBUG T[] U[] - HikariPool-1 - Added connection oracle.jdbc.driver.T4CConnection@71a562b5
2020-11-29 23:19:01.544.HikariPool-1 connection adder> DEBUG T[] U[] - HikariPool-1 - Added connection oracle.jdbc.driver.T4CConnection@53f868f4
2020-11-29 23:19:01.599.HikariPool-1 connection adder> DEBUG T[] U[] - HikariPool-1 - Added connection oracle.jdbc.driver.T4CConnection@62a48788
2020-11-29 23:19:01.661.HikariPool-1 connection adder> DEBUG T[] U[] - HikariPool-1 - Added connection oracle.jdbc.driver.T4CConnection@3f59fe4b
2020-11-29 23:19:01.702.HikariPool-1 connection adder> DEBUG T[] U[] - HikariPool-1 - Added connection oracle.jdbc.driver.T4CConnection@3a9fcd1
2020-11-29 23:19:01.817.HikariPool-1 connection adder> DEBUG T[] U[] - HikariPool-1 - Added connection oracle.jdbc.driver.T4CConnection@526b2e04
2020-11-29 23:19:01.950.HikariPool-1 connection adder> DEBUG T[] U[] - HikariPool-1 - Added connection oracle.jdbc.driver.T4CConnection@79f9fd38
2020-11-29 23:19:02.025.HikariPool-1 connection adder> DEBUG T[] U[] - HikariPool-1 - Added connection oracle.jdbc.driver.T4CConnection@74e2cb53
2020-11-29 23:19:02.118.HikariPool-1 connection adder> DEBUG T[] U[] - HikariPool-1 - Added connection oracle.jdbc.driver.T4CConnection@53aa163f
2020-11-29 23:19:02.230.HikariPool-1 connection adder> DEBUG T[] U[] - HikariPool-1 - Added connection oracle.jdbc.driver.T4CConnection@6ef5372a
2020-11-29 23:19:02.289.HikariPool-1 connection adder> DEBUG T[] U[] - HikariPool-1 - Added connection oracle.jdbc.driver.T4CConnection@31b4006a
2020-11-29 23:19:02.327.HikariPool-1 connection adder> DEBUG T[] U[] - HikariPool-1 - Added connection oracle.jdbc.driver.T4CConnection@2314b3d3
2020-11-29 23:19:02.417.HikariPool-1 connection adder> DEBUG T[] U[] - HikariPool-1 - Added connection oracle.jdbc.driver.T4CConnection@a75fb20
2020-11-29 23:19:02.476.HikariPool-1 connection adder> DEBUG T[] U[] - HikariPool-1 - Added connection oracle.jdbc.driver.T4CConnection@44cec412
2020-11-29 23:19:02.521.HikariPool-1 connection adder> DEBUG T[] U[] - HikariPool-1 - Added connection oracle.jdbc.driver.T4CConnection@7038a2df
2020-11-29 23:19:02.554.HikariPool-1 connection adder> DEBUG T[] U[] - HikariPool-1 - Added connection oracle.jdbc.driver.T4CConnection@1ec91619
2020-11-29 23:19:02.555.HikariPool-1 connection adder> DEBUG T[] U[] - HikariPool-1 - After adding stats (total=50, active=0, idle=50, waiting=0)
2020-11-29 23:19:03.126.restartedMain> WARN  T[] U[] - spring.jpa.open-in-view is enabled by default. Therefore, database queries may be performed during view rendering. Explicitly configure spring.jpa.open-in-view to disable this warning
2020-11-29 23:19:04.047.restartedMain> DEBUG T[] U[] - initialising the handler methods
2020-11-29 23:19:04.049.restartedMain> INFO  T[] U[] - Mapped URL path [/v2/api-docs] onto method [public org.springframework.http.ResponseEntity<springfox.documentation.spring.web.json.Json> springfox.documentation.swagger2.web.Swagger2Controller.getDocumentation(java.lang.String,javax.servlet.http.HttpServletRequest)]
2020-11-29 23:19:04.847.restartedMain> DEBUG T[] U[] - Using Slf4j logging framework
2020-11-29 23:19:04.847.restartedMain> DEBUG T[] U[] - Enabling stacktrace debugging via onOperatorDebug
2020-11-29 23:19:04.921.restartedMain> DEBUG T[] U[] - [http] resources will use the default LoopResources: DefaultLoopResources {prefix=reactor-http, daemon=true, selectCount=8, workerCount=8}
2020-11-29 23:19:04.921.restartedMain> DEBUG T[] U[] - [http] resources will use the default ConnectionProvider: PooledConnectionProvider {name=http, poolFactory=reactor.netty.resources.ConnectionProvider$$Lambda$659/1814331478@74c1da29}
2020-11-29 23:19:05.090.restartedMain> INFO  T[] U[] - Context refreshed
2020-11-29 23:19:05.107.restartedMain> INFO  T[] U[] - Found 1 custom documentation plugin(s)
2020-11-29 23:19:05.126.restartedMain> DEBUG T[] U[] - Total number of request handlers 10
2020-11-29 23:19:05.126.restartedMain> DEBUG T[] U[] - Adding key: [/actuator/health/{component}/{instance}], WebMvcRequestHandler{key=RequestHandlerKey{pathMappings=[/actuator/health/{component}/{instance}], supportedMethods=[GET], supportedMediaTypes=[], producibleMediaTypes=[application/vnd.spring-boot.actuator.v2+json, application/json]}}
2020-11-29 23:19:05.127.restartedMain> DEBUG T[] U[] - Adding key: [/actuator/health/{component}], WebMvcRequestHandler{key=RequestHandlerKey{pathMappings=[/actuator/health/{component}], supportedMethods=[GET], supportedMediaTypes=[], producibleMediaTypes=[application/vnd.spring-boot.actuator.v2+json, application/json]}}
2020-11-29 23:19:05.127.restartedMain> DEBUG T[] U[] - Adding key: [/actuator/health], WebMvcRequestHandler{key=RequestHandlerKey{pathMappings=[/actuator/health], supportedMethods=[GET], supportedMediaTypes=[], producibleMediaTypes=[application/vnd.spring-boot.actuator.v2+json, application/json]}}
2020-11-29 23:19:05.127.restartedMain> DEBUG T[] U[] - Adding key: [/actuator/info], WebMvcRequestHandler{key=RequestHandlerKey{pathMappings=[/actuator/info], supportedMethods=[GET], supportedMediaTypes=[], producibleMediaTypes=[application/vnd.spring-boot.actuator.v2+json, application/json]}}
2020-11-29 23:19:05.127.restartedMain> DEBUG T[] U[] - Adding key: [/actuator], WebMvcRequestHandler{key=RequestHandlerKey{pathMappings=[/actuator], supportedMethods=[GET], supportedMediaTypes=[], producibleMediaTypes=[application/vnd.spring-boot.actuator.v2+json, application/json]}}
2020-11-29 23:19:05.127.restartedMain> DEBUG T[] U[] - Adding key: [/error], WebMvcRequestHandler{key=RequestHandlerKey{pathMappings=[/error], supportedMethods=[], supportedMediaTypes=[], producibleMediaTypes=[]}}
2020-11-29 23:19:05.127.restartedMain> DEBUG T[] U[] - Adding key: [/error], WebMvcRequestHandler{key=RequestHandlerKey{pathMappings=[/error], supportedMethods=[], supportedMediaTypes=[], producibleMediaTypes=[text/html]}}
2020-11-29 23:19:05.127.restartedMain> DEBUG T[] U[] - Adding key: [/swagger-resources/configuration/security], WebMvcRequestHandler{key=RequestHandlerKey{pathMappings=[/swagger-resources/configuration/security], supportedMethods=[], supportedMediaTypes=[], producibleMediaTypes=[]}}
2020-11-29 23:19:05.127.restartedMain> DEBUG T[] U[] - Adding key: [/swagger-resources/configuration/ui], WebMvcRequestHandler{key=RequestHandlerKey{pathMappings=[/swagger-resources/configuration/ui], supportedMethods=[], supportedMediaTypes=[], producibleMediaTypes=[]}}
2020-11-29 23:19:05.127.restartedMain> DEBUG T[] U[] - Adding key: [/swagger-resources], WebMvcRequestHandler{key=RequestHandlerKey{pathMappings=[/swagger-resources], supportedMethods=[], supportedMediaTypes=[], producibleMediaTypes=[]}}
2020-11-29 23:19:05.141.restartedMain> DEBUG T[] U[] - Combined number of request handlers 10
2020-11-29 23:19:05.141.restartedMain> INFO  T[] U[] - Scanning for api listing references
2020-11-29 23:19:05.176.restartedMain> DEBUG T[] U[] - starting undertow server io.undertow.Undertow@331d8100
2020-11-29 23:19:05.182.restartedMain> INFO  T[] U[] - XNIO version 3.3.8.Final
2020-11-29 23:19:05.192.restartedMain> INFO  T[] U[] - XNIO NIO Implementation Version 3.3.8.Final
2020-11-29 23:19:05.226.XNIO-1 I/O-2> DEBUG T[] U[] - Started channel thread 'XNIO-1 I/O-2', selector sun.nio.ch.KQueueSelectorImpl@50173f35
2020-11-29 23:19:05.226.XNIO-1 I/O-1> DEBUG T[] U[] - Started channel thread 'XNIO-1 I/O-1', selector sun.nio.ch.KQueueSelectorImpl@75fb6a41
2020-11-29 23:19:05.226.XNIO-1 I/O-4> DEBUG T[] U[] - Started channel thread 'XNIO-1 I/O-4', selector sun.nio.ch.KQueueSelectorImpl@4bacb143
2020-11-29 23:19:05.226.XNIO-1 I/O-3> DEBUG T[] U[] - Started channel thread 'XNIO-1 I/O-3', selector sun.nio.ch.KQueueSelectorImpl@7d970705
2020-11-29 23:19:05.226.XNIO-1 I/O-5> DEBUG T[] U[] - Started channel thread 'XNIO-1 I/O-5', selector sun.nio.ch.KQueueSelectorImpl@668fcbd6
2020-11-29 23:19:05.226.XNIO-1 I/O-6> DEBUG T[] U[] - Started channel thread 'XNIO-1 I/O-6', selector sun.nio.ch.KQueueSelectorImpl@2e7e7c2c
2020-11-29 23:19:05.226.XNIO-1 I/O-7> DEBUG T[] U[] - Started channel thread 'XNIO-1 I/O-7', selector sun.nio.ch.KQueueSelectorImpl@6c41e17f
2020-11-29 23:19:05.226.XNIO-1 I/O-8> DEBUG T[] U[] - Started channel thread 'XNIO-1 I/O-8', selector sun.nio.ch.KQueueSelectorImpl@2a613ca3
2020-11-29 23:19:05.226.XNIO-1 I/O-9> DEBUG T[] U[] - Started channel thread 'XNIO-1 I/O-9', selector sun.nio.ch.KQueueSelectorImpl@2458af37
2020-11-29 23:19:05.227.XNIO-1 I/O-10> DEBUG T[] U[] - Started channel thread 'XNIO-1 I/O-10', selector sun.nio.ch.KQueueSelectorImpl@4ca6f7fe
2020-11-29 23:19:05.227.XNIO-1 I/O-11> DEBUG T[] U[] - Started channel thread 'XNIO-1 I/O-11', selector sun.nio.ch.KQueueSelectorImpl@46383a7a
2020-11-29 23:19:05.227.XNIO-1 I/O-12> DEBUG T[] U[] - Started channel thread 'XNIO-1 I/O-12', selector sun.nio.ch.KQueueSelectorImpl@1814314b
2020-11-29 23:19:05.227.XNIO-1 I/O-13> DEBUG T[] U[] - Started channel thread 'XNIO-1 I/O-13', selector sun.nio.ch.KQueueSelectorImpl@6211ccbe
2020-11-29 23:19:05.227.XNIO-1 I/O-14> DEBUG T[] U[] - Started channel thread 'XNIO-1 I/O-14', selector sun.nio.ch.KQueueSelectorImpl@6cdd3b2e
2020-11-29 23:19:05.227.XNIO-1 I/O-15> DEBUG T[] U[] - Started channel thread 'XNIO-1 I/O-15', selector sun.nio.ch.KQueueSelectorImpl@7675d052
2020-11-29 23:19:05.227.XNIO-1 I/O-16> DEBUG T[] U[] - Started channel thread 'XNIO-1 I/O-16', selector sun.nio.ch.KQueueSelectorImpl@5d26679a
2020-11-29 23:19:05.227.XNIO-1 I/O-17> DEBUG T[] U[] - Started channel thread 'XNIO-1 I/O-17', selector sun.nio.ch.KQueueSelectorImpl@31f2adc0
2020-11-29 23:19:05.227.XNIO-1 I/O-18> DEBUG T[] U[] - Started channel thread 'XNIO-1 I/O-18', selector sun.nio.ch.KQueueSelectorImpl@e6824ac
2020-11-29 23:19:05.227.XNIO-1 I/O-19> DEBUG T[] U[] - Started channel thread 'XNIO-1 I/O-19', selector sun.nio.ch.KQueueSelectorImpl@66d790de
2020-11-29 23:19:05.227.XNIO-1 I/O-20> DEBUG T[] U[] - Started channel thread 'XNIO-1 I/O-20', selector sun.nio.ch.KQueueSelectorImpl@727e499f
2020-11-29 23:19:05.228.XNIO-1 I/O-21> DEBUG T[] U[] - Started channel thread 'XNIO-1 I/O-21', selector sun.nio.ch.KQueueSelectorImpl@1159d3d8
2020-11-29 23:19:05.228.XNIO-1 I/O-22> DEBUG T[] U[] - Started channel thread 'XNIO-1 I/O-22', selector sun.nio.ch.KQueueSelectorImpl@8c01b14
2020-11-29 23:19:05.228.XNIO-1 I/O-23> DEBUG T[] U[] - Started channel thread 'XNIO-1 I/O-23', selector sun.nio.ch.KQueueSelectorImpl@39e82c15
2020-11-29 23:19:05.228.XNIO-1 I/O-24> DEBUG T[] U[] - Started channel thread 'XNIO-1 I/O-24', selector sun.nio.ch.KQueueSelectorImpl@4fec7c3f
2020-11-29 23:19:05.228.XNIO-1 I/O-25> DEBUG T[] U[] - Started channel thread 'XNIO-1 I/O-25', selector sun.nio.ch.KQueueSelectorImpl@1c20cae4
2020-11-29 23:19:05.228.XNIO-1 I/O-26> DEBUG T[] U[] - Started channel thread 'XNIO-1 I/O-26', selector sun.nio.ch.KQueueSelectorImpl@6c3d0acf
2020-11-29 23:19:05.228.XNIO-1 I/O-27> DEBUG T[] U[] - Started channel thread 'XNIO-1 I/O-27', selector sun.nio.ch.KQueueSelectorImpl@35e5723b
2020-11-29 23:19:05.228.XNIO-1 I/O-28> DEBUG T[] U[] - Started channel thread 'XNIO-1 I/O-28', selector sun.nio.ch.KQueueSelectorImpl@57d4fd14
2020-11-29 23:19:05.228.XNIO-1 I/O-29> DEBUG T[] U[] - Started channel thread 'XNIO-1 I/O-29', selector sun.nio.ch.KQueueSelectorImpl@4d3f9ceb
2020-11-29 23:19:05.228.XNIO-1 I/O-30> DEBUG T[] U[] - Started channel thread 'XNIO-1 I/O-30', selector sun.nio.ch.KQueueSelectorImpl@3975fb08
2020-11-29 23:19:05.228.XNIO-1 I/O-32> DEBUG T[] U[] - Started channel thread 'XNIO-1 I/O-32', selector sun.nio.ch.KQueueSelectorImpl@31d9de85
2020-11-29 23:19:05.228.XNIO-1 I/O-31> DEBUG T[] U[] - Started channel thread 'XNIO-1 I/O-31', selector sun.nio.ch.KQueueSelectorImpl@535b8080
2020-11-29 23:19:05.228.XNIO-1 Accept> DEBUG T[] U[] - Started channel thread 'XNIO-1 Accept', selector sun.nio.ch.KQueueSelectorImpl@ae87a20
2020-11-29 23:19:05.229.restartedMain> DEBUG T[] U[] - Configuring listener with protocol HTTP for interface 0.0.0.0 and port 10340
2020-11-29 23:19:05.283.restartedMain> INFO  T[] U[] - Started KotlinProjectKt in 8.713 seconds (JVM running for 9.605)
2020-11-29 23:19:05.488.RMI TCP Connection(2)-127.0.0.1> INFO  T[] U[] - Initializing Spring DispatcherServlet 'dispatcherServlet'
2020-11-29 23:19:30.190.HikariPool-1 housekeeper> DEBUG T[] U[] - HikariPool-1 - Pool stats (total=50, active=0, idle=50, waiting=0)
2020-11-29 23:20:00.193.HikariPool-1 housekeeper> DEBUG T[] U[] - HikariPool-1 - Pool stats (total=50, active=0, idle=50, waiting=0)
2020-11-29 23:20:30.197.HikariPool-1 housekeeper> DEBUG T[] U[] - HikariPool-1 - Pool stats (total=50, active=0, idle=50, waiting=0)
2020-11-29 23:21:00.197.HikariPool-1 housekeeper> DEBUG T[] U[] - HikariPool-1 - Pool stats (total=50, active=0, idle=50, waiting=0)
2020-11-29 23:21:30.201.HikariPool-1 housekeeper> DEBUG T[] U[] - HikariPool-1 - Pool stats (total=50, active=0, idle=50, waiting=0)
2020-11-29 23:22:00.204.HikariPool-1 housekeeper> DEBUG T[] U[] - HikariPool-1 - Pool stats (total=50, active=0, idle=50, waiting=0)
2020-11-29 23:22:30.204.HikariPool-1 housekeeper> DEBUG T[] U[] - HikariPool-1 - Pool stats (total=50, active=0, idle=50, waiting=0)
2020-11-29 23:23:00.205.HikariPool-1 housekeeper> DEBUG T[] U[] - HikariPool-1 - Pool stats (total=50, active=0, idle=50, waiting=0)
2020-11-29 23:23:30.208.HikariPool-1 housekeeper> DEBUG T[] U[] - HikariPool-1 - Pool stats (total=50, active=0, idle=50, waiting=0)
2020-11-29 23:24:00.208.HikariPool-1 housekeeper> DEBUG T[] U[] - HikariPool-1 - Pool stats (total=50, active=0, idle=50, waiting=0)
2020-11-29 23:24:30.208.HikariPool-1 housekeeper> DEBUG T[] U[] - HikariPool-1 - Pool stats (total=50, active=0, idle=50, waiting=0)
2020-11-29 23:24:51.415.Thread-26> INFO  T[] U[] - HikariPool-1 - Shutdown initiated...
2020-11-29 23:24:51.416.Thread-26> DEBUG T[] U[] - HikariPool-1 - Before shutdown stats (total=50, active=0, idle=50, waiting=0)
2020-11-29 23:24:51.419.HikariPool-1 connection closer> DEBUG T[] U[] - HikariPool-1 - Closing connection oracle.jdbc.driver.T4CConnection@d0010a2: (connection evicted)
2020-11-29 23:24:51.430.HikariPool-1 connection closer> DEBUG T[] U[] - HikariPool-1 - Closing connection oracle.jdbc.driver.T4CConnection@39168d8d: (connection evicted)
2020-11-29 23:24:51.433.HikariPool-1 connection closer> DEBUG T[] U[] - HikariPool-1 - Closing connection oracle.jdbc.driver.T4CConnection@44eeacf9: (connection evicted)
2020-11-29 23:24:51.440.HikariPool-1 connection closer> DEBUG T[] U[] - HikariPool-1 - Closing connection oracle.jdbc.driver.T4CConnection@180478f9: (connection evicted)
2020-11-29 23:24:51.444.HikariPool-1 connection closer> DEBUG T[] U[] - HikariPool-1 - Closing connection oracle.jdbc.driver.T4CConnection@27b263fb: (connection evicted)
2020-11-29 23:24:51.448.HikariPool-1 connection closer> DEBUG T[] U[] - HikariPool-1 - Closing connection oracle.jdbc.driver.T4CConnection@14f83883: (connection evicted)
2020-11-29 23:24:51.452.HikariPool-1 connection closer> DEBUG T[] U[] - HikariPool-1 - Closing connection oracle.jdbc.driver.T4CConnection@7829d7e1: (connection evicted)
2020-11-29 23:24:51.455.HikariPool-1 connection closer> DEBUG T[] U[] - HikariPool-1 - Closing connection oracle.jdbc.driver.T4CConnection@43c91e26: (connection evicted)
2020-11-29 23:24:51.459.HikariPool-1 connection closer> DEBUG T[] U[] - HikariPool-1 - Closing connection oracle.jdbc.driver.T4CConnection@aedbbaa: (connection evicted)
2020-11-29 23:24:51.462.HikariPool-1 connection closer> DEBUG T[] U[] - HikariPool-1 - Closing connection oracle.jdbc.driver.T4CConnection@6670d22c: (connection evicted)
2020-11-29 23:24:51.465.HikariPool-1 connection closer> DEBUG T[] U[] - HikariPool-1 - Closing connection oracle.jdbc.driver.T4CConnection@50f3338a: (connection evicted)
2020-11-29 23:24:51.469.HikariPool-1 connection closer> DEBUG T[] U[] - HikariPool-1 - Closing connection oracle.jdbc.driver.T4CConnection@2fccc9a6: (connection evicted)
2020-11-29 23:24:51.472.HikariPool-1 connection closer> DEBUG T[] U[] - HikariPool-1 - Closing connection oracle.jdbc.driver.T4CConnection@4371fbf7: (connection evicted)
2020-11-29 23:24:51.477.HikariPool-1 connection closer> DEBUG T[] U[] - HikariPool-1 - Closing connection oracle.jdbc.driver.T4CConnection@2530d75c: (connection evicted)
2020-11-29 23:24:51.480.HikariPool-1 connection closer> DEBUG T[] U[] - HikariPool-1 - Closing connection oracle.jdbc.driver.T4CConnection@7ac0cc93: (connection evicted)
2020-11-29 23:24:51.483.HikariPool-1 connection closer> DEBUG T[] U[] - HikariPool-1 - Closing connection oracle.jdbc.driver.T4CConnection@20f258c1: (connection evicted)
2020-11-29 23:24:51.488.HikariPool-1 connection closer> DEBUG T[] U[] - HikariPool-1 - Closing connection oracle.jdbc.driver.T4CConnection@738fe41c: (connection evicted)
2020-11-29 23:24:51.491.HikariPool-1 connection closer> DEBUG T[] U[] - HikariPool-1 - Closing connection oracle.jdbc.driver.T4CConnection@24c15b7f: (connection evicted)
2020-11-29 23:24:51.495.HikariPool-1 connection closer> DEBUG T[] U[] - HikariPool-1 - Closing connection oracle.jdbc.driver.T4CConnection@1121772: (connection evicted)
2020-11-29 23:24:51.502.HikariPool-1 connection closer> DEBUG T[] U[] - HikariPool-1 - Closing connection oracle.jdbc.driver.T4CConnection@71f9f24: (connection evicted)
2020-11-29 23:24:51.505.HikariPool-1 connection closer> DEBUG T[] U[] - HikariPool-1 - Closing connection oracle.jdbc.driver.T4CConnection@7bd0cc98: (connection evicted)
2020-11-29 23:24:51.509.HikariPool-1 connection closer> DEBUG T[] U[] - HikariPool-1 - Closing connection oracle.jdbc.driver.T4CConnection@5eaf8d31: (connection evicted)
2020-11-29 23:24:51.512.HikariPool-1 connection closer> DEBUG T[] U[] - HikariPool-1 - Closing connection oracle.jdbc.driver.T4CConnection@201881ab: (connection evicted)
2020-11-29 23:24:51.515.HikariPool-1 connection closer> DEBUG T[] U[] - HikariPool-1 - Closing connection oracle.jdbc.driver.T4CConnection@783614fb: (connection evicted)
2020-11-29 23:24:51.518.HikariPool-1 connection closer> DEBUG T[] U[] - HikariPool-1 - Closing connection oracle.jdbc.driver.T4CConnection@33b3b328: (connection evicted)
2020-11-29 23:24:51.523.HikariPool-1 connection closer> DEBUG T[] U[] - HikariPool-1 - Closing connection oracle.jdbc.driver.T4CConnection@5c08d47d: (connection evicted)
2020-11-29 23:24:51.530.HikariPool-1 connection closer> DEBUG T[] U[] - HikariPool-1 - Closing connection oracle.jdbc.driver.T4CConnection@1ae7b349: (connection evicted)
2020-11-29 23:24:51.533.HikariPool-1 connection closer> DEBUG T[] U[] - HikariPool-1 - Closing connection oracle.jdbc.driver.T4CConnection@efdbde: (connection evicted)
2020-11-29 23:24:51.537.HikariPool-1 connection closer> DEBUG T[] U[] - HikariPool-1 - Closing connection oracle.jdbc.driver.T4CConnection@4de877d2: (connection evicted)
2020-11-29 23:24:51.539.HikariPool-1 connection closer> DEBUG T[] U[] - HikariPool-1 - Closing connection oracle.jdbc.driver.T4CConnection@69d90652: (connection evicted)
2020-11-29 23:24:51.542.HikariPool-1 connection closer> DEBUG T[] U[] - HikariPool-1 - Closing connection oracle.jdbc.driver.T4CConnection@762d1b90: (connection evicted)
2020-11-29 23:24:51.545.HikariPool-1 connection closer> DEBUG T[] U[] - HikariPool-1 - Closing connection oracle.jdbc.driver.T4CConnection@2e77b43: (connection evicted)
2020-11-29 23:24:51.549.HikariPool-1 connection closer> DEBUG T[] U[] - HikariPool-1 - Closing connection oracle.jdbc.driver.T4CConnection@3e0ce924: (connection evicted)
2020-11-29 23:24:51.553.HikariPool-1 connection closer> DEBUG T[] U[] - HikariPool-1 - Closing connection oracle.jdbc.driver.T4CConnection@155223ee: (connection evicted)
2020-11-29 23:24:51.557.HikariPool-1 connection closer> DEBUG T[] U[] - HikariPool-1 - Closing connection oracle.jdbc.driver.T4CConnection@71a562b5: (connection evicted)
2020-11-29 23:24:51.561.HikariPool-1 connection closer> DEBUG T[] U[] - HikariPool-1 - Closing connection oracle.jdbc.driver.T4CConnection@53f868f4: (connection evicted)
2020-11-29 23:24:51.564.HikariPool-1 connection closer> DEBUG T[] U[] - HikariPool-1 - Closing connection oracle.jdbc.driver.T4CConnection@62a48788: (connection evicted)
2020-11-29 23:24:51.570.HikariPool-1 connection closer> DEBUG T[] U[] - HikariPool-1 - Closing connection oracle.jdbc.driver.T4CConnection@3f59fe4b: (connection evicted)
2020-11-29 23:24:51.574.HikariPool-1 connection closer> DEBUG T[] U[] - HikariPool-1 - Closing connection oracle.jdbc.driver.T4CConnection@3a9fcd1: (connection evicted)
2020-11-29 23:24:51.577.HikariPool-1 connection closer> DEBUG T[] U[] - HikariPool-1 - Closing connection oracle.jdbc.driver.T4CConnection@526b2e04: (connection evicted)
2020-11-29 23:24:51.580.HikariPool-1 connection closer> DEBUG T[] U[] - HikariPool-1 - Closing connection oracle.jdbc.driver.T4CConnection@79f9fd38: (connection evicted)
2020-11-29 23:24:51.583.HikariPool-1 connection closer> DEBUG T[] U[] - HikariPool-1 - Closing connection oracle.jdbc.driver.T4CConnection@74e2cb53: (connection evicted)
2020-11-29 23:24:51.586.HikariPool-1 connection closer> DEBUG T[] U[] - HikariPool-1 - Closing connection oracle.jdbc.driver.T4CConnection@53aa163f: (connection evicted)
2020-11-29 23:24:51.589.HikariPool-1 connection closer> DEBUG T[] U[] - HikariPool-1 - Closing connection oracle.jdbc.driver.T4CConnection@6ef5372a: (connection evicted)
2020-11-29 23:24:51.594.HikariPool-1 connection closer> DEBUG T[] U[] - HikariPool-1 - Closing connection oracle.jdbc.driver.T4CConnection@31b4006a: (connection evicted)
2020-11-29 23:24:51.613.HikariPool-1 connection closer> DEBUG T[] U[] - HikariPool-1 - Closing connection oracle.jdbc.driver.T4CConnection@2314b3d3: (connection evicted)
2020-11-29 23:24:51.621.HikariPool-1 connection closer> DEBUG T[] U[] - HikariPool-1 - Closing connection oracle.jdbc.driver.T4CConnection@a75fb20: (connection evicted)
2020-11-29 23:24:51.626.HikariPool-1 connection closer> DEBUG T[] U[] - HikariPool-1 - Closing connection oracle.jdbc.driver.T4CConnection@44cec412: (connection evicted)
2020-11-29 23:24:51.633.HikariPool-1 connection closer> DEBUG T[] U[] - HikariPool-1 - Closing connection oracle.jdbc.driver.T4CConnection@7038a2df: (connection evicted)
2020-11-29 23:24:51.639.HikariPool-1 connection closer> DEBUG T[] U[] - HikariPool-1 - Closing connection oracle.jdbc.driver.T4CConnection@1ec91619: (connection evicted)
2020-11-29 23:24:51.645.Thread-26> DEBUG T[] U[] - HikariPool-1 - After shutdown stats (total=0, active=0, idle=0, waiting=0)
2020-11-29 23:24:51.646.Thread-26> INFO  T[] U[] - HikariPool-1 - Shutdown completed.
2020-11-29 23:24:51.654.Thread-26> INFO  T[] U[] - Destroying Spring FrameworkServlet 'dispatcherServlet'
2020-11-29 23:24:51.663.Thread-26> DEBUG T[] U[] - stopping undertow server io.undertow.Undertow@331d8100
